<?xml version="1.0" encoding="utf-8"?>
<test-run id="2" testcasecount="99" result="Passed" total="99" passed="99" failed="0" inconclusive="0" skipped="0" asserts="0" engine-version="3.5.0.0" clr-version="4.0.30319.42000" start-time="2025-03-24 03:54:46Z" end-time="2025-03-24 03:55:35Z" duration="48.1201553">
  <test-suite type="TestSuite" id="1310" name="core.utils" fullname="core.utils" runstate="Runnable" testcasecount="282" result="Passed" start-time="2025-03-24 03:54:46Z" end-time="2025-03-24 03:55:35Z" duration="48.120155" total="99" passed="99" failed="0" inconclusive="0" skipped="0" asserts="0">
    <properties>
      <property name="platform" value="EditMode" />
    </properties>
    <test-suite type="Assembly" id="1297" name="TByd.Core.Utils.Tests.Editor.dll" fullname="H:/TYPersonal/TByd-Core-Projects/TByd.Core.Utils/Library/ScriptAssemblies/TByd.Core.Utils.Tests.Editor.dll" runstate="Runnable" testcasecount="282" result="Passed" start-time="2025-03-24 03:54:46Z" end-time="2025-03-24 03:55:35Z" duration="48.104613" total="99" passed="99" failed="0" inconclusive="0" skipped="0" asserts="0">
      <properties>
        <property name="_PID" value="724" />
        <property name="_APPDOMAIN" value="Unity Child Domain" />
        <property name="platform" value="EditMode" />
        <property name="EditorOnly" value="True" />
      </properties>
      <test-suite type="TestSuite" id="1298" name="TByd" fullname="TByd" runstate="Runnable" testcasecount="282" result="Passed" start-time="2025-03-24 03:54:46Z" end-time="2025-03-24 03:55:35Z" duration="48.097209" total="99" passed="99" failed="0" inconclusive="0" skipped="0" asserts="0">
        <properties />
        <test-suite type="TestSuite" id="1299" name="Core" fullname="TByd.Core" runstate="Runnable" testcasecount="282" result="Passed" start-time="2025-03-24 03:54:46Z" end-time="2025-03-24 03:55:35Z" duration="48.092222" total="99" passed="99" failed="0" inconclusive="0" skipped="0" asserts="0">
          <properties />
          <test-suite type="TestSuite" id="1300" name="Utils" fullname="TByd.Core.Utils" runstate="Runnable" testcasecount="282" result="Passed" start-time="2025-03-24 03:54:46Z" end-time="2025-03-24 03:55:35Z" duration="48.085352" total="99" passed="99" failed="0" inconclusive="0" skipped="0" asserts="0">
            <properties />
            <test-suite type="TestSuite" id="1301" name="Tests" fullname="TByd.Core.Utils.Tests" runstate="Runnable" testcasecount="282" result="Passed" start-time="2025-03-24 03:54:46Z" end-time="2025-03-24 03:55:35Z" duration="48.078871" total="99" passed="99" failed="0" inconclusive="0" skipped="0" asserts="0">
              <properties />
              <test-suite type="TestSuite" id="1302" name="Editor" fullname="TByd.Core.Utils.Tests.Editor" runstate="Runnable" testcasecount="282" result="Passed" start-time="2025-03-24 03:54:46Z" end-time="2025-03-24 03:55:35Z" duration="48.072720" total="99" passed="99" failed="0" inconclusive="0" skipped="0" asserts="0">
                <properties />
                <test-suite type="TestSuite" id="1304" name="Performance" fullname="TByd.Core.Utils.Tests.Editor.Performance" runstate="Runnable" testcasecount="99" result="Passed" start-time="2025-03-24 03:54:46Z" end-time="2025-03-24 03:55:35Z" duration="48.067103" total="99" passed="99" failed="0" inconclusive="0" skipped="0" asserts="0">
                  <properties />
                  <test-suite type="TestFixture" id="1191" name="CollectionUtilsPerformanceTests" fullname="TByd.Core.Utils.Tests.Editor.Performance.CollectionUtilsPerformanceTests" classname="TByd.Core.Utils.Tests.Editor.Performance.CollectionUtilsPerformanceTests" runstate="Runnable" testcasecount="18" result="Passed" start-time="2025-03-24 03:54:46Z" end-time="2025-03-24 03:54:52Z" duration="5.257229" total="18" passed="18" failed="0" inconclusive="0" skipped="0" asserts="0">
                    <properties />
                    <test-case id="1208" name="CollectionMethods_SizeComparison_Performance" fullname="TByd.Core.Utils.Tests.Editor.Performance.CollectionUtilsPerformanceTests.CollectionMethods_SizeComparison_Performance" methodname="CollectionMethods_SizeComparison_Performance" classname="TByd.Core.Utils.Tests.Editor.Performance.CollectionUtilsPerformanceTests" runstate="Runnable" seed="2142646286" result="Passed" start-time="2025-03-24 03:54:47Z" end-time="2025-03-24 03:54:47Z" duration="0.594452" asserts="0">
                      <properties>
                        <property name="Category" value="Performance" />
                        <property name="retryIteration" value="0" />
                        <property name="repeatIteration" value="0" />
                      </properties>
                      <output><![CDATA[Time.GC() in Undefineds
Min:		14.00 
Median:		118.00 
Max:		1025.00 
Avg:		385.74 
StdDev:		452.79 
SampleCount:	39
Sum:		15044.00 
First samples:	▁▁▁▁▁▁▁▁▁▁▁▁▁▂▂▂▂▂▂▂▂▂▂▂▂▂█████████████
Histogram:	██▁▁▁▁▁▁█

Time in Milliseconds
Min:		0.03 ms
Median:		0.08 ms
Max:		0.55 ms
Avg:		0.20 ms
StdDev:		0.21 ms
SampleCount:	30
Sum:		6.08 ms
First samples:	▁▁▁▁▁▁▁▁▁▁▂▂▂▂▂▂▂▂▂▂▇██▇▇▇▇▇▇▇
Histogram:	█▇▁▁▁▃▂▁▅


##performancetestresult2:{"Name":"TByd.Core.Utils.Tests.Editor.Performance.CollectionUtilsPerformanceTests.CollectionMethods_SizeComparison_Performance","ClassName":"TByd.Core.Utils.Tests.Editor.Performance.CollectionUtilsPerformanceTests","MethodName":"CollectionMethods_SizeComparison_Performance","Version":"1","Categories":["Performance"],"SampleGroups":[{"Name":"Time.GC()","Unit":8,"IncreaseIsBetter":false,"Samples":[19.0,16.0,16.0,16.0,16.0,14.0,16.0,16.0,16.0,16.0,16.0,16.0,16.0,109.0,118.0,118.0,118.0,118.0,124.0,118.0,118.0,118.0,118.0,118.0,118.0,118.0,1025.0,1024.0,1024.0,1024.0,1023.0,1023.0,1023.0,1023.0,1023.0,1023.0,1023.0,1023.0,1023.0],"Min":14.0,"Max":1025.0,"Median":118.0,"Average":385.7435897435897,"StandardDeviation":452.7913833299866,"Sum":15044.0},{"Name":"Time","Unit":2,"IncreaseIsBetter":false,"Samples":[0.03380000000000649,0.03310000000000457,0.030500000000003526,0.033699999999996069,0.03300000000001546,0.03120000000001255,0.03659999999999286,0.03669999999999618,0.03460000000001173,0.03440000000000509,0.0759000000000043,0.07979999999999166,0.07920000000000016,0.07739999999999725,0.07779999999999632,0.07930000000000348,0.07339999999999236,0.07630000000000337,0.07510000000002037,0.07579999999998677,0.4917000000000016,0.5531000000000006,0.5197000000000003,0.49209999999999357,0.4818000000000069,0.4843999999999937,0.4876000000000005,0.4825000000000017,0.4922000000000111,0.4848999999999819],"Min":0.030500000000003526,"Max":0.5531000000000006,"Median":0.07685000000000031,"Average":0.20258666666666776,"StandardDeviation":0.20929911726734125,"Sum":6.077600000000032}]}
##performancetestruninfo2:{"TestSuite":"Editmode","Date":1742788486847,"Player":{"Development":true,"ScreenWidth":1920,"ScreenHeight":1080,"ScreenRefreshRate":60,"Fullscreen":false,"Vsync":1,"AntiAliasing":2,"Batchmode":false,"RenderThreadingMode":"MultiThreaded","GpuSkinning":true,"Platform":"WindowsEditor","ColorSpace":"Gamma","AnisotropicFiltering":"ForceEnable","BlendWeights":"FourBones","GraphicsApi":"Direct3D11","ScriptingBackend":"Mono2x","AndroidTargetSdkVersion":"AndroidApiLevelAuto","AndroidBuildSystem":"Gradle","BuildTarget":"Android","StereoRenderingPath":"MultiPass"},"Hardware":{"OperatingSystem":"Windows 10  (10.0.19045) 64bit","DeviceModel":"System Product Name (System manufacturer)","DeviceName":"SK-20230404XTDL","ProcessorType":"Intel(R) Core(TM) i5-9400 CPU @ 2.90GHz","ProcessorCount":6,"GraphicsDeviceName":"NVIDIA GeForce GTX 1050 Ti","SystemMemorySizeMB":32701},"Editor":{"Version":"2021.3.8f1","Branch":"2021.3/staging","Changeset":"b30333d56e81","Date":1658911624},"Dependencies":["com.cysharp.unitask@2.5.10","com.unity.collab-proxy@1.17.1","com.unity.feature.development@1.0.1","com.unity.ide.rider@3.0.34","com.unity.test-framework@1.4.6","com.unity.test-framework.performance@3.0.2","com.unity.textmeshpro@3.0.6","com.unity.timeline@1.6.4","com.unity.ugui@1.0.0","com.unity.visualscripting@1.7.8","com.unity.modules.ai@1.0.0","com.unity.modules.androidjni@1.0.0","com.unity.modules.animation@1.0.0","com.unity.modules.assetbundle@1.0.0","com.unity.modules.audio@1.0.0","com.unity.modules.cloth@1.0.0","com.unity.modules.director@1.0.0","com.unity.modules.imageconversion@1.0.0","com.unity.modules.imgui@1.0.0","com.unity.modules.jsonserialize@1.0.0","com.unity.modules.particlesystem@1.0.0","com.unity.modules.physics@1.0.0","com.unity.modules.physics2d@1.0.0","com.unity.modules.screencapture@1.0.0","com.unity.modules.terrain@1.0.0","com.unity.modules.terrainphysics@1.0.0","com.unity.modules.tilemap@1.0.0","com.unity.modules.ui@1.0.0","com.unity.modules.uielements@1.0.0","com.unity.modules.umbra@1.0.0","com.unity.modules.unityanalytics@1.0.0","com.unity.modules.unitywebrequest@1.0.0","com.unity.modules.unitywebrequestassetbundle@1.0.0","com.unity.modules.unitywebrequestaudio@1.0.0","com.unity.modules.unitywebrequesttexture@1.0.0","com.unity.modules.unitywebrequestwww@1.0.0","com.unity.modules.vehicles@1.0.0","com.unity.modules.video@1.0.0","com.unity.modules.vr@1.0.0","com.unity.modules.wind@1.0.0","com.unity.modules.xr@1.0.0","com.unity.modules.subsystems@1.0.0","com.unity.modules.uielementsnative@1.0.0","com.unity.ext.nunit@2.0.3","com.unity.ide.visualstudio@2.0.16","com.unity.ide.vscode@1.2.5","com.unity.editorcoroutines@1.0.0","com.unity.performance.profile-analyzer@1.1.1","com.unity.testtools.codecoverage@1.0.1","com.unity.services.core@1.4.2","com.unity.settings-manager@1.0.3","com.unity.nuget.newtonsoft-json@3.0.2"],"Results":[]}
]]></output>
                    </test-case>
                    <test-case id="1209" name="CollectionUtils_GCAllocation" fullname="TByd.Core.Utils.Tests.Editor.Performance.CollectionUtilsPerformanceTests.CollectionUtils_GCAllocation" methodname="CollectionUtils_GCAllocation" classname="TByd.Core.Utils.Tests.Editor.Performance.CollectionUtilsPerformanceTests" runstate="Runnable" seed="1695425495" result="Passed" start-time="2025-03-24 03:54:47Z" end-time="2025-03-24 03:54:47Z" duration="0.209140" asserts="0">
                      <properties>
                        <property name="Category" value="Performance" />
                        <property name="retryIteration" value="0" />
                        <property name="repeatIteration" value="0" />
                      </properties>
                      <output><![CDATA[
##performancetestresult2:{"Name":"TByd.Core.Utils.Tests.Editor.Performance.CollectionUtilsPerformanceTests.CollectionUtils_GCAllocation","ClassName":"TByd.Core.Utils.Tests.Editor.Performance.CollectionUtilsPerformanceTests","MethodName":"CollectionUtils_GCAllocation","Version":"1","Categories":["Performance"],"SampleGroups":[]}
]]></output>
                    </test-case>
                    <test-case id="1207" name="DeepCopy_GCAllocation" fullname="TByd.Core.Utils.Tests.Editor.Performance.CollectionUtilsPerformanceTests.DeepCopy_GCAllocation" methodname="DeepCopy_GCAllocation" classname="TByd.Core.Utils.Tests.Editor.Performance.CollectionUtilsPerformanceTests" runstate="Runnable" seed="1850538815" result="Passed" start-time="2025-03-24 03:54:47Z" end-time="2025-03-24 03:54:47Z" duration="0.095994" asserts="0">
                      <properties>
                        <property name="Category" value="Performance" />
                        <property name="retryIteration" value="0" />
                        <property name="repeatIteration" value="0" />
                      </properties>
                      <output><![CDATA[
##performancetestresult2:{"Name":"TByd.Core.Utils.Tests.Editor.Performance.CollectionUtilsPerformanceTests.DeepCopy_GCAllocation","ClassName":"TByd.Core.Utils.Tests.Editor.Performance.CollectionUtilsPerformanceTests","MethodName":"DeepCopy_GCAllocation","Version":"1","Categories":["Performance"],"SampleGroups":[]}
]]></output>
                    </test-case>
                    <test-case id="1206" name="DeepCopy_Performance" fullname="TByd.Core.Utils.Tests.Editor.Performance.CollectionUtilsPerformanceTests.DeepCopy_Performance" methodname="DeepCopy_Performance" classname="TByd.Core.Utils.Tests.Editor.Performance.CollectionUtilsPerformanceTests" runstate="Runnable" seed="810048745" result="Passed" start-time="2025-03-24 03:54:47Z" end-time="2025-03-24 03:54:48Z" duration="0.269888" asserts="0">
                      <properties>
                        <property name="Category" value="Performance" />
                        <property name="retryIteration" value="0" />
                        <property name="repeatIteration" value="0" />
                      </properties>
                      <output><![CDATA[DeepCopy_性能 in Milliseconds
Min:		0.20 ms
Median:		0.21 ms
Max:		0.22 ms
Avg:		0.21 ms
StdDev:		0.01 ms
SampleCount:	10
Sum:		2.07 ms
First samples:	▅█▃▃▂▁▁▁▄▂
(not enough samples for histogram)

DeepCopy_性能_GC in Bytes
Min:		0.00 b
Median:		0.00 b
Max:		0.00 b
Avg:		0.00 b
StdDev:		0.00 b
SampleCount:	10
Sum:		0.00 b
First samples:	▁▁▁▁▁▁▁▁▁▁
(not enough samples for histogram)

DeepCopy_性能_优化 in Milliseconds
Min:		0.24 ms
Median:		0.25 ms
Max:		0.30 ms
Avg:		0.26 ms
StdDev:		0.02 ms
SampleCount:	10
Sum:		2.56 ms
First samples:	▂▃▁▂▁▂▁▁▁█
(not enough samples for histogram)

DeepCopy_性能_优化_GC in Bytes
Min:		0.00 b
Median:		0.00 b
Max:		0.00 b
Avg:		0.00 b
StdDev:		0.00 b
SampleCount:	10
Sum:		0.00 b
First samples:	▁▁▁▁▁▁▁▁▁▁
(not enough samples for histogram)


##performancetestresult2:{"Name":"TByd.Core.Utils.Tests.Editor.Performance.CollectionUtilsPerformanceTests.DeepCopy_Performance","ClassName":"TByd.Core.Utils.Tests.Editor.Performance.CollectionUtilsPerformanceTests","MethodName":"DeepCopy_Performance","Version":"1","Categories":["Performance"],"SampleGroups":[{"Name":"DeepCopy_性能","Unit":2,"IncreaseIsBetter":false,"Samples":[0.21195411682128907,0.22113323211669923,0.20778179168701173,0.2065896987915039,0.2034902572631836,0.20170211791992188,0.20062923431396485,0.20170211791992188,0.21004676818847657,0.20432472229003907],"Min":0.20062923431396485,"Max":0.22113323211669923,"Median":0.20545721054077149,"Average":0.20693540573120118,"StandardDeviation":0.005920382677369647,"Sum":2.0693540573120119},{"Name":"DeepCopy_性能_GC","Unit":4,"IncreaseIsBetter":false,"Samples":[0.0,0.0,0.0,0.0,0.0,0.0,0.0,0.0,0.0,0.0],"Min":0.0,"Max":0.0,"Median":0.0,"Average":0.0,"StandardDeviation":0.0,"Sum":0.0},{"Name":"DeepCopy_性能_优化","Unit":2,"IncreaseIsBetter":false,"Samples":[0.25594234466552737,0.2650022506713867,0.24771690368652345,0.25010108947753909,0.24497509002685548,0.25475025177001955,0.2448558807373047,0.24616718292236329,0.24890899658203126,0.30171871185302737],"Min":0.2448558807373047,"Max":0.30171871185302737,"Median":0.24950504302978517,"Average":0.2560138702392578,"StandardDeviation":0.01633682308986219,"Sum":2.560138702392578},{"Name":"DeepCopy_性能_优化_GC","Unit":4,"IncreaseIsBetter":false,"Samples":[0.0,0.0,0.0,0.0,0.0,0.0,0.0,0.0,0.0,0.0],"Min":0.0,"Max":0.0,"Median":0.0,"Average":0.0,"StandardDeviation":0.0,"Sum":0.0}]}
]]></output>
                    </test-case>
                    <test-case id="1195" name="ForEach_GCAllocation" fullname="TByd.Core.Utils.Tests.Editor.Performance.CollectionUtilsPerformanceTests.ForEach_GCAllocation" methodname="ForEach_GCAllocation" classname="TByd.Core.Utils.Tests.Editor.Performance.CollectionUtilsPerformanceTests" runstate="Runnable" seed="970966998" result="Passed" start-time="2025-03-24 03:54:48Z" end-time="2025-03-24 03:54:48Z" duration="0.070180" asserts="0">
                      <properties>
                        <property name="Category" value="Performance" />
                        <property name="retryIteration" value="0" />
                        <property name="repeatIteration" value="0" />
                      </properties>
                      <output><![CDATA[
##performancetestresult2:{"Name":"TByd.Core.Utils.Tests.Editor.Performance.CollectionUtilsPerformanceTests.ForEach_GCAllocation","ClassName":"TByd.Core.Utils.Tests.Editor.Performance.CollectionUtilsPerformanceTests","MethodName":"ForEach_GCAllocation","Version":"1","Categories":["Performance"],"SampleGroups":[]}
]]></output>
                    </test-case>
                    <test-case id="1194" name="ForEach_Performance" fullname="TByd.Core.Utils.Tests.Editor.Performance.CollectionUtilsPerformanceTests.ForEach_Performance" methodname="ForEach_Performance" classname="TByd.Core.Utils.Tests.Editor.Performance.CollectionUtilsPerformanceTests" runstate="Runnable" seed="1969796631" result="Passed" start-time="2025-03-24 03:54:48Z" end-time="2025-03-24 03:54:48Z" duration="0.613034" asserts="0">
                      <properties>
                        <property name="Category" value="Performance" />
                        <property name="retryIteration" value="0" />
                        <property name="repeatIteration" value="0" />
                      </properties>
                      <output><![CDATA[Time.GC() in Undefineds
Min:		0.00 
Median:		3.00 
Max:		5.00 
Avg:		2.29 
StdDev:		1.52 
SampleCount:	52
Sum:		119.00 
First samples:	█▅▅▅▅▅▅█▅▅▅▅███▅▅▅▇▅▅▅▅▇▅▅▂▁▁▁▁▁▁▁▁▁▁▁▁▇▄▄▄▄▄▄▄▄▄▄▄▄
Histogram:	▅▁▁▁▅█▁▂▁▃

Time in Milliseconds
Min:		0.00 ms
Median:		0.01 ms
Max:		0.26 ms
Avg:		0.01 ms
StdDev:		0.04 ms
SampleCount:	40
Sum:		0.60 ms
First samples:	▁▁▁▁▁▁▁▁▁▁▁▁▁▁▁▁▁█▁▁▁▁▁▁▁▁▁▁▁▁▁▁▁▁▁▁▁▁▁▁
Histogram:	█▁▁▁▃▄▁▁▁▂


##performancetestresult2:{"Name":"TByd.Core.Utils.Tests.Editor.Performance.CollectionUtilsPerformanceTests.ForEach_Performance","ClassName":"TByd.Core.Utils.Tests.Editor.Performance.CollectionUtilsPerformanceTests","MethodName":"ForEach_Performance","Version":"1","Categories":["Performance"],"SampleGroups":[{"Name":"Time.GC()","Unit":8,"IncreaseIsBetter":false,"Samples":[5.0,3.0,3.0,3.0,3.0,3.0,3.0,5.0,3.0,3.0,3.0,3.0,5.0,5.0,5.0,3.0,3.0,3.0,4.0,3.0,3.0,3.0,3.0,4.0,3.0,3.0,1.0,0.0,0.0,0.0,0.0,0.0,0.0,0.0,0.0,0.0,0.0,0.0,0.0,4.0,2.0,2.0,2.0,2.0,2.0,2.0,2.0,2.0,2.0,2.0,2.0,2.0],"Min":0.0,"Max":5.0,"Median":3.0,"Average":2.2884615384615385,"StandardDeviation":1.5233634151687359,"Sum":119.0},{"Name":"Time","Unit":2,"IncreaseIsBetter":false,"Samples":[0.010000000000005116,0.011399999999994748,0.010199999999997545,0.01100000000000989,0.008300000000005526,0.01100000000000989,0.009799999999998477,0.009800000000012688,0.01310000000000855,0.008799999999979491,0.01120000000000232,0.011600000000001387,0.013400000000004298,0.012199999999992884,0.011099999999999,0.012200000000007094,0.011600000000001387,0.2628999999999877,0.01099999999999568,0.011300000000005639,0.005200000000002092,0.004100000000001103,0.0045000000000001709,0.004699999999999704,0.004499999999993065,0.004799999999988813,0.004400000000003956,0.0049999999999954529,0.004600000000010596,0.004099999999993997,0.00999999999999801,0.007199999999997431,0.006399999999999295,0.007699999999999818,0.00730000000000075,0.007800000000003138,0.009399999999999409,0.008200000000002206,0.009000000000000341,0.0070999999999799],"Min":0.004099999999993997,"Max":0.2628999999999877,"Median":0.009199999999999875,"Average":0.014947499999999715,"StandardDeviation":0.03980391304570265,"Sum":0.5978999999999886}]}
]]></output>
                    </test-case>
                    <test-case id="1196" name="ForEach_WithIndex_Performance" fullname="TByd.Core.Utils.Tests.Editor.Performance.CollectionUtilsPerformanceTests.ForEach_WithIndex_Performance" methodname="ForEach_WithIndex_Performance" classname="TByd.Core.Utils.Tests.Editor.Performance.CollectionUtilsPerformanceTests" runstate="Runnable" seed="822293200" result="Passed" start-time="2025-03-24 03:54:48Z" end-time="2025-03-24 03:54:49Z" duration="0.346027" asserts="0">
                      <properties>
                        <property name="Category" value="Performance" />
                        <property name="retryIteration" value="0" />
                        <property name="repeatIteration" value="0" />
                      </properties>
                      <output><![CDATA[Time.GC() in Undefineds
Min:		0.00 
Median:		2.50 
Max:		11.00 
Avg:		2.00 
StdDev:		2.42 
SampleCount:	26
Sum:		52.00 
First samples:	▄▄▃█▃▃▃▃▃▃▃▃▃▂▁▁▁▁▁▁▁▁▁▁▁▁
Histogram:	█▂▁▁▂▃▁▁▁▂

Time in Milliseconds
Min:		0.00 ms
Median:		0.01 ms
Max:		0.04 ms
Avg:		0.01 ms
StdDev:		0.01 ms
SampleCount:	20
Sum:		0.19 ms
First samples:	▂▃▃▃▃▃▃▃▃▃▁▁█▁▁▁▁▁▁▁
Histogram:	█▃▁▁▂▃▁▁▁▂


##performancetestresult2:{"Name":"TByd.Core.Utils.Tests.Editor.Performance.CollectionUtilsPerformanceTests.ForEach_WithIndex_Performance","ClassName":"TByd.Core.Utils.Tests.Editor.Performance.CollectionUtilsPerformanceTests","MethodName":"ForEach_WithIndex_Performance","Version":"1","Categories":["Performance"],"SampleGroups":[{"Name":"Time.GC()","Unit":8,"IncreaseIsBetter":false,"Samples":[5.0,4.0,3.0,11.0,3.0,3.0,3.0,3.0,3.0,3.0,3.0,3.0,3.0,2.0,0.0,0.0,0.0,0.0,0.0,0.0,0.0,0.0,0.0,0.0,0.0,0.0],"Min":0.0,"Max":11.0,"Median":2.5,"Average":2.0,"StandardDeviation":2.4178820993079555,"Sum":52.0},{"Name":"Time","Unit":2,"IncreaseIsBetter":false,"Samples":[0.007699999999999818,0.013500000000000512,0.01290000000000191,0.013399999999990087,0.013199999999997658,0.012399999999999523,0.011899999999997135,0.013400000000018509,0.011400000000008959,0.014299999999991542,0.003500000000002501,0.0033999999999991816,0.03840000000000998,0.003500000000002501,0.003900000000001569,0.0030000000000001139,0.003199999999992542,0.0033999999999991816,0.004299999999972215,0.0033999999999991816],"Min":0.0030000000000001139,"Max":0.03840000000000998,"Median":0.009550000000004389,"Average":0.009704999999999232,"StandardDeviation":0.007981445671057722,"Sum":0.19409999999998463}]}
]]></output>
                    </test-case>
                    <test-case id="1201" name="GetRandomElement_GCAllocation" fullname="TByd.Core.Utils.Tests.Editor.Performance.CollectionUtilsPerformanceTests.GetRandomElement_GCAllocation" methodname="GetRandomElement_GCAllocation" classname="TByd.Core.Utils.Tests.Editor.Performance.CollectionUtilsPerformanceTests" runstate="Runnable" seed="179086354" result="Passed" start-time="2025-03-24 03:54:49Z" end-time="2025-03-24 03:54:49Z" duration="0.086181" asserts="0">
                      <properties>
                        <property name="Category" value="Performance" />
                        <property name="retryIteration" value="0" />
                        <property name="repeatIteration" value="0" />
                      </properties>
                      <output><![CDATA[
##performancetestresult2:{"Name":"TByd.Core.Utils.Tests.Editor.Performance.CollectionUtilsPerformanceTests.GetRandomElement_GCAllocation","ClassName":"TByd.Core.Utils.Tests.Editor.Performance.CollectionUtilsPerformanceTests","MethodName":"GetRandomElement_GCAllocation","Version":"1","Categories":["Performance"],"SampleGroups":[]}
]]></output>
                    </test-case>
                    <test-case id="1199" name="GetRandomElement_Performance" fullname="TByd.Core.Utils.Tests.Editor.Performance.CollectionUtilsPerformanceTests.GetRandomElement_Performance" methodname="GetRandomElement_Performance" classname="TByd.Core.Utils.Tests.Editor.Performance.CollectionUtilsPerformanceTests" runstate="Runnable" seed="285018754" result="Passed" start-time="2025-03-24 03:54:49Z" end-time="2025-03-24 03:54:49Z" duration="0.343741" asserts="0">
                      <properties>
                        <property name="Category" value="Performance" />
                        <property name="retryIteration" value="0" />
                        <property name="repeatIteration" value="0" />
                      </properties>
                      <output><![CDATA[GetRandomElement_性能 in Milliseconds
Min:		0.45 ms
Median:		0.46 ms
Max:		0.48 ms
Avg:		0.46 ms
StdDev:		0.01 ms
SampleCount:	10
Sum:		4.61 ms
First samples:	▁▃▃▄▂▄▁▃▃█
(not enough samples for histogram)

GetRandomElement_性能_GC in Bytes
Min:		0.00 b
Median:		0.00 b
Max:		0.00 b
Avg:		0.00 b
StdDev:		0.00 b
SampleCount:	10
Sum:		0.00 b
First samples:	▁▁▁▁▁▁▁▁▁▁
(not enough samples for histogram)

GetRandomElement_性能_优化 in Milliseconds
Min:		0.65 ms
Median:		0.65 ms
Max:		0.69 ms
Avg:		0.66 ms
StdDev:		0.01 ms
SampleCount:	10
Sum:		6.60 ms
First samples:	▄█▄▁▁▁▂▂▅▂
(not enough samples for histogram)

GetRandomElement_性能_优化_GC in Bytes
Min:		0.00 b
Median:		0.00 b
Max:		0.00 b
Avg:		0.00 b
StdDev:		0.00 b
SampleCount:	10
Sum:		0.00 b
First samples:	▁▁▁▁▁▁▁▁▁▁
(not enough samples for histogram)


##performancetestresult2:{"Name":"TByd.Core.Utils.Tests.Editor.Performance.CollectionUtilsPerformanceTests.GetRandomElement_Performance","ClassName":"TByd.Core.Utils.Tests.Editor.Performance.CollectionUtilsPerformanceTests","MethodName":"GetRandomElement_Performance","Version":"1","Categories":["Performance"],"SampleGroups":[{"Name":"GetRandomElement_性能","Unit":2,"IncreaseIsBetter":false,"Samples":[0.4546642303466797,0.4603862762451172,0.46181678771972659,0.46253204345703127,0.4589557647705078,0.4634857177734375,0.4546642303466797,0.4596710205078125,0.46133995056152346,0.4761219024658203],"Min":0.4546642303466797,"Max":0.4761219024658203,"Median":0.4608631134033203,"Average":0.4613637924194336,"StandardDeviation":0.005685620799169859,"Sum":4.613637924194336},{"Name":"GetRandomElement_性能_GC","Unit":4,"IncreaseIsBetter":false,"Samples":[0.0,0.0,0.0,0.0,0.0,0.0,0.0,0.0,0.0,0.0],"Min":0.0,"Max":0.0,"Median":0.0,"Average":0.0,"StandardDeviation":0.0,"Sum":0.0},{"Name":"GetRandomElement_性能_优化","Unit":2,"IncreaseIsBetter":false,"Samples":[0.6656646728515625,0.690460205078125,0.6644725799560547,0.6487369537353516,0.6504058837890625,0.6482601165771484,0.6532669067382813,0.6527900695800781,0.6737709045410156,0.6551742553710938],"Min":0.6482601165771484,"Max":0.690460205078125,"Median":0.6542205810546875,"Average":0.6603002548217773,"StandardDeviation":0.012829600376640683,"Sum":6.603002548217773},{"Name":"GetRandomElement_性能_优化_GC","Unit":4,"IncreaseIsBetter":false,"Samples":[0.0,0.0,0.0,0.0,0.0,0.0,0.0,0.0,0.0,0.0],"Min":0.0,"Max":0.0,"Median":0.0,"Average":0.0,"StandardDeviation":0.0,"Sum":0.0}]}
]]></output>
                    </test-case>
                    <test-case id="1200" name="GetRandomElement_VariousSizes_Performance" fullname="TByd.Core.Utils.Tests.Editor.Performance.CollectionUtilsPerformanceTests.GetRandomElement_VariousSizes_Performance" methodname="GetRandomElement_VariousSizes_Performance" classname="TByd.Core.Utils.Tests.Editor.Performance.CollectionUtilsPerformanceTests" runstate="Runnable" seed="1742616707" result="Passed" start-time="2025-03-24 03:54:49Z" end-time="2025-03-24 03:54:49Z" duration="0.073046" asserts="0">
                      <properties>
                        <property name="Category" value="Performance" />
                        <property name="retryIteration" value="0" />
                        <property name="repeatIteration" value="0" />
                      </properties>
                      <output><![CDATA[Time in Milliseconds
Min:		0.64 ms
Median:		0.65 ms
Max:		0.79 ms
Avg:		0.66 ms
StdDev:		0.04 ms
SampleCount:	15
Sum:		9.93 ms
First samples:	▃▂█▁▂▂▂▂▂▂▁▁▁▁▁
Histogram:	█▃▁▁▂▃▁▁▁▁


##performancetestresult2:{"Name":"TByd.Core.Utils.Tests.Editor.Performance.CollectionUtilsPerformanceTests.GetRandomElement_VariousSizes_Performance","ClassName":"TByd.Core.Utils.Tests.Editor.Performance.CollectionUtilsPerformanceTests","MethodName":"GetRandomElement_VariousSizes_Performance","Version":"1","Categories":["Performance"],"SampleGroups":[{"Name":"Time","Unit":2,"IncreaseIsBetter":false,"Samples":[0.6749,0.6517999999999997,0.7915000000000001,0.6486999999999998,0.6601999999999997,0.6596000000000002,0.6601999999999997,0.6579000000000006,0.6594999999999995,0.6545000000000005,0.6442999999999999,0.6396999999999995,0.6471,0.6387999999999998,0.6444999999999999],"Min":0.6387999999999998,"Max":0.7915000000000001,"Median":0.6545000000000005,"Average":0.6622133333333333,"StandardDeviation":0.035763610307437177,"Sum":9.9332}]}
]]></output>
                    </test-case>
                    <test-case id="1193" name="IsNullOrEmpty_GCAllocation" fullname="TByd.Core.Utils.Tests.Editor.Performance.CollectionUtilsPerformanceTests.IsNullOrEmpty_GCAllocation" methodname="IsNullOrEmpty_GCAllocation" classname="TByd.Core.Utils.Tests.Editor.Performance.CollectionUtilsPerformanceTests" runstate="Runnable" seed="1626750250" result="Passed" start-time="2025-03-24 03:54:49Z" end-time="2025-03-24 03:54:49Z" duration="0.087169" asserts="0">
                      <properties>
                        <property name="Category" value="Performance" />
                        <property name="retryIteration" value="0" />
                        <property name="repeatIteration" value="0" />
                      </properties>
                      <output><![CDATA[
##performancetestresult2:{"Name":"TByd.Core.Utils.Tests.Editor.Performance.CollectionUtilsPerformanceTests.IsNullOrEmpty_GCAllocation","ClassName":"TByd.Core.Utils.Tests.Editor.Performance.CollectionUtilsPerformanceTests","MethodName":"IsNullOrEmpty_GCAllocation","Version":"1","Categories":["Performance"],"SampleGroups":[]}
]]></output>
                    </test-case>
                    <test-case id="1192" name="IsNullOrEmpty_Performance" fullname="TByd.Core.Utils.Tests.Editor.Performance.CollectionUtilsPerformanceTests.IsNullOrEmpty_Performance" methodname="IsNullOrEmpty_Performance" classname="TByd.Core.Utils.Tests.Editor.Performance.CollectionUtilsPerformanceTests" runstate="Runnable" seed="2000898416" result="Passed" start-time="2025-03-24 03:54:49Z" end-time="2025-03-24 03:54:50Z" duration="0.470271" asserts="0">
                      <properties>
                        <property name="Category" value="Performance" />
                        <property name="retryIteration" value="0" />
                        <property name="repeatIteration" value="0" />
                      </properties>
                      <output><![CDATA[Time.GC() in Undefineds
Min:		2.00 
Median:		2.00 
Max:		10002.00 
Avg:		3335.51 
StdDev:		4713.92 
SampleCount:	39
Sum:		130085.00 
First samples:	▁▁▁▁▁▁▁▁▁▁▁▁▁▁▁▁▁▁▁▁▁▁▁▁▁▁█████████████
Histogram:	█▂▁▁▂▂▁▁▂▁

Time in Milliseconds
Min:		0.15 ms
Median:		0.17 ms
Max:		1.97 ms
Avg:		0.75 ms
StdDev:		0.83 ms
SampleCount:	30
Sum:		22.38 ms
First samples:	▁▁▁▁▁▁▁▁▁▁▁▁▁▁▁▁▁▁▁▁██████████
Histogram:	█▂▁▁▂▂▂▁▂▁


##performancetestresult2:{"Name":"TByd.Core.Utils.Tests.Editor.Performance.CollectionUtilsPerformanceTests.IsNullOrEmpty_Performance","ClassName":"TByd.Core.Utils.Tests.Editor.Performance.CollectionUtilsPerformanceTests","MethodName":"IsNullOrEmpty_Performance","Version":"1","Categories":["Performance"],"SampleGroups":[{"Name":"Time.GC()","Unit":8,"IncreaseIsBetter":false,"Samples":[2.0,2.0,2.0,2.0,2.0,2.0,2.0,2.0,2.0,2.0,9.0,2.0,2.0,2.0,2.0,2.0,2.0,2.0,2.0,2.0,2.0,2.0,2.0,2.0,2.0,2.0,10002.0,10002.0,10002.0,10002.0,10002.0,10002.0,10002.0,10002.0,10002.0,10002.0,10002.0,10002.0,10002.0],"Min":2.0,"Max":10002.0,"Median":2.0,"Average":3335.5128205128203,"StandardDeviation":4713.918419448967,"Sum":130085.0},{"Name":"Time","Unit":2,"IncreaseIsBetter":false,"Samples":[0.16540000000000533,0.16080000000000184,0.16310000000000003,0.1681999999999988,0.16899999999999694,0.15980000000000417,0.1617000000000104,0.14880000000000849,0.16689999999999828,0.15799999999998705,0.15899999999999893,0.15639999999999788,0.15990000000000038,0.1634999999999991,0.1670999999999907,0.15930000000000178,0.16130000000001133,0.16509999999999537,0.15109999999999958,0.1564000000000192,1.9624999999999986,1.8952000000000027,1.8897000000000049,1.8937999999999989,1.9081000000000046,1.9366999999999877,1.9026999999999959,1.967899999999986,1.8917999999999893,1.9107000000000199],"Min":0.14880000000000849,"Max":1.967899999999986,"Median":0.16525000000000035,"Average":0.7459966666666671,"StandardDeviation":0.8274208032528271,"Sum":22.379900000000015}]}
]]></output>
                    </test-case>
                    <test-case id="1203" name="Join_GCAllocation" fullname="TByd.Core.Utils.Tests.Editor.Performance.CollectionUtilsPerformanceTests.Join_GCAllocation" methodname="Join_GCAllocation" classname="TByd.Core.Utils.Tests.Editor.Performance.CollectionUtilsPerformanceTests" runstate="Runnable" seed="348170072" result="Passed" start-time="2025-03-24 03:54:50Z" end-time="2025-03-24 03:54:50Z" duration="0.085467" asserts="0">
                      <properties>
                        <property name="Category" value="Performance" />
                        <property name="retryIteration" value="0" />
                        <property name="repeatIteration" value="0" />
                      </properties>
                      <output><![CDATA[
##performancetestresult2:{"Name":"TByd.Core.Utils.Tests.Editor.Performance.CollectionUtilsPerformanceTests.Join_GCAllocation","ClassName":"TByd.Core.Utils.Tests.Editor.Performance.CollectionUtilsPerformanceTests","MethodName":"Join_GCAllocation","Version":"1","Categories":["Performance"],"SampleGroups":[]}
]]></output>
                    </test-case>
                    <test-case id="1202" name="Join_Performance" fullname="TByd.Core.Utils.Tests.Editor.Performance.CollectionUtilsPerformanceTests.Join_Performance" methodname="Join_Performance" classname="TByd.Core.Utils.Tests.Editor.Performance.CollectionUtilsPerformanceTests" runstate="Runnable" seed="864665959" result="Passed" start-time="2025-03-24 03:54:50Z" end-time="2025-03-24 03:54:50Z" duration="0.570241" asserts="0">
                      <properties>
                        <property name="Category" value="Performance" />
                        <property name="retryIteration" value="0" />
                        <property name="repeatIteration" value="0" />
                      </properties>
                      <output><![CDATA[Time.GC() in Undefineds
Min:		0.00 
Median:		2.00 
Max:		9.00 
Avg:		1.33 
StdDev:		1.54 
SampleCount:	52
Sum:		69.00 
First samples:	▄▃▃▃▃▃▃▃▃▃▃▃▃█▃▃▃▃▃▃▃▃▃▃▃▃▃▁▁▁▁▁▁▃▁▁▁▁▁▃▁▁▁▁▁▁▁▁▁▁▁▁
Histogram:	█▂▂▁▂▂▁▁▂▁

Time in Milliseconds
Min:		0.00 ms
Median:		0.01 ms
Max:		0.02 ms
Avg:		0.01 ms
StdDev:		0.00 ms
SampleCount:	40
Sum:		0.33 ms
First samples:	▅▄▆▄▇▄▅▅▆▅▅▆█▆▅▆▆▅▅▅▁▂▁▂▂▂▂▁▁▁▂▂▂▂▂▂▂▂▂▂
Histogram:	█▂▂▁▂▂▂▁▂▁


##performancetestresult2:{"Name":"TByd.Core.Utils.Tests.Editor.Performance.CollectionUtilsPerformanceTests.Join_Performance","ClassName":"TByd.Core.Utils.Tests.Editor.Performance.CollectionUtilsPerformanceTests","MethodName":"Join_Performance","Version":"1","Categories":["Performance"],"SampleGroups":[{"Name":"Time.GC()","Unit":8,"IncreaseIsBetter":false,"Samples":[4.0,2.0,2.0,2.0,2.0,2.0,2.0,2.0,2.0,2.0,2.0,2.0,2.0,9.0,2.0,2.0,2.0,2.0,3.0,2.0,2.0,2.0,2.0,2.0,2.0,2.0,3.0,0.0,0.0,0.0,0.0,0.0,0.0,2.0,0.0,0.0,0.0,0.0,0.0,2.0,0.0,0.0,0.0,0.0,0.0,0.0,0.0,0.0,0.0,0.0,0.0,0.0],"Min":0.0,"Max":9.0,"Median":2.0,"Average":1.3269230769230769,"StandardDeviation":1.5407434999195616,"Sum":69.0},{"Name":"Time","Unit":2,"IncreaseIsBetter":false,"Samples":[0.010799999999996146,0.009500000000002729,0.011500000000005173,0.008899999999997022,0.014399999999994862,0.009500000000002729,0.010000000000005116,0.010400000000004184,0.011499999999998068,0.009999999999990905,0.010699999999999932,0.011400000000001853,0.015300000000003422,0.012100000000003775,0.010099999999994225,0.011700000000004707,0.011799999999993816,0.01099999999999568,0.010699999999999932,0.010099999999994225,0.004299999999993531,0.005199999999994986,0.004200000000004422,0.005400000000008731,0.005199999999987881,0.005099999999998772,0.005200000000002092,0.004800000000003024,0.004500000000007276,0.004800000000017235,0.005400000000001626,0.00549999999999784,0.005299999999998306,0.006399999999999295,0.00560000000000116,0.00560000000000116,0.006100000000003547,0.00549999999999784,0.00539999999999452,0.005499999999983629],"Min":0.004200000000004422,"Max":0.015300000000003422,"Median":0.007649999999998158,"Average":0.008159999999999635,"StandardDeviation":0.0031238437861069144,"Sum":0.32639999999998539}]}
]]></output>
                    </test-case>
                    <test-case id="1204" name="JoinToString_Performance" fullname="TByd.Core.Utils.Tests.Editor.Performance.CollectionUtilsPerformanceTests.JoinToString_Performance" methodname="JoinToString_Performance" classname="TByd.Core.Utils.Tests.Editor.Performance.CollectionUtilsPerformanceTests" runstate="Runnable" seed="1032347112" result="Passed" start-time="2025-03-24 03:54:50Z" end-time="2025-03-24 03:54:51Z" duration="0.750774" asserts="0">
                      <properties>
                        <property name="Category" value="Performance" />
                        <property name="retryIteration" value="0" />
                        <property name="repeatIteration" value="0" />
                      </properties>
                      <output><![CDATA[Time.GC() in Undefineds
Min:		1202.00 
Median:		11305.00 
Max:		11402.00 
Avg:		8544.15 
StdDev:		4553.33 
SampleCount:	54
Sum:		461384.00 
First samples:	▁▁▁▁▁▁▁▁▁▁▁▁▁▁▁███████████████████████████████████████
Histogram:	█▂▂▁▂▂▂▁▂▃

Time in Milliseconds
Min:		0.40 ms
Median:		3.87 ms
Max:		4.33 ms
Avg:		3.07 ms
StdDev:		1.54 ms
SampleCount:	40
Sum:		122.68 ms
First samples:	▁▁▁▁▁▁▁▁▁▁▇▇▇█▇▇▇▇██▇▇▇▇▇█▇▇▇▇▇▇▇▇▇▇▇▇█▇
Histogram:	█▂▂▁▂▂▂▁▃▃


##performancetestresult2:{"Name":"TByd.Core.Utils.Tests.Editor.Performance.CollectionUtilsPerformanceTests.JoinToString_Performance","ClassName":"TByd.Core.Utils.Tests.Editor.Performance.CollectionUtilsPerformanceTests","MethodName":"JoinToString_Performance","Version":"1","Categories":["Performance"],"SampleGroups":[{"Name":"Time.GC()","Unit":8,"IncreaseIsBetter":false,"Samples":[1202.0,1202.0,1202.0,1202.0,1202.0,1202.0,1208.0,1202.0,1202.0,1202.0,1202.0,1202.0,1202.0,1202.0,1202.0,11393.0,11402.0,11402.0,11402.0,11402.0,11402.0,11402.0,11402.0,11402.0,11401.0,11401.0,11401.0,11401.0,11402.0,11401.0,11401.0,11401.0,11401.0,11401.0,11401.0,11401.0,11401.0,11401.0,11401.0,11401.0,11401.0,11302.0,11301.0,11301.0,11308.0,11301.0,11301.0,11301.0,11301.0,11301.0,11301.0,11301.0,11301.0,11301.0],"Min":1202.0,"Max":11402.0,"Median":11305.0,"Average":8544.148148148148,"StandardDeviation":4553.333436665884,"Sum":461384.0},{"Name":"Time","Unit":2,"IncreaseIsBetter":false,"Samples":[0.40859999999999277,0.40560000000000687,0.4058999999999884,0.4030999999999949,0.4142999999999972,0.4067000000000007,0.40460000000000209,0.4047999999999945,0.40449999999998456,0.40090000000000716,3.8735,3.8848000000000129,3.992199999999997,4.119900000000001,3.867500000000007,3.867500000000007,3.8703000000000147,3.8680999999999985,4.332499999999982,4.097399999999993,3.872799999999998,3.875399999999999,3.9808999999999914,3.890199999999993,3.9018000000000088,4.3208000000000059,3.869799999999998,3.8777000000000045,3.9842000000000157,3.9525999999999898,3.878,3.960800000000006,4.033000000000001,3.9879999999999997,3.86160000000001,3.844300000000004,3.8504000000000078,3.904800000000023,4.0523000000000028,3.951899999999995],"Min":0.40090000000000716,"Max":4.332499999999982,"Median":3.8744499999999997,"Average":3.067100000000001,"StandardDeviation":1.540172746642404,"Sum":122.68400000000003}]}
]]></output>
                    </test-case>
                    <test-case id="1205" name="JoinToString_WithConverter_Performance" fullname="TByd.Core.Utils.Tests.Editor.Performance.CollectionUtilsPerformanceTests.JoinToString_WithConverter_Performance" methodname="JoinToString_WithConverter_Performance" classname="TByd.Core.Utils.Tests.Editor.Performance.CollectionUtilsPerformanceTests" runstate="Runnable" seed="1907554687" result="Passed" start-time="2025-03-24 03:54:51Z" end-time="2025-03-24 03:54:51Z" duration="0.060189" asserts="0">
                      <properties>
                        <property name="Category" value="Performance" />
                        <property name="retryIteration" value="0" />
                        <property name="repeatIteration" value="0" />
                      </properties>
                      <output><![CDATA[Time in Milliseconds
Min:		0.42 ms
Median:		0.54 ms
Max:		0.59 ms
Avg:		0.49 ms
StdDev:		0.07 ms
SampleCount:	20
Sum:		9.88 ms
First samples:	▆▇█▆▆▆▆▆▆▆▇▁▂▁▂▁▁▁▁▁
Histogram:	█▂▂▁▂▂▂▁▂▃


##performancetestresult2:{"Name":"TByd.Core.Utils.Tests.Editor.Performance.CollectionUtilsPerformanceTests.JoinToString_WithConverter_Performance","ClassName":"TByd.Core.Utils.Tests.Editor.Performance.CollectionUtilsPerformanceTests","MethodName":"JoinToString_WithConverter_Performance","Version":"1","Categories":["Performance"],"SampleGroups":[{"Name":"Time","Unit":2,"IncreaseIsBetter":false,"Samples":[0.5464000000000002,0.5701,0.5872999999999999,0.5476000000000001,0.5470999999999995,0.5439999999999996,0.5496999999999996,0.5445000000000002,0.5349000000000004,0.5388999999999999,0.5639000000000003,0.4201999999999999,0.4495999999999998,0.41999999999999995,0.4311999999999996,0.41800000000000017,0.4169999999999998,0.4186999999999994,0.4153000000000002,0.41800000000000017],"Min":0.4153000000000002,"Max":0.5872999999999999,"Median":0.5369000000000002,"Average":0.49412,"StandardDeviation":0.06551493417534667,"Sum":9.8824}]}
]]></output>
                    </test-case>
                    <test-case id="1198" name="Shuffle_GCAllocation" fullname="TByd.Core.Utils.Tests.Editor.Performance.CollectionUtilsPerformanceTests.Shuffle_GCAllocation" methodname="Shuffle_GCAllocation" classname="TByd.Core.Utils.Tests.Editor.Performance.CollectionUtilsPerformanceTests" runstate="Runnable" seed="1925150251" result="Passed" start-time="2025-03-24 03:54:51Z" end-time="2025-03-24 03:54:51Z" duration="0.064970" asserts="0">
                      <properties>
                        <property name="Category" value="Performance" />
                        <property name="retryIteration" value="0" />
                        <property name="repeatIteration" value="0" />
                      </properties>
                      <output><![CDATA[
##performancetestresult2:{"Name":"TByd.Core.Utils.Tests.Editor.Performance.CollectionUtilsPerformanceTests.Shuffle_GCAllocation","ClassName":"TByd.Core.Utils.Tests.Editor.Performance.CollectionUtilsPerformanceTests","MethodName":"Shuffle_GCAllocation","Version":"1","Categories":["Performance"],"SampleGroups":[]}
]]></output>
                    </test-case>
                    <test-case id="1197" name="Shuffle_Performance" fullname="TByd.Core.Utils.Tests.Editor.Performance.CollectionUtilsPerformanceTests.Shuffle_Performance" methodname="Shuffle_Performance" classname="TByd.Core.Utils.Tests.Editor.Performance.CollectionUtilsPerformanceTests" runstate="Runnable" seed="1230518636" result="Passed" start-time="2025-03-24 03:54:51Z" end-time="2025-03-24 03:54:52Z" duration="0.437191" asserts="0">
                      <properties>
                        <property name="Category" value="Performance" />
                        <property name="retryIteration" value="0" />
                        <property name="repeatIteration" value="0" />
                      </properties>
                      <output><![CDATA[Time.GC() in Undefineds
Min:		2.00 
Median:		2.00 
Max:		7.00 
Avg:		2.51 
StdDev:		0.90 
SampleCount:	39
Sum:		98.00 
First samples:	▂▂▁▁▁▁▁▁▁▁▁▁▁▂▁▁▁▁▁▁▁▁▁▁▁▁█▁▂▂▂▂▂▂▂▄▂▂▂
Histogram:	█▂▂▁▂▂▂▁▂▃

Time in Milliseconds
Min:		0.01 ms
Median:		0.02 ms
Max:		0.08 ms
Avg:		0.04 ms
StdDev:		0.03 ms
SampleCount:	30
Sum:		1.07 ms
First samples:	▁▁▁▁▁▁▁▁▁▁▂▂▂▂▂▂▂▂▂▂▇▇▇▇▇▇▇▇█▇
Histogram:	█▂▂▁▂▂▂▁▂▃


##performancetestresult2:{"Name":"TByd.Core.Utils.Tests.Editor.Performance.CollectionUtilsPerformanceTests.Shuffle_Performance","ClassName":"TByd.Core.Utils.Tests.Editor.Performance.CollectionUtilsPerformanceTests","MethodName":"Shuffle_Performance","Version":"1","Categories":["Performance"],"SampleGroups":[{"Name":"Time.GC()","Unit":8,"IncreaseIsBetter":false,"Samples":[3.0,3.0,2.0,2.0,2.0,2.0,2.0,2.0,2.0,2.0,2.0,2.0,2.0,3.0,2.0,2.0,2.0,2.0,2.0,2.0,2.0,2.0,2.0,2.0,2.0,2.0,7.0,2.0,3.0,3.0,3.0,3.0,3.0,3.0,3.0,4.0,3.0,3.0,3.0],"Min":2.0,"Max":7.0,"Median":2.0,"Average":2.5128205128205129,"StandardDeviation":0.9021852351671377,"Sum":98.0},{"Name":"Time","Unit":2,"IncreaseIsBetter":false,"Samples":[0.013400000000004298,0.013300000000000978,0.014000000000002899,0.01310000000000855,0.014099999999999114,0.013499999999993407,0.01490000000001146,0.013600000000010937,0.013400000000004298,0.014099999999999114,0.018899999999995033,0.018799999999998819,0.018200000000000217,0.021000000000000797,0.01860000000000639,0.01839999999999975,0.018900000000002139,0.02030000000000598,0.0204000000000093,0.019599999999996954,0.07159999999999656,0.07220000000000226,0.07600000000000051,0.07380000000000564,0.07110000000000128,0.07299999999999329,0.07139999999999702,0.07150000000000034,0.08280000000000598,0.07120000000000459],"Min":0.01310000000000855,"Max":0.08280000000000598,"Median":0.018899999999998586,"Average":0.03550333333333526,"StandardDeviation":0.027015075832249274,"Sum":1.065100000000058}]}
]]></output>
                    </test-case>
                  </test-suite>
                  <test-suite type="TestFixture" id="1210" name="IOUtilsPerformanceTests" fullname="TByd.Core.Utils.Tests.Editor.Performance.IOUtilsPerformanceTests" classname="TByd.Core.Utils.Tests.Editor.Performance.IOUtilsPerformanceTests" runstate="Runnable" testcasecount="18" result="Passed" start-time="2025-03-24 03:54:52Z" end-time="2025-03-24 03:55:06Z" duration="14.703648" total="18" passed="18" failed="0" inconclusive="0" skipped="0" asserts="0">
                    <properties />
                    <test-case id="1211" name="CombinePath_Performance" fullname="TByd.Core.Utils.Tests.Editor.Performance.IOUtilsPerformanceTests.CombinePath_Performance" methodname="CombinePath_Performance" classname="TByd.Core.Utils.Tests.Editor.Performance.IOUtilsPerformanceTests" runstate="Runnable" seed="325459061" result="Passed" start-time="2025-03-24 03:54:52Z" end-time="2025-03-24 03:54:52Z" duration="0.346215" asserts="0">
                      <properties>
                        <property name="Category" value="Performance" />
                        <property name="retryIteration" value="0" />
                        <property name="repeatIteration" value="0" />
                      </properties>
                      <output><![CDATA[Time.GC() in Undefineds
Min:		8001.00 
Median:		8001.00 
Max:		8194.00 
Avg:		8015.85 
StdDev:		51.43 
SampleCount:	13
Sum:		104206.00 
First samples:	█▁▁▁▁▁▁▁▁▁▁▁▁
Histogram:	█▂▂▁▂▂▂▁▂▂

Time in Milliseconds
Min:		11.10 ms
Median:		11.26 ms
Max:		11.51 ms
Avg:		11.29 ms
StdDev:		0.14 ms
SampleCount:	10
Sum:		112.91 ms
First samples:	▁▄█▂▂▇▃▅▇▄
(not enough samples for histogram)


##performancetestresult2:{"Name":"TByd.Core.Utils.Tests.Editor.Performance.IOUtilsPerformanceTests.CombinePath_Performance","ClassName":"TByd.Core.Utils.Tests.Editor.Performance.IOUtilsPerformanceTests","MethodName":"CombinePath_Performance","Version":"1","Categories":["Performance"],"SampleGroups":[{"Name":"Time.GC()","Unit":8,"IncreaseIsBetter":false,"Samples":[8194.0,8001.0,8001.0,8001.0,8001.0,8001.0,8001.0,8001.0,8001.0,8001.0,8001.0,8001.0,8001.0],"Min":8001.0,"Max":8194.0,"Median":8001.0,"Average":8015.846153846154,"StandardDeviation":51.42858551704513,"Sum":104206.0},{"Name":"Time","Unit":2,"IncreaseIsBetter":false,"Samples":[11.096699999999999,11.246300000000005,11.511100000000014,11.129400000000004,11.174599999999998,11.429100000000006,11.219699999999989,11.350599999999986,11.478200000000016,11.275100000000009],"Min":11.096699999999999,"Max":11.511100000000014,"Median":11.260700000000007,"Average":11.291080000000003,"StandardDeviation":0.13815287040087585,"Sum":112.91080000000003}]}
]]></output>
                    </test-case>
                    <test-case id="1218" name="CompareExistsCheck_Performance" fullname="TByd.Core.Utils.Tests.Editor.Performance.IOUtilsPerformanceTests.CompareExistsCheck_Performance" methodname="CompareExistsCheck_Performance" classname="TByd.Core.Utils.Tests.Editor.Performance.IOUtilsPerformanceTests" runstate="Runnable" seed="1842895827" result="Passed" start-time="2025-03-24 03:54:52Z" end-time="2025-03-24 03:54:58Z" duration="5.533452" asserts="0">
                      <properties>
                        <property name="Category" value="Performance" />
                        <property name="retryIteration" value="0" />
                        <property name="repeatIteration" value="0" />
                      </properties>
                      <output><![CDATA[Time.GC() in Undefineds
Min:		15001.00 
Median:		15001.00 
Max:		15008.00 
Avg:		15003.73 
StdDev:		3.38 
SampleCount:	26
Sum:		390097.00 
First samples:	▁▁█▁█▁▁█▁█▁█▂▁█▁█▁▁█▁█▁█▁▁
Histogram:	█▂▂▁▂▂▁▁▂▂

Time in Milliseconds
Min:		187.90 ms
Median:		197.95 ms
Max:		231.72 ms
Avg:		200.53 ms
StdDev:		9.49 ms
SampleCount:	20
Sum:		4010.66 ms
First samples:	▂▃▂▃▂▆▃▂▃▂▄▃▃▂█▂▃▃▁▂
Histogram:	█▃▂▁▂▂▁▁▂▂


##performancetestresult2:{"Name":"TByd.Core.Utils.Tests.Editor.Performance.IOUtilsPerformanceTests.CompareExistsCheck_Performance","ClassName":"TByd.Core.Utils.Tests.Editor.Performance.IOUtilsPerformanceTests","MethodName":"CompareExistsCheck_Performance","Version":"1","Categories":["Performance"],"SampleGroups":[{"Name":"Time.GC()","Unit":8,"IncreaseIsBetter":false,"Samples":[15001.0,15001.0,15008.0,15001.0,15008.0,15001.0,15001.0,15008.0,15001.0,15008.0,15001.0,15008.0,15002.0,15001.0,15008.0,15001.0,15008.0,15001.0,15001.0,15008.0,15001.0,15008.0,15001.0,15008.0,15001.0,15001.0],"Min":15001.0,"Max":15008.0,"Median":15001.0,"Average":15003.73076923077,"StandardDeviation":3.3804607367782588,"Sum":390097.0},{"Name":"Time","Unit":2,"IncreaseIsBetter":false,"Samples":[196.64319999999999,199.58080000000008,195.55279999999994,197.9148,195.57330000000003,220.8898999999999,197.98170000000028,195.9661000000001,200.08320000000004,195.6849000000002,207.8379,198.71119999999997,199.23040000000015,195.1516999999999,231.7222999999999,196.92100000000006,202.75249999999984,198.48799999999984,187.89930000000005,196.07389999999988],"Min":187.89930000000005,"Max":231.7222999999999,"Median":197.94825000000015,"Average":200.532945,"StandardDeviation":9.485582487885198,"Sum":4010.6589000000004}]}
]]></output>
                    </test-case>
                    <test-case id="1223" name="CompareFileSizeReadWrite_Performance" fullname="TByd.Core.Utils.Tests.Editor.Performance.IOUtilsPerformanceTests.CompareFileSizeReadWrite_Performance" methodname="CompareFileSizeReadWrite_Performance" classname="TByd.Core.Utils.Tests.Editor.Performance.IOUtilsPerformanceTests" runstate="Runnable" seed="1987645142" result="Passed" start-time="2025-03-24 03:54:58Z" end-time="2025-03-24 03:54:58Z" duration="0.414009" asserts="0">
                      <properties>
                        <property name="Category" value="Performance" />
                        <property name="retryIteration" value="0" />
                        <property name="repeatIteration" value="0" />
                      </properties>
                      <output><![CDATA[Time.GC() in Undefineds
Min:		0.00 
Median:		100.00 
Max:		932.00 
Avg:		343.75 
StdDev:		417.33 
SampleCount:	24
Sum:		8250.00 
First samples:	████████▂▂▂▂▂▂▂▂▁▁▁▁▁▁▁▁
Histogram:	█▃▂▁▂▂▁▁▂▂

Time in Milliseconds
Min:		0.00 ms
Median:		1.39 ms
Max:		11.08 ms
Avg:		4.07 ms
StdDev:		4.79 ms
SampleCount:	15
Sum:		61.11 ms
First samples:	█████▂▂▂▂▂▁▁▁▁▁
Histogram:	█▃▂▁▂▂▁▁▂▂


##performancetestresult2:{"Name":"TByd.Core.Utils.Tests.Editor.Performance.IOUtilsPerformanceTests.CompareFileSizeReadWrite_Performance","ClassName":"TByd.Core.Utils.Tests.Editor.Performance.IOUtilsPerformanceTests","MethodName":"CompareFileSizeReadWrite_Performance","Version":"1","Categories":["Performance"],"SampleGroups":[{"Name":"Time.GC()","Unit":8,"IncreaseIsBetter":false,"Samples":[932.0,931.0,931.0,931.0,931.0,931.0,931.0,931.0,100.0,100.0,100.0,100.0,100.0,100.0,100.0,100.0,1.0,0.0,0.0,0.0,0.0,0.0,0.0,0.0],"Min":0.0,"Max":932.0,"Median":100.0,"Average":343.75,"StandardDeviation":417.33352469377936,"Sum":8250.0},{"Name":"Time","Unit":2,"IncreaseIsBetter":false,"Samples":[11.078999999999994,10.920900000000004,10.753900000000002,10.656800000000004,10.60990000000001,1.3661999999999993,1.3791999999999974,1.394999999999996,1.3889000000000067,1.5563000000000074,0.0016999999999995908,0.0012000000000043088,0.001100000000000989,0.0010999999999938837,0.0011999999999972034],"Min":0.0010999999999938837,"Max":11.078999999999994,"Median":1.3889000000000067,"Average":4.074160000000001,"StandardDeviation":4.794984691362426,"Sum":61.112400000000018}]}
]]></output>
                    </test-case>
                    <test-case id="1215" name="ComparePathOperations_Performance" fullname="TByd.Core.Utils.Tests.Editor.Performance.IOUtilsPerformanceTests.ComparePathOperations_Performance" methodname="ComparePathOperations_Performance" classname="TByd.Core.Utils.Tests.Editor.Performance.IOUtilsPerformanceTests" runstate="Runnable" seed="687901225" result="Passed" start-time="2025-03-24 03:54:58Z" end-time="2025-03-24 03:54:59Z" duration="0.502360" asserts="0">
                      <properties>
                        <property name="Category" value="Performance" />
                        <property name="retryIteration" value="0" />
                        <property name="repeatIteration" value="0" />
                      </properties>
                      <output><![CDATA[Time.GC() in Undefineds
Min:		1001.00 
Median:		8001.00 
Max:		15013.00 
Avg:		8002.00 
StdDev:		7001.00 
SampleCount:	26
Sum:		208052.00 
First samples:	█████████████▁▁▁▁▁▁▁▁▁▁▁▁▁
Histogram:	█▃▂▁▁▃▁▁▂▂

Time in Milliseconds
Min:		1.10 ms
Median:		7.28 ms
Max:		14.02 ms
Avg:		7.37 ms
StdDev:		6.25 ms
SampleCount:	20
Sum:		147.42 ms
First samples:	██████████▁▁▁▁▁▁▁▁▁▁
Histogram:	█▂▂▁▂▃▁▁▂▂


##performancetestresult2:{"Name":"TByd.Core.Utils.Tests.Editor.Performance.IOUtilsPerformanceTests.ComparePathOperations_Performance","ClassName":"TByd.Core.Utils.Tests.Editor.Performance.IOUtilsPerformanceTests","MethodName":"ComparePathOperations_Performance","Version":"1","Categories":["Performance"],"SampleGroups":[{"Name":"Time.GC()","Unit":8,"IncreaseIsBetter":false,"Samples":[15013.0,15002.0,15002.0,15009.0,15002.0,15002.0,15002.0,15002.0,15001.0,15001.0,15001.0,15001.0,15001.0,1001.0,1001.0,1001.0,1001.0,1001.0,1001.0,1001.0,1001.0,1001.0,1001.0,1001.0,1001.0,1001.0],"Min":1001.0,"Max":15013.0,"Median":8001.0,"Average":8002.0,"StandardDeviation":7001.00044499136,"Sum":208052.0},{"Name":"Time","Unit":2,"IncreaseIsBetter":false,"Samples":[13.964100000000002,13.564799999999991,14.017599999999988,13.586399999999998,13.445300000000004,13.397700000000015,13.822100000000006,13.493300000000034,13.432999999999993,13.475799999999993,1.1006,1.1025999999999954,1.1381000000000086,1.1038000000000068,1.1033999999999936,1.0995000000000062,1.1611000000000047,1.1278000000000077,1.128499999999974,1.1577000000000056],"Min":1.0995000000000062,"Max":14.017599999999988,"Median":7.27940000000001,"Average":7.371160000000001,"StandardDeviation":6.250763735528645,"Sum":147.4232}]}
]]></output>
                    </test-case>
                    <test-case id="1228" name="CreateDirectory_GCAllocation" fullname="TByd.Core.Utils.Tests.Editor.Performance.IOUtilsPerformanceTests.CreateDirectory_GCAllocation" methodname="CreateDirectory_GCAllocation" classname="TByd.Core.Utils.Tests.Editor.Performance.IOUtilsPerformanceTests" runstate="Runnable" seed="1770253702" result="Passed" start-time="2025-03-24 03:54:59Z" end-time="2025-03-24 03:54:59Z" duration="0.094328" asserts="0">
                      <properties>
                        <property name="Category" value="Performance" />
                        <property name="retryIteration" value="0" />
                        <property name="repeatIteration" value="0" />
                      </properties>
                      <output><![CDATA[
##performancetestresult2:{"Name":"TByd.Core.Utils.Tests.Editor.Performance.IOUtilsPerformanceTests.CreateDirectory_GCAllocation","ClassName":"TByd.Core.Utils.Tests.Editor.Performance.IOUtilsPerformanceTests","MethodName":"CreateDirectory_GCAllocation","Version":"1","Categories":["Performance"],"SampleGroups":[]}
]]></output>
                    </test-case>
                    <test-case id="1225" name="DeleteDirectory_Performance" fullname="TByd.Core.Utils.Tests.Editor.Performance.IOUtilsPerformanceTests.DeleteDirectory_Performance" methodname="DeleteDirectory_Performance" classname="TByd.Core.Utils.Tests.Editor.Performance.IOUtilsPerformanceTests" runstate="Runnable" seed="1079073437" result="Passed" start-time="2025-03-24 03:54:59Z" end-time="2025-03-24 03:54:59Z" duration="0.323378" asserts="0">
                      <properties>
                        <property name="Category" value="Performance" />
                        <property name="retryIteration" value="0" />
                        <property name="repeatIteration" value="0" />
                      </properties>
                      <output><![CDATA[Time.GC() in Undefineds
Min:		461.00 
Median:		461.00 
Max:		466.00 
Avg:		461.38 
StdDev:		1.33 
SampleCount:	13
Sum:		5998.00 
First samples:	█▁▁▁▁▁▁▁▁▁▁▁▁
Histogram:	█▂▂▁▂▃▁▁▂▂

Time in Milliseconds
Min:		10.54 ms
Median:		10.75 ms
Max:		11.15 ms
Avg:		10.77 ms
StdDev:		0.18 ms
SampleCount:	10
Sum:		107.74 ms
First samples:	▂█▇▁▂▃▄▄▃▄
(not enough samples for histogram)


##performancetestresult2:{"Name":"TByd.Core.Utils.Tests.Editor.Performance.IOUtilsPerformanceTests.DeleteDirectory_Performance","ClassName":"TByd.Core.Utils.Tests.Editor.Performance.IOUtilsPerformanceTests","MethodName":"DeleteDirectory_Performance","Version":"1","Categories":["Performance"],"SampleGroups":[{"Name":"Time.GC()","Unit":8,"IncreaseIsBetter":false,"Samples":[466.0,461.0,461.0,461.0,461.0,461.0,461.0,461.0,461.0,461.0,461.0,461.0,461.0],"Min":461.0,"Max":466.0,"Median":461.0,"Average":461.38461538461538,"StandardDeviation":1.3323467750529832,"Sum":5998.0},{"Name":"Time","Unit":2,"IncreaseIsBetter":false,"Samples":[10.599800000000002,11.149999999999992,11.036600000000007,10.538299999999993,10.666600000000017,10.722699999999975,10.77370000000002,10.78200000000001,10.703400000000017,10.767800000000023],"Min":10.538299999999993,"Max":11.149999999999992,"Median":10.745249999999999,"Average":10.774090000000005,"StandardDeviation":0.17761986065752806,"Sum":107.74090000000006}]}
]]></output>
                    </test-case>
                    <test-case id="1224" name="DeleteFile_Performance" fullname="TByd.Core.Utils.Tests.Editor.Performance.IOUtilsPerformanceTests.DeleteFile_Performance" methodname="DeleteFile_Performance" classname="TByd.Core.Utils.Tests.Editor.Performance.IOUtilsPerformanceTests" runstate="Runnable" seed="1345070417" result="Passed" start-time="2025-03-24 03:54:59Z" end-time="2025-03-24 03:54:59Z" duration="0.219474" asserts="0">
                      <properties>
                        <property name="Category" value="Performance" />
                        <property name="retryIteration" value="0" />
                        <property name="repeatIteration" value="0" />
                      </properties>
                      <output><![CDATA[Time.GC() in Undefineds
Min:		100.00 
Median:		100.00 
Max:		104.00 
Avg:		100.31 
StdDev:		1.07 
SampleCount:	13
Sum:		1304.00 
First samples:	█▁▁▁▁▁▁▁▁▁▁▁▁
Histogram:	█▂▂▁▂▂▁▁▂▂

Time in Milliseconds
Min:		2.14 ms
Median:		2.22 ms
Max:		2.25 ms
Avg:		2.21 ms
StdDev:		0.04 ms
SampleCount:	10
Sum:		22.08 ms
First samples:	▁█▃▄▇▆▇▆█▃
(not enough samples for histogram)


##performancetestresult2:{"Name":"TByd.Core.Utils.Tests.Editor.Performance.IOUtilsPerformanceTests.DeleteFile_Performance","ClassName":"TByd.Core.Utils.Tests.Editor.Performance.IOUtilsPerformanceTests","MethodName":"DeleteFile_Performance","Version":"1","Categories":["Performance"],"SampleGroups":[{"Name":"Time.GC()","Unit":8,"IncreaseIsBetter":false,"Samples":[104.0,100.0,100.0,100.0,100.0,100.0,100.0,100.0,100.0,100.0,100.0,100.0,100.0],"Min":100.0,"Max":104.0,"Median":100.0,"Average":100.3076923076923,"StandardDeviation":1.0658774200423858,"Sum":1304.0},{"Name":"Time","Unit":2,"IncreaseIsBetter":false,"Samples":[2.140499999999996,2.2549000000000065,2.1650999999999955,2.184200000000004,2.2308999999999914,2.2179,2.240300000000005,2.224599999999981,2.252999999999986,2.171900000000022],"Min":2.140499999999996,"Max":2.2549000000000065,"Median":2.2212499999999908,"Average":2.208329999999999,"StandardDeviation":0.03798828898489347,"Sum":22.083299999999988}]}
]]></output>
                    </test-case>
                    <test-case id="1217" name="DirectoryExists_Performance" fullname="TByd.Core.Utils.Tests.Editor.Performance.IOUtilsPerformanceTests.DirectoryExists_Performance" methodname="DirectoryExists_Performance" classname="TByd.Core.Utils.Tests.Editor.Performance.IOUtilsPerformanceTests" runstate="Runnable" seed="1138986196" result="Passed" start-time="2025-03-24 03:54:59Z" end-time="2025-03-24 03:55:02Z" duration="2.670622" asserts="0">
                      <properties>
                        <property name="Category" value="Performance" />
                        <property name="retryIteration" value="0" />
                        <property name="repeatIteration" value="0" />
                      </properties>
                      <output><![CDATA[Time.GC() in Undefineds
Min:		14001.00 
Median:		14002.00 
Max:		14010.00 
Avg:		14004.62 
StdDev:		3.65 
SampleCount:	13
Sum:		182060.00 
First samples:	▁▁▇▂▇▂▂█▂▇▂▂▇
Histogram:	█▂▂▁▂▂▁▁▂▂

Time in Milliseconds
Min:		186.22 ms
Median:		189.54 ms
Max:		191.65 ms
Avg:		189.31 ms
StdDev:		1.62 ms
SampleCount:	10
Sum:		1893.07 ms
First samples:	▄▇▃▇▆▁▃█▆▅
(not enough samples for histogram)


##performancetestresult2:{"Name":"TByd.Core.Utils.Tests.Editor.Performance.IOUtilsPerformanceTests.DirectoryExists_Performance","ClassName":"TByd.Core.Utils.Tests.Editor.Performance.IOUtilsPerformanceTests","MethodName":"DirectoryExists_Performance","Version":"1","Categories":["Performance"],"SampleGroups":[{"Name":"Time.GC()","Unit":8,"IncreaseIsBetter":false,"Samples":[14001.0,14001.0,14009.0,14002.0,14009.0,14002.0,14002.0,14010.0,14002.0,14009.0,14002.0,14002.0,14009.0],"Min":14001.0,"Max":14010.0,"Median":14002.0,"Average":14004.615384615385,"StandardDeviation":3.6487819155788996,"Sum":182060.0},{"Name":"Time","Unit":2,"IncreaseIsBetter":false,"Samples":[188.25209999999994,190.95680000000005,187.8369,191.08050000000004,189.9018000000001,186.21499999999993,188.09300000000008,191.6531,189.82069999999977,189.26470000000018],"Min":186.21499999999993,"Max":191.6531,"Median":189.54269999999998,"Average":189.30746000000003,"StandardDeviation":1.6216984128992822,"Sum":1893.0746000000001}]}
]]></output>
                    </test-case>
                    <test-case id="1216" name="FileExists_Performance" fullname="TByd.Core.Utils.Tests.Editor.Performance.IOUtilsPerformanceTests.FileExists_Performance" methodname="FileExists_Performance" classname="TByd.Core.Utils.Tests.Editor.Performance.IOUtilsPerformanceTests" runstate="Runnable" seed="965500374" result="Passed" start-time="2025-03-24 03:55:02Z" end-time="2025-03-24 03:55:05Z" duration="2.691095" asserts="0">
                      <properties>
                        <property name="Category" value="Performance" />
                        <property name="retryIteration" value="0" />
                        <property name="repeatIteration" value="0" />
                      </properties>
                      <output><![CDATA[Time.GC() in Undefineds
Min:		15002.00 
Median:		15002.00 
Max:		15010.00 
Avg:		15004.77 
StdDev:		3.51 
SampleCount:	13
Sum:		195062.00 
First samples:	▁▇▁▁▇▁▇▁▁█▁▇▁
Histogram:	█▂▂▁▂▂▁▁▂▂

Time in Milliseconds
Min:		189.51 ms
Median:		191.67 ms
Max:		196.28 ms
Avg:		192.31 ms
StdDev:		2.22 ms
SampleCount:	10
Sum:		1923.05 ms
First samples:	█▄▁▂▂▅▃▁▇▆
(not enough samples for histogram)


##performancetestresult2:{"Name":"TByd.Core.Utils.Tests.Editor.Performance.IOUtilsPerformanceTests.FileExists_Performance","ClassName":"TByd.Core.Utils.Tests.Editor.Performance.IOUtilsPerformanceTests","MethodName":"FileExists_Performance","Version":"1","Categories":["Performance"],"SampleGroups":[{"Name":"Time.GC()","Unit":8,"IncreaseIsBetter":false,"Samples":[15002.0,15009.0,15002.0,15002.0,15009.0,15002.0,15009.0,15002.0,15002.0,15010.0,15002.0,15009.0,15002.0],"Min":15002.0,"Max":15010.0,"Median":15002.0,"Average":15004.76923076923,"StandardDeviation":3.511603757081024,"Sum":195062.0},{"Name":"Time","Unit":2,"IncreaseIsBetter":false,"Samples":[196.27549999999997,192.3542,189.6486,190.87220000000003,190.95929999999999,192.93870000000016,190.97860000000015,189.51400000000013,195.38430000000018,194.12509999999976],"Min":189.51400000000013,"Max":196.27549999999997,"Median":191.66640000000008,"Average":192.30505000000003,"StandardDeviation":2.2233538248555719,"Sum":1923.0505000000003}]}
]]></output>
                    </test-case>
                    <test-case id="1227" name="FileExistsCheck_GCAllocation" fullname="TByd.Core.Utils.Tests.Editor.Performance.IOUtilsPerformanceTests.FileExistsCheck_GCAllocation" methodname="FileExistsCheck_GCAllocation" classname="TByd.Core.Utils.Tests.Editor.Performance.IOUtilsPerformanceTests" runstate="Runnable" seed="1644878715" result="Passed" start-time="2025-03-24 03:55:05Z" end-time="2025-03-24 03:55:05Z" duration="0.095353" asserts="0">
                      <properties>
                        <property name="Category" value="Performance" />
                        <property name="retryIteration" value="0" />
                        <property name="repeatIteration" value="0" />
                      </properties>
                      <output><![CDATA[
##performancetestresult2:{"Name":"TByd.Core.Utils.Tests.Editor.Performance.IOUtilsPerformanceTests.FileExistsCheck_GCAllocation","ClassName":"TByd.Core.Utils.Tests.Editor.Performance.IOUtilsPerformanceTests","MethodName":"FileExistsCheck_GCAllocation","Version":"1","Categories":["Performance"],"SampleGroups":[]}
]]></output>
                    </test-case>
                    <test-case id="1214" name="GetFileExtension_Performance" fullname="TByd.Core.Utils.Tests.Editor.Performance.IOUtilsPerformanceTests.GetFileExtension_Performance" methodname="GetFileExtension_Performance" classname="TByd.Core.Utils.Tests.Editor.Performance.IOUtilsPerformanceTests" runstate="Runnable" seed="508599609" result="Passed" start-time="2025-03-24 03:55:05Z" end-time="2025-03-24 03:55:05Z" duration="0.190135" asserts="0">
                      <properties>
                        <property name="Category" value="Performance" />
                        <property name="retryIteration" value="0" />
                        <property name="repeatIteration" value="0" />
                      </properties>
                      <output><![CDATA[Time.GC() in Undefineds
Min:		2001.00 
Median:		2001.00 
Max:		2008.00 
Avg:		2001.54 
StdDev:		1.87 
SampleCount:	13
Sum:		26020.00 
First samples:	▁▁▁▁▁▁█▁▁▁▁▁▁
Histogram:	█▂▂▁▂▂▁▁▂▂

Time in Milliseconds
Min:		0.67 ms
Median:		0.67 ms
Max:		0.74 ms
Avg:		0.68 ms
StdDev:		0.02 ms
SampleCount:	10
Sum:		6.79 ms
First samples:	▁▂▁▂▂▁▁█▁▁
(not enough samples for histogram)


##performancetestresult2:{"Name":"TByd.Core.Utils.Tests.Editor.Performance.IOUtilsPerformanceTests.GetFileExtension_Performance","ClassName":"TByd.Core.Utils.Tests.Editor.Performance.IOUtilsPerformanceTests","MethodName":"GetFileExtension_Performance","Version":"1","Categories":["Performance"],"SampleGroups":[{"Name":"Time.GC()","Unit":8,"IncreaseIsBetter":false,"Samples":[2001.0,2001.0,2001.0,2001.0,2001.0,2001.0,2008.0,2001.0,2001.0,2001.0,2001.0,2001.0,2001.0],"Min":2001.0,"Max":2008.0,"Median":2001.0,"Average":2001.5384615384614,"StandardDeviation":1.8652854850741752,"Sum":26020.0},{"Name":"Time","Unit":2,"IncreaseIsBetter":false,"Samples":[0.6697999999999951,0.6829999999999998,0.6691000000000003,0.6762999999999977,0.6784000000000106,0.6706999999999965,0.6709999999999923,0.7357000000000085,0.670100000000005,0.6702999999999975],"Min":0.6691000000000003,"Max":0.7357000000000085,"Median":0.6708499999999944,"Average":0.6794400000000003,"StandardDeviation":0.01925368536151242,"Sum":6.794400000000003}]}
]]></output>
                    </test-case>
                    <test-case id="1212" name="GetFileName_Performance" fullname="TByd.Core.Utils.Tests.Editor.Performance.IOUtilsPerformanceTests.GetFileName_Performance" methodname="GetFileName_Performance" classname="TByd.Core.Utils.Tests.Editor.Performance.IOUtilsPerformanceTests" runstate="Runnable" seed="1151010005" result="Passed" start-time="2025-03-24 03:55:05Z" end-time="2025-03-24 03:55:05Z" duration="0.185320" asserts="0">
                      <properties>
                        <property name="Category" value="Performance" />
                        <property name="retryIteration" value="0" />
                        <property name="repeatIteration" value="0" />
                      </properties>
                      <output><![CDATA[Time.GC() in Undefineds
Min:		1001.00 
Median:		1001.00 
Max:		1001.00 
Avg:		1001.00 
StdDev:		0.00 
SampleCount:	13
Sum:		13013.00 
First samples:	▁▁▁▁▁▁▁▁▁▁▁▁▁
Histogram:	█▂▂▁▂▂▁▁▂▂

Time in Milliseconds
Min:		0.32 ms
Median:		0.32 ms
Max:		0.35 ms
Avg:		0.32 ms
StdDev:		0.01 ms
SampleCount:	10
Sum:		3.24 ms
First samples:	▂▁▁▁▁▁▂█▂▂
(not enough samples for histogram)


##performancetestresult2:{"Name":"TByd.Core.Utils.Tests.Editor.Performance.IOUtilsPerformanceTests.GetFileName_Performance","ClassName":"TByd.Core.Utils.Tests.Editor.Performance.IOUtilsPerformanceTests","MethodName":"GetFileName_Performance","Version":"1","Categories":["Performance"],"SampleGroups":[{"Name":"Time.GC()","Unit":8,"IncreaseIsBetter":false,"Samples":[1001.0,1001.0,1001.0,1001.0,1001.0,1001.0,1001.0,1001.0,1001.0,1001.0,1001.0,1001.0,1001.0],"Min":1001.0,"Max":1001.0,"Median":1001.0,"Average":1001.0,"StandardDeviation":0.0,"Sum":13013.0},{"Name":"Time","Unit":2,"IncreaseIsBetter":false,"Samples":[0.3230000000000004,0.32099999999999798,0.32039999999999937,0.32090000000000887,0.3199999999999932,0.3200999999999965,0.32220000000000939,0.34559999999999038,0.3237000000000023,0.32269999999999757],"Min":0.3199999999999932,"Max":0.34559999999999038,"Median":0.32160000000000368,"Average":0.3239599999999996,"StandardDeviation":0.007316720576867738,"Sum":3.239599999999996}]}
]]></output>
                    </test-case>
                    <test-case id="1213" name="GetFileNameWithoutExtension_Performance" fullname="TByd.Core.Utils.Tests.Editor.Performance.IOUtilsPerformanceTests.GetFileNameWithoutExtension_Performance" methodname="GetFileNameWithoutExtension_Performance" classname="TByd.Core.Utils.Tests.Editor.Performance.IOUtilsPerformanceTests" runstate="Runnable" seed="1134639379" result="Passed" start-time="2025-03-24 03:55:05Z" end-time="2025-03-24 03:55:05Z" duration="0.186885" asserts="0">
                      <properties>
                        <property name="Category" value="Performance" />
                        <property name="retryIteration" value="0" />
                        <property name="repeatIteration" value="0" />
                      </properties>
                      <output><![CDATA[Time.GC() in Undefineds
Min:		1001.00 
Median:		1001.00 
Max:		1001.00 
Avg:		1001.00 
StdDev:		0.00 
SampleCount:	13
Sum:		13013.00 
First samples:	▁▁▁▁▁▁▁▁▁▁▁▁▁
Histogram:	█▂▂▁▂▂▁▁▂▂

Time in Milliseconds
Min:		0.33 ms
Median:		0.33 ms
Max:		0.47 ms
Avg:		0.34 ms
StdDev:		0.04 ms
SampleCount:	10
Sum:		3.44 ms
First samples:	▂▁▁▂▁▁▁█▁▁
(not enough samples for histogram)


##performancetestresult2:{"Name":"TByd.Core.Utils.Tests.Editor.Performance.IOUtilsPerformanceTests.GetFileNameWithoutExtension_Performance","ClassName":"TByd.Core.Utils.Tests.Editor.Performance.IOUtilsPerformanceTests","MethodName":"GetFileNameWithoutExtension_Performance","Version":"1","Categories":["Performance"],"SampleGroups":[{"Name":"Time.GC()","Unit":8,"IncreaseIsBetter":false,"Samples":[1001.0,1001.0,1001.0,1001.0,1001.0,1001.0,1001.0,1001.0,1001.0,1001.0,1001.0,1001.0,1001.0],"Min":1001.0,"Max":1001.0,"Median":1001.0,"Average":1001.0,"StandardDeviation":0.0,"Sum":13013.0},{"Name":"Time","Unit":2,"IncreaseIsBetter":false,"Samples":[0.3412000000000006,0.3289000000000044,0.3288000000000011,0.3415999999999997,0.32909999999999686,0.32670000000000246,0.32689999999999488,0.46530000000001339,0.32730000000000816,0.32620000000000007],"Min":0.32620000000000007,"Max":0.46530000000001339,"Median":0.32885000000000277,"Average":0.34420000000000219,"StandardDeviation":0.04073742750837733,"Sum":3.4420000000000217}]}
]]></output>
                    </test-case>
                    <test-case id="1226" name="PathOperations_GCAllocation" fullname="TByd.Core.Utils.Tests.Editor.Performance.IOUtilsPerformanceTests.PathOperations_GCAllocation" methodname="PathOperations_GCAllocation" classname="TByd.Core.Utils.Tests.Editor.Performance.IOUtilsPerformanceTests" runstate="Runnable" seed="1156692155" result="Passed" start-time="2025-03-24 03:55:05Z" end-time="2025-03-24 03:55:05Z" duration="0.111172" asserts="0">
                      <properties>
                        <property name="Category" value="Performance" />
                        <property name="retryIteration" value="0" />
                        <property name="repeatIteration" value="0" />
                      </properties>
                      <output><![CDATA[
##performancetestresult2:{"Name":"TByd.Core.Utils.Tests.Editor.Performance.IOUtilsPerformanceTests.PathOperations_GCAllocation","ClassName":"TByd.Core.Utils.Tests.Editor.Performance.IOUtilsPerformanceTests","MethodName":"PathOperations_GCAllocation","Version":"1","Categories":["Performance"],"SampleGroups":[]}
]]></output>
                    </test-case>
                    <test-case id="1221" name="ReadAllBytes_Performance" fullname="TByd.Core.Utils.Tests.Editor.Performance.IOUtilsPerformanceTests.ReadAllBytes_Performance" methodname="ReadAllBytes_Performance" classname="TByd.Core.Utils.Tests.Editor.Performance.IOUtilsPerformanceTests" runstate="Runnable" seed="1523237792" result="Passed" start-time="2025-03-24 03:55:05Z" end-time="2025-03-24 03:55:06Z" duration="0.320349" asserts="0">
                      <properties>
                        <property name="Category" value="Performance" />
                        <property name="retryIteration" value="0" />
                        <property name="repeatIteration" value="0" />
                      </properties>
                      <output><![CDATA[Time.GC() in Undefineds
Min:		791.00 
Median:		791.00 
Max:		792.00 
Avg:		791.08 
StdDev:		0.27 
SampleCount:	13
Sum:		10284.00 
First samples:	▁▁▁▁▁▁▁▁▁▁▁▁█
Histogram:	█▂▂▁▂▂▁▁▂▂

Time in Milliseconds
Min:		10.07 ms
Median:		10.24 ms
Max:		10.90 ms
Avg:		10.38 ms
StdDev:		0.28 ms
SampleCount:	10
Sum:		103.80 ms
First samples:	▃▁▆▂▂▆▁▁█▅
(not enough samples for histogram)


##performancetestresult2:{"Name":"TByd.Core.Utils.Tests.Editor.Performance.IOUtilsPerformanceTests.ReadAllBytes_Performance","ClassName":"TByd.Core.Utils.Tests.Editor.Performance.IOUtilsPerformanceTests","MethodName":"ReadAllBytes_Performance","Version":"1","Categories":["Performance"],"SampleGroups":[{"Name":"Time.GC()","Unit":8,"IncreaseIsBetter":false,"Samples":[791.0,791.0,791.0,791.0,791.0,791.0,791.0,791.0,791.0,791.0,791.0,791.0,792.0],"Min":791.0,"Max":792.0,"Median":791.0,"Average":791.0769230769231,"StandardDeviation":0.2664693550105965,"Sum":10284.0},{"Name":"Time","Unit":2,"IncreaseIsBetter":false,"Samples":[10.29480000000001,10.131900000000002,10.638100000000009,10.183899999999995,10.192599999999999,10.672000000000026,10.072599999999995,10.130899999999997,10.904699999999992,10.581500000000006],"Min":10.072599999999995,"Max":10.904699999999992,"Median":10.243700000000004,"Average":10.380300000000002,"StandardDeviation":0.27689767785231025,"Sum":103.80300000000003}]}
]]></output>
                    </test-case>
                    <test-case id="1219" name="ReadAllText_Performance" fullname="TByd.Core.Utils.Tests.Editor.Performance.IOUtilsPerformanceTests.ReadAllText_Performance" methodname="ReadAllText_Performance" classname="TByd.Core.Utils.Tests.Editor.Performance.IOUtilsPerformanceTests" runstate="Runnable" seed="1010454309" result="Passed" start-time="2025-03-24 03:55:06Z" end-time="2025-03-24 03:55:06Z" duration="0.389662" asserts="0">
                      <properties>
                        <property name="Category" value="Performance" />
                        <property name="retryIteration" value="0" />
                        <property name="repeatIteration" value="0" />
                      </properties>
                      <output><![CDATA[Time.GC() in Undefineds
Min:		1052.00 
Median:		1052.00 
Max:		1059.00 
Avg:		1052.54 
StdDev:		1.87 
SampleCount:	13
Sum:		13683.00 
First samples:	▁▁▁█▁▁▁▁▁▁▁▁▁
Histogram:	█▂▂▁▂▂▁▁▂▂

Time in Milliseconds
Min:		15.22 ms
Median:		15.52 ms
Max:		15.91 ms
Avg:		15.55 ms
StdDev:		0.23 ms
SampleCount:	10
Sum:		155.46 ms
First samples:	█▂▂▆▇▂▃▅▁▇
(not enough samples for histogram)


##performancetestresult2:{"Name":"TByd.Core.Utils.Tests.Editor.Performance.IOUtilsPerformanceTests.ReadAllText_Performance","ClassName":"TByd.Core.Utils.Tests.Editor.Performance.IOUtilsPerformanceTests","MethodName":"ReadAllText_Performance","Version":"1","Categories":["Performance"],"SampleGroups":[{"Name":"Time.GC()","Unit":8,"IncreaseIsBetter":false,"Samples":[1052.0,1052.0,1052.0,1059.0,1052.0,1052.0,1052.0,1052.0,1052.0,1052.0,1052.0,1052.0,1052.0],"Min":1052.0,"Max":1059.0,"Median":1052.0,"Average":1052.5384615384614,"StandardDeviation":1.8652854850741752,"Sum":13683.0},{"Name":"Time","Unit":2,"IncreaseIsBetter":false,"Samples":[15.914600000000008,15.365199999999988,15.293199999999985,15.703900000000005,15.806299999999994,15.335300000000018,15.460599999999971,15.581800000000044,15.220300000000009,15.783000000000016],"Min":15.220300000000009,"Max":15.914600000000008,"Median":15.521200000000008,"Average":15.546420000000003,"StandardDeviation":0.23245815881573562,"Sum":155.46420000000004}]}
]]></output>
                    </test-case>
                    <test-case id="1222" name="WriteAllBytes_Performance" fullname="TByd.Core.Utils.Tests.Editor.Performance.IOUtilsPerformanceTests.WriteAllBytes_Performance" methodname="WriteAllBytes_Performance" classname="TByd.Core.Utils.Tests.Editor.Performance.IOUtilsPerformanceTests" runstate="Runnable" seed="359302358" result="Passed" start-time="2025-03-24 03:55:06Z" end-time="2025-03-24 03:55:06Z" duration="0.203939" asserts="0">
                      <properties>
                        <property name="Category" value="Performance" />
                        <property name="retryIteration" value="0" />
                        <property name="repeatIteration" value="0" />
                      </properties>
                      <output><![CDATA[Time.GC() in Undefineds
Min:		79.00 
Median:		79.00 
Max:		79.00 
Avg:		79.00 
StdDev:		0.00 
SampleCount:	13
Sum:		1027.00 
First samples:	▁▁▁▁▁▁▁▁▁▁▁▁▁
Histogram:	█▂▂▁▂▂▁▁▂▂

Time in Milliseconds
Min:		1.59 ms
Median:		1.67 ms
Max:		1.75 ms
Avg:		1.67 ms
StdDev:		0.05 ms
SampleCount:	10
Sum:		16.72 ms
First samples:	█▂█▅▂▁▄▆▆▄
(not enough samples for histogram)


##performancetestresult2:{"Name":"TByd.Core.Utils.Tests.Editor.Performance.IOUtilsPerformanceTests.WriteAllBytes_Performance","ClassName":"TByd.Core.Utils.Tests.Editor.Performance.IOUtilsPerformanceTests","MethodName":"WriteAllBytes_Performance","Version":"1","Categories":["Performance"],"SampleGroups":[{"Name":"Time.GC()","Unit":8,"IncreaseIsBetter":false,"Samples":[79.0,79.0,79.0,79.0,79.0,79.0,79.0,79.0,79.0,79.0,79.0,79.0,79.0],"Min":79.0,"Max":79.0,"Median":79.0,"Average":79.0,"StandardDeviation":0.0,"Sum":1027.0},{"Name":"Time","Unit":2,"IncreaseIsBetter":false,"Samples":[1.7471999999999995,1.6234000000000038,1.7363,1.6814999999999998,1.6248999999999967,1.5944999999999965,1.6669000000000125,1.6931999999999903,1.6949999999999932,1.6529999999999916],"Min":1.5944999999999965,"Max":1.7471999999999995,"Median":1.6742000000000062,"Average":1.6715899999999984,"StandardDeviation":0.04672276639926177,"Sum":16.715899999999985}]}
]]></output>
                    </test-case>
                    <test-case id="1220" name="WriteAllText_Performance" fullname="TByd.Core.Utils.Tests.Editor.Performance.IOUtilsPerformanceTests.WriteAllText_Performance" methodname="WriteAllText_Performance" classname="TByd.Core.Utils.Tests.Editor.Performance.IOUtilsPerformanceTests" runstate="Runnable" seed="3344449" result="Passed" start-time="2025-03-24 03:55:06Z" end-time="2025-03-24 03:55:06Z" duration="0.212710" asserts="0">
                      <properties>
                        <property name="Category" value="Performance" />
                        <property name="retryIteration" value="0" />
                        <property name="repeatIteration" value="0" />
                      </properties>
                      <output><![CDATA[Time.GC() in Undefineds
Min:		83.00 
Median:		83.00 
Max:		83.00 
Avg:		83.00 
StdDev:		0.00 
SampleCount:	13
Sum:		1079.00 
First samples:	▁▁▁▁▁▁▁▁▁▁▁▁▁
Histogram:	█▂▂▁▁▂▁▁▂▂

Time in Milliseconds
Min:		2.29 ms
Median:		2.34 ms
Max:		2.45 ms
Avg:		2.35 ms
StdDev:		0.04 ms
SampleCount:	10
Sum:		23.55 ms
First samples:	▃▁▃▄▇█▅▃▃▃
(not enough samples for histogram)


##performancetestresult2:{"Name":"TByd.Core.Utils.Tests.Editor.Performance.IOUtilsPerformanceTests.WriteAllText_Performance","ClassName":"TByd.Core.Utils.Tests.Editor.Performance.IOUtilsPerformanceTests","MethodName":"WriteAllText_Performance","Version":"1","Categories":["Performance"],"SampleGroups":[{"Name":"Time.GC()","Unit":8,"IncreaseIsBetter":false,"Samples":[83.0,83.0,83.0,83.0,83.0,83.0,83.0,83.0,83.0,83.0,83.0,83.0,83.0],"Min":83.0,"Max":83.0,"Median":83.0,"Average":83.0,"StandardDeviation":0.0,"Sum":1079.0},{"Name":"Time","Unit":2,"IncreaseIsBetter":false,"Samples":[2.3290000000000008,2.2900999999999955,2.332000000000008,2.3599999999999996,2.4166000000000027,2.447800000000001,2.3696999999999948,2.3380000000000225,2.338600000000014,2.326899999999995],"Min":2.2900999999999955,"Max":2.447800000000001,"Median":2.338300000000018,"Average":2.354870000000003,"StandardDeviation":0.0440589389341137,"Sum":23.548700000000033}]}
]]></output>
                    </test-case>
                  </test-suite>
                  <test-suite type="TestFixture" id="1229" name="MathUtilsPerformanceTests" fullname="TByd.Core.Utils.Tests.Editor.Performance.MathUtilsPerformanceTests" classname="TByd.Core.Utils.Tests.Editor.Performance.MathUtilsPerformanceTests" runstate="Runnable" testcasecount="20" result="Passed" start-time="2025-03-24 03:55:06Z" end-time="2025-03-24 03:55:09Z" duration="2.597916" total="20" passed="20" failed="0" inconclusive="0" skipped="0" asserts="0">
                    <properties>
                      <property name="Category" value="Performance" />
                    </properties>
                    <test-case id="1242" name="Approximately_Performance" fullname="TByd.Core.Utils.Tests.Editor.Performance.MathUtilsPerformanceTests.Approximately_Performance" methodname="Approximately_Performance" classname="TByd.Core.Utils.Tests.Editor.Performance.MathUtilsPerformanceTests" runstate="Runnable" seed="1467433975" result="Passed" start-time="2025-03-24 03:55:06Z" end-time="2025-03-24 03:55:07Z" duration="0.044775" asserts="0">
                      <properties>
                        <property name="Category" value="Performance" />
                        <property name="retryIteration" value="0" />
                        <property name="repeatIteration" value="0" />
                      </properties>
                      <output><![CDATA[
##performancetestresult2:{"Name":"TByd.Core.Utils.Tests.Editor.Performance.MathUtilsPerformanceTests.Approximately_Performance","ClassName":"TByd.Core.Utils.Tests.Editor.Performance.MathUtilsPerformanceTests","MethodName":"Approximately_Performance","Version":"1","Categories":["Performance","Performance"],"SampleGroups":[]}
]]></output>
                    </test-case>
                    <test-case id="1237" name="Clamp_Float_Performance" fullname="TByd.Core.Utils.Tests.Editor.Performance.MathUtilsPerformanceTests.Clamp_Float_Performance" methodname="Clamp_Float_Performance" classname="TByd.Core.Utils.Tests.Editor.Performance.MathUtilsPerformanceTests" runstate="Runnable" seed="480167963" result="Passed" start-time="2025-03-24 03:55:07Z" end-time="2025-03-24 03:55:07Z" duration="0.042732" asserts="0">
                      <properties>
                        <property name="Category" value="Performance" />
                        <property name="retryIteration" value="0" />
                        <property name="repeatIteration" value="0" />
                      </properties>
                      <output><![CDATA[
##performancetestresult2:{"Name":"TByd.Core.Utils.Tests.Editor.Performance.MathUtilsPerformanceTests.Clamp_Float_Performance","ClassName":"TByd.Core.Utils.Tests.Editor.Performance.MathUtilsPerformanceTests","MethodName":"Clamp_Float_Performance","Version":"1","Categories":["Performance","Performance"],"SampleGroups":[]}
]]></output>
                    </test-case>
                    <test-case id="1236" name="Clamp_Int_Performance" fullname="TByd.Core.Utils.Tests.Editor.Performance.MathUtilsPerformanceTests.Clamp_Int_Performance" methodname="Clamp_Int_Performance" classname="TByd.Core.Utils.Tests.Editor.Performance.MathUtilsPerformanceTests" runstate="Runnable" seed="1216431543" result="Passed" start-time="2025-03-24 03:55:07Z" end-time="2025-03-24 03:55:07Z" duration="0.043267" asserts="0">
                      <properties>
                        <property name="Category" value="Performance" />
                        <property name="retryIteration" value="0" />
                        <property name="repeatIteration" value="0" />
                      </properties>
                      <output><![CDATA[
##performancetestresult2:{"Name":"TByd.Core.Utils.Tests.Editor.Performance.MathUtilsPerformanceTests.Clamp_Int_Performance","ClassName":"TByd.Core.Utils.Tests.Editor.Performance.MathUtilsPerformanceTests","MethodName":"Clamp_Int_Performance","Version":"1","Categories":["Performance","Performance"],"SampleGroups":[]}
]]></output>
                    </test-case>
                    <test-case id="1232" name="DirectionToRotation_Performance" fullname="TByd.Core.Utils.Tests.Editor.Performance.MathUtilsPerformanceTests.DirectionToRotation_Performance" methodname="DirectionToRotation_Performance" classname="TByd.Core.Utils.Tests.Editor.Performance.MathUtilsPerformanceTests" runstate="Runnable" seed="537093371" result="Passed" start-time="2025-03-24 03:55:07Z" end-time="2025-03-24 03:55:07Z" duration="0.327242" asserts="0">
                      <properties>
                        <property name="Category" value="Performance" />
                        <property name="retryIteration" value="0" />
                        <property name="repeatIteration" value="0" />
                      </properties>
                      <output><![CDATA[DirectionToRotation性能比较_Baseline in Milliseconds
Min:		1.09 ms
Median:		1.10 ms
Max:		1.23 ms
Avg:		1.11 ms
StdDev:		0.04 ms
SampleCount:	10
Sum:		11.14 ms
First samples:	▁█▁▂▁▁▁▁▂▁
(not enough samples for histogram)

DirectionToRotation性能比较_Baseline_GC in Bytes
Min:		0.00 b
Median:		0.00 b
Max:		0.00 b
Avg:		0.00 b
StdDev:		0.00 b
SampleCount:	10
Sum:		0.00 b
First samples:	▁▁▁▁▁▁▁▁▁▁
(not enough samples for histogram)

DirectionToRotation性能比较_Optimized in Milliseconds
Min:		5.29 ms
Median:		5.31 ms
Max:		5.41 ms
Avg:		5.33 ms
StdDev:		0.04 ms
SampleCount:	10
Sum:		53.32 ms
First samples:	▁▂▁▆▂▂▂▅█▇
(not enough samples for histogram)

DirectionToRotation性能比较_Optimized_GC in Bytes
Min:		0.00 b
Median:		0.00 b
Max:		0.00 b
Avg:		0.00 b
StdDev:		0.00 b
SampleCount:	10
Sum:		0.00 b
First samples:	▁▁▁▁▁▁▁▁▁▁
(not enough samples for histogram)


##performancetestresult2:{"Name":"TByd.Core.Utils.Tests.Editor.Performance.MathUtilsPerformanceTests.DirectionToRotation_Performance","ClassName":"TByd.Core.Utils.Tests.Editor.Performance.MathUtilsPerformanceTests","MethodName":"DirectionToRotation_Performance","Version":"1","Categories":["Performance","Performance"],"SampleGroups":[{"Name":"DirectionToRotation性能比较_Baseline","Unit":2,"IncreaseIsBetter":false,"Samples":[1.0986328125,1.22833251953125,1.0967254638671876,1.12152099609375,1.0967254638671876,1.094818115234375,1.0967254638671876,1.0967254638671876,1.10626220703125,1.0986328125],"Min":1.094818115234375,"Max":1.22833251953125,"Median":1.0976791381835938,"Average":1.1135101318359376,"StandardDeviation":0.03901262377404126,"Sum":11.135101318359375},{"Name":"DirectionToRotation性能比较_Baseline_GC","Unit":4,"IncreaseIsBetter":false,"Samples":[0.0,0.0,0.0,0.0,0.0,0.0,0.0,0.0,0.0,0.0],"Min":0.0,"Max":0.0,"Median":0.0,"Average":0.0,"StandardDeviation":0.0,"Sum":0.0},{"Name":"DirectionToRotation性能比较_Optimized","Unit":2,"IncreaseIsBetter":false,"Samples":[5.28717041015625,5.30242919921875,5.2852630615234379,5.3806304931640629,5.3043365478515629,5.306243896484375,5.298614501953125,5.3539276123046879,5.413055419921875,5.3863525390625],"Min":5.2852630615234379,"Max":5.413055419921875,"Median":5.305290222167969,"Average":5.3318023681640629,"StandardDeviation":0.044700374495154428,"Sum":53.318023681640628},{"Name":"DirectionToRotation性能比较_Optimized_GC","Unit":4,"IncreaseIsBetter":false,"Samples":[0.0,0.0,0.0,0.0,0.0,0.0,0.0,0.0,0.0,0.0],"Min":0.0,"Max":0.0,"Median":0.0,"Average":0.0,"StandardDeviation":0.0,"Sum":0.0}]}
]]></output>
                    </test-case>
                    <test-case id="1233" name="DirectionToRotation_WithCustomUp_Performance" fullname="TByd.Core.Utils.Tests.Editor.Performance.MathUtilsPerformanceTests.DirectionToRotation_WithCustomUp_Performance" methodname="DirectionToRotation_WithCustomUp_Performance" classname="TByd.Core.Utils.Tests.Editor.Performance.MathUtilsPerformanceTests" runstate="Runnable" seed="187914306" result="Passed" start-time="2025-03-24 03:55:07Z" end-time="2025-03-24 03:55:07Z" duration="0.324835" asserts="0">
                      <properties>
                        <property name="Category" value="Performance" />
                        <property name="retryIteration" value="0" />
                        <property name="repeatIteration" value="0" />
                      </properties>
                      <output><![CDATA[DirectionToRotation(带自定义up)性能比较_Baseline in Milliseconds
Min:		0.95 ms
Median:		0.95 ms
Max:		0.96 ms
Avg:		0.95 ms
StdDev:		0.00 ms
SampleCount:	10
Sum:		9.54 ms
First samples:	▃▁█▁▁▅▁▅▃▁
(not enough samples for histogram)

DirectionToRotation(带自定义up)性能比较_Baseline_GC in Bytes
Min:		0.00 b
Median:		0.00 b
Max:		0.00 b
Avg:		0.00 b
StdDev:		0.00 b
SampleCount:	10
Sum:		0.00 b
First samples:	▁▁▁▁▁▁▁▁▁▁
(not enough samples for histogram)

DirectionToRotation(带自定义up)性能比较_Optimized in Milliseconds
Min:		5.55 ms
Median:		5.57 ms
Max:		5.68 ms
Avg:		5.58 ms
StdDev:		0.04 ms
SampleCount:	10
Sum:		55.82 ms
First samples:	▁▅▂█▃▂▁▁▁▃
(not enough samples for histogram)

DirectionToRotation(带自定义up)性能比较_Optimized_GC in Bytes
Min:		0.00 b
Median:		0.00 b
Max:		0.00 b
Avg:		0.00 b
StdDev:		0.00 b
SampleCount:	10
Sum:		0.00 b
First samples:	▁▁▁▁▁▁▁▁▁▁
(not enough samples for histogram)


##performancetestresult2:{"Name":"TByd.Core.Utils.Tests.Editor.Performance.MathUtilsPerformanceTests.DirectionToRotation_WithCustomUp_Performance","ClassName":"TByd.Core.Utils.Tests.Editor.Performance.MathUtilsPerformanceTests","MethodName":"DirectionToRotation_WithCustomUp_Performance","Version":"1","Categories":["Performance","Performance"],"SampleGroups":[{"Name":"DirectionToRotation(带自定义up)性能比较_Baseline","Unit":2,"IncreaseIsBetter":false,"Samples":[0.95367431640625,0.9517669677734375,0.9593963623046875,0.9517669677734375,0.9517669677734375,0.9555816650390625,0.9517669677734375,0.9555816650390625,0.95367431640625,0.9517669677734375],"Min":0.9517669677734375,"Max":0.9593963623046875,"Median":0.9527206420898438,"Average":0.95367431640625,"StandardDeviation":0.002412626388678268,"Sum":9.5367431640625},{"Name":"DirectionToRotation(带自定义up)性能比较_Baseline_GC","Unit":4,"IncreaseIsBetter":false,"Samples":[0.0,0.0,0.0,0.0,0.0,0.0,0.0,0.0,0.0,0.0],"Min":0.0,"Max":0.0,"Median":0.0,"Average":0.0,"StandardDeviation":0.0,"Sum":0.0},{"Name":"DirectionToRotation(带自定义up)性能比较_Optimized","Unit":2,"IncreaseIsBetter":false,"Samples":[5.5561065673828129,5.615234375,5.573272705078125,5.680084228515625,5.5866241455078129,5.5713653564453129,5.550384521484375,5.5522918701171879,5.550384521484375,5.584716796875],"Min":5.550384521484375,"Max":5.680084228515625,"Median":5.572319030761719,"Average":5.5820465087890629,"StandardDeviation":0.038072513390865359,"Sum":55.820465087890628},{"Name":"DirectionToRotation(带自定义up)性能比较_Optimized_GC","Unit":4,"IncreaseIsBetter":false,"Samples":[0.0,0.0,0.0,0.0,0.0,0.0,0.0,0.0,0.0,0.0],"Min":0.0,"Max":0.0,"Median":0.0,"Average":0.0,"StandardDeviation":0.0,"Sum":0.0}]}
]]></output>
                    </test-case>
                    <test-case id="1239" name="InverseLerp_Performance" fullname="TByd.Core.Utils.Tests.Editor.Performance.MathUtilsPerformanceTests.InverseLerp_Performance" methodname="InverseLerp_Performance" classname="TByd.Core.Utils.Tests.Editor.Performance.MathUtilsPerformanceTests" runstate="Runnable" seed="236940489" result="Passed" start-time="2025-03-24 03:55:07Z" end-time="2025-03-24 03:55:07Z" duration="0.043948" asserts="0">
                      <properties>
                        <property name="Category" value="Performance" />
                        <property name="retryIteration" value="0" />
                        <property name="repeatIteration" value="0" />
                      </properties>
                      <output><![CDATA[
##performancetestresult2:{"Name":"TByd.Core.Utils.Tests.Editor.Performance.MathUtilsPerformanceTests.InverseLerp_Performance","ClassName":"TByd.Core.Utils.Tests.Editor.Performance.MathUtilsPerformanceTests","MethodName":"InverseLerp_Performance","Version":"1","Categories":["Performance","Performance"],"SampleGroups":[]}
]]></output>
                    </test-case>
                    <test-case id="1234" name="IsPointInPolygon_Performance" fullname="TByd.Core.Utils.Tests.Editor.Performance.MathUtilsPerformanceTests.IsPointInPolygon_Performance" methodname="IsPointInPolygon_Performance" classname="TByd.Core.Utils.Tests.Editor.Performance.MathUtilsPerformanceTests" runstate="Runnable" seed="273494808" result="Passed" start-time="2025-03-24 03:55:07Z" end-time="2025-03-24 03:55:08Z" duration="0.446712" asserts="0">
                      <properties>
                        <property name="Category" value="Performance" />
                        <property name="retryIteration" value="0" />
                        <property name="repeatIteration" value="0" />
                      </properties>
                      <output><![CDATA[IsPointInPolygon(凹多边形(8顶点)) in Milliseconds
Min:		1.53 ms
Median:		1.54 ms
Max:		1.57 ms
Avg:		1.55 ms
StdDev:		0.01 ms
SampleCount:	10
Sum:		15.46 ms
First samples:	▅▁▃▄▂▂▄█▃▃
(not enough samples for histogram)

IsPointInPolygon(凹多边形(8顶点))_GC in Bytes
Min:		0.00 b
Median:		0.00 b
Max:		0.00 b
Avg:		0.00 b
StdDev:		0.00 b
SampleCount:	10
Sum:		0.00 b
First samples:	▁▁▁▁▁▁▁▁▁▁
(not enough samples for histogram)

IsPointInPolygon(复杂多边形(32顶点)) in Milliseconds
Min:		5.23 ms
Median:		5.42 ms
Max:		5.94 ms
Avg:		5.48 ms
StdDev:		0.23 ms
SampleCount:	10
Sum:		54.77 ms
First samples:	█▁▁▂▃▄▁▆▅▃
(not enough samples for histogram)

IsPointInPolygon(复杂多边形(32顶点))_GC in Bytes
Min:		0.00 b
Median:		0.00 b
Max:		0.00 b
Avg:		0.00 b
StdDev:		0.00 b
SampleCount:	10
Sum:		0.00 b
First samples:	▁▁▁▁▁▁▁▁▁▁
(not enough samples for histogram)

IsPointInPolygon(三角形(3顶点)) in Milliseconds
Min:		1.02 ms
Median:		1.02 ms
Max:		1.07 ms
Avg:		1.03 ms
StdDev:		0.01 ms
SampleCount:	10
Sum:		10.30 ms
First samples:	█▁▁▁▄▁▂▃▁▁
(not enough samples for histogram)

IsPointInPolygon(三角形(3顶点))_GC in Bytes
Min:		0.00 b
Median:		0.00 b
Max:		0.00 b
Avg:		0.00 b
StdDev:		0.00 b
SampleCount:	10
Sum:		0.00 b
First samples:	▁▁▁▁▁▁▁▁▁▁
(not enough samples for histogram)


##performancetestresult2:{"Name":"TByd.Core.Utils.Tests.Editor.Performance.MathUtilsPerformanceTests.IsPointInPolygon_Performance","ClassName":"TByd.Core.Utils.Tests.Editor.Performance.MathUtilsPerformanceTests","MethodName":"IsPointInPolygon_Performance","Version":"1","Categories":["Performance","Performance"],"SampleGroups":[{"Name":"IsPointInPolygon(凹多边形(8顶点))","Unit":2,"IncreaseIsBetter":false,"Samples":[1.5544891357421876,1.53350830078125,1.544952392578125,1.54876708984375,1.537322998046875,1.5392303466796876,1.54876708984375,1.5697479248046876,1.5430450439453126,1.544952392578125],"Min":1.53350830078125,"Max":1.5697479248046876,"Median":1.544952392578125,"Average":1.546478271484375,"StandardDeviation":0.009680616409644716,"Sum":15.46478271484375},{"Name":"IsPointInPolygon(凹多边形(8顶点))_GC","Unit":4,"IncreaseIsBetter":false,"Samples":[0.0,0.0,0.0,0.0,0.0,0.0,0.0,0.0,0.0,0.0],"Min":0.0,"Max":0.0,"Median":0.0,"Average":0.0,"StandardDeviation":0.0,"Sum":0.0},{"Name":"IsPointInPolygon(复杂多边形(32顶点))","Unit":2,"IncreaseIsBetter":false,"Samples":[5.9413909912109379,5.268096923828125,5.2280426025390629,5.3157806396484379,5.390167236328125,5.5389404296875,5.2394866943359379,5.74493408203125,5.649566650390625,5.4569244384765629],"Min":5.2280426025390629,"Max":5.9413909912109379,"Median":5.423545837402344,"Average":5.477333068847656,"StandardDeviation":0.22738291753378374,"Sum":54.77333068847656},{"Name":"IsPointInPolygon(复杂多边形(32顶点))_GC","Unit":4,"IncreaseIsBetter":false,"Samples":[0.0,0.0,0.0,0.0,0.0,0.0,0.0,0.0,0.0,0.0],"Min":0.0,"Max":0.0,"Median":0.0,"Average":0.0,"StandardDeviation":0.0,"Sum":0.0},{"Name":"IsPointInPolygon(三角形(3顶点))","Unit":2,"IncreaseIsBetter":false,"Samples":[1.068115234375,1.0204315185546876,1.0223388671875,1.0223388671875,1.0433197021484376,1.0223388671875,1.0242462158203126,1.033782958984375,1.0223388671875,1.0204315185546876],"Min":1.0204315185546876,"Max":1.068115234375,"Median":1.0223388671875,"Average":1.02996826171875,"StandardDeviation":0.014475758332069608,"Sum":10.2996826171875},{"Name":"IsPointInPolygon(三角形(3顶点))_GC","Unit":4,"IncreaseIsBetter":false,"Samples":[0.0,0.0,0.0,0.0,0.0,0.0,0.0,0.0,0.0,0.0],"Min":0.0,"Max":0.0,"Median":0.0,"Average":0.0,"StandardDeviation":0.0,"Sum":0.0}]}
]]></output>
                    </test-case>
                    <test-case id="1238" name="Lerp_Performance" fullname="TByd.Core.Utils.Tests.Editor.Performance.MathUtilsPerformanceTests.Lerp_Performance" methodname="Lerp_Performance" classname="TByd.Core.Utils.Tests.Editor.Performance.MathUtilsPerformanceTests" runstate="Runnable" seed="1571693571" result="Passed" start-time="2025-03-24 03:55:08Z" end-time="2025-03-24 03:55:08Z" duration="0.044797" asserts="0">
                      <properties>
                        <property name="Category" value="Performance" />
                        <property name="retryIteration" value="0" />
                        <property name="repeatIteration" value="0" />
                      </properties>
                      <output><![CDATA[
##performancetestresult2:{"Name":"TByd.Core.Utils.Tests.Editor.Performance.MathUtilsPerformanceTests.Lerp_Performance","ClassName":"TByd.Core.Utils.Tests.Editor.Performance.MathUtilsPerformanceTests","MethodName":"Lerp_Performance","Version":"1","Categories":["Performance","Performance"],"SampleGroups":[]}
]]></output>
                    </test-case>
                    <test-case id="1241" name="Map_Performance" fullname="TByd.Core.Utils.Tests.Editor.Performance.MathUtilsPerformanceTests.Map_Performance" methodname="Map_Performance" classname="TByd.Core.Utils.Tests.Editor.Performance.MathUtilsPerformanceTests" runstate="Runnable" seed="953455556" result="Passed" start-time="2025-03-24 03:55:08Z" end-time="2025-03-24 03:55:08Z" duration="0.045286" asserts="0">
                      <properties>
                        <property name="Category" value="Performance" />
                        <property name="retryIteration" value="0" />
                        <property name="repeatIteration" value="0" />
                      </properties>
                      <output><![CDATA[
##performancetestresult2:{"Name":"TByd.Core.Utils.Tests.Editor.Performance.MathUtilsPerformanceTests.Map_Performance","ClassName":"TByd.Core.Utils.Tests.Editor.Performance.MathUtilsPerformanceTests","MethodName":"Map_Performance","Version":"1","Categories":["Performance","Performance"],"SampleGroups":[]}
]]></output>
                    </test-case>
                    <test-case id="1249" name="MathUtils_Approximately_GCAllocation" fullname="TByd.Core.Utils.Tests.Editor.Performance.MathUtilsPerformanceTests.MathUtils_Approximately_GCAllocation" methodname="MathUtils_Approximately_GCAllocation" classname="TByd.Core.Utils.Tests.Editor.Performance.MathUtilsPerformanceTests" runstate="Runnable" seed="502520425" result="Passed" start-time="2025-03-24 03:55:08Z" end-time="2025-03-24 03:55:08Z" duration="0.046925" asserts="0">
                      <properties>
                        <property name="Category" value="Performance" />
                        <property name="retryIteration" value="0" />
                        <property name="repeatIteration" value="0" />
                      </properties>
                      <output><![CDATA[
##performancetestresult2:{"Name":"TByd.Core.Utils.Tests.Editor.Performance.MathUtilsPerformanceTests.MathUtils_Approximately_GCAllocation","ClassName":"TByd.Core.Utils.Tests.Editor.Performance.MathUtilsPerformanceTests","MethodName":"MathUtils_Approximately_GCAllocation","Version":"1","Categories":["Performance","Performance"],"SampleGroups":[]}
]]></output>
                    </test-case>
                    <test-case id="1244" name="MathUtils_Clamp_Float_GCAllocation" fullname="TByd.Core.Utils.Tests.Editor.Performance.MathUtilsPerformanceTests.MathUtils_Clamp_Float_GCAllocation" methodname="MathUtils_Clamp_Float_GCAllocation" classname="TByd.Core.Utils.Tests.Editor.Performance.MathUtilsPerformanceTests" runstate="Runnable" seed="1036179601" result="Passed" start-time="2025-03-24 03:55:08Z" end-time="2025-03-24 03:55:08Z" duration="0.046911" asserts="0">
                      <properties>
                        <property name="Category" value="Performance" />
                        <property name="retryIteration" value="0" />
                        <property name="repeatIteration" value="0" />
                      </properties>
                      <output><![CDATA[
##performancetestresult2:{"Name":"TByd.Core.Utils.Tests.Editor.Performance.MathUtilsPerformanceTests.MathUtils_Clamp_Float_GCAllocation","ClassName":"TByd.Core.Utils.Tests.Editor.Performance.MathUtilsPerformanceTests","MethodName":"MathUtils_Clamp_Float_GCAllocation","Version":"1","Categories":["Performance","Performance"],"SampleGroups":[]}
]]></output>
                    </test-case>
                    <test-case id="1243" name="MathUtils_Clamp_Int_GCAllocation" fullname="TByd.Core.Utils.Tests.Editor.Performance.MathUtilsPerformanceTests.MathUtils_Clamp_Int_GCAllocation" methodname="MathUtils_Clamp_Int_GCAllocation" classname="TByd.Core.Utils.Tests.Editor.Performance.MathUtilsPerformanceTests" runstate="Runnable" seed="321060180" result="Passed" start-time="2025-03-24 03:55:08Z" end-time="2025-03-24 03:55:08Z" duration="0.048953" asserts="0">
                      <properties>
                        <property name="Category" value="Performance" />
                        <property name="retryIteration" value="0" />
                        <property name="repeatIteration" value="0" />
                      </properties>
                      <output><![CDATA[
##performancetestresult2:{"Name":"TByd.Core.Utils.Tests.Editor.Performance.MathUtilsPerformanceTests.MathUtils_Clamp_Int_GCAllocation","ClassName":"TByd.Core.Utils.Tests.Editor.Performance.MathUtilsPerformanceTests","MethodName":"MathUtils_Clamp_Int_GCAllocation","Version":"1","Categories":["Performance","Performance"],"SampleGroups":[]}
]]></output>
                    </test-case>
                    <test-case id="1235" name="MathUtils_GCAllocation" fullname="TByd.Core.Utils.Tests.Editor.Performance.MathUtilsPerformanceTests.MathUtils_GCAllocation" methodname="MathUtils_GCAllocation" classname="TByd.Core.Utils.Tests.Editor.Performance.MathUtilsPerformanceTests" runstate="Runnable" seed="909090822" result="Passed" start-time="2025-03-24 03:55:08Z" end-time="2025-03-24 03:55:08Z" duration="0.187836" asserts="0">
                      <properties>
                        <property name="Category" value="Performance" />
                        <property name="retryIteration" value="0" />
                        <property name="repeatIteration" value="0" />
                      </properties>
                      <output><![CDATA[
##performancetestresult2:{"Name":"TByd.Core.Utils.Tests.Editor.Performance.MathUtilsPerformanceTests.MathUtils_GCAllocation","ClassName":"TByd.Core.Utils.Tests.Editor.Performance.MathUtilsPerformanceTests","MethodName":"MathUtils_GCAllocation","Version":"1","Categories":["Performance","Performance"],"SampleGroups":[]}
]]></output>
                    </test-case>
                    <test-case id="1246" name="MathUtils_InverseLerp_GCAllocation" fullname="TByd.Core.Utils.Tests.Editor.Performance.MathUtilsPerformanceTests.MathUtils_InverseLerp_GCAllocation" methodname="MathUtils_InverseLerp_GCAllocation" classname="TByd.Core.Utils.Tests.Editor.Performance.MathUtilsPerformanceTests" runstate="Runnable" seed="1952292180" result="Passed" start-time="2025-03-24 03:55:08Z" end-time="2025-03-24 03:55:08Z" duration="0.045342" asserts="0">
                      <properties>
                        <property name="Category" value="Performance" />
                        <property name="retryIteration" value="0" />
                        <property name="repeatIteration" value="0" />
                      </properties>
                      <output><![CDATA[
##performancetestresult2:{"Name":"TByd.Core.Utils.Tests.Editor.Performance.MathUtilsPerformanceTests.MathUtils_InverseLerp_GCAllocation","ClassName":"TByd.Core.Utils.Tests.Editor.Performance.MathUtilsPerformanceTests","MethodName":"MathUtils_InverseLerp_GCAllocation","Version":"1","Categories":["Performance","Performance"],"SampleGroups":[]}
]]></output>
                    </test-case>
                    <test-case id="1245" name="MathUtils_Lerp_GCAllocation" fullname="TByd.Core.Utils.Tests.Editor.Performance.MathUtilsPerformanceTests.MathUtils_Lerp_GCAllocation" methodname="MathUtils_Lerp_GCAllocation" classname="TByd.Core.Utils.Tests.Editor.Performance.MathUtilsPerformanceTests" runstate="Runnable" seed="22686957" result="Passed" start-time="2025-03-24 03:55:08Z" end-time="2025-03-24 03:55:08Z" duration="0.043598" asserts="0">
                      <properties>
                        <property name="Category" value="Performance" />
                        <property name="retryIteration" value="0" />
                        <property name="repeatIteration" value="0" />
                      </properties>
                      <output><![CDATA[
##performancetestresult2:{"Name":"TByd.Core.Utils.Tests.Editor.Performance.MathUtilsPerformanceTests.MathUtils_Lerp_GCAllocation","ClassName":"TByd.Core.Utils.Tests.Editor.Performance.MathUtilsPerformanceTests","MethodName":"MathUtils_Lerp_GCAllocation","Version":"1","Categories":["Performance","Performance"],"SampleGroups":[]}
]]></output>
                    </test-case>
                    <test-case id="1248" name="MathUtils_Map_GCAllocation" fullname="TByd.Core.Utils.Tests.Editor.Performance.MathUtilsPerformanceTests.MathUtils_Map_GCAllocation" methodname="MathUtils_Map_GCAllocation" classname="TByd.Core.Utils.Tests.Editor.Performance.MathUtilsPerformanceTests" runstate="Runnable" seed="1359133353" result="Passed" start-time="2025-03-24 03:55:08Z" end-time="2025-03-24 03:55:08Z" duration="0.045473" asserts="0">
                      <properties>
                        <property name="Category" value="Performance" />
                        <property name="retryIteration" value="0" />
                        <property name="repeatIteration" value="0" />
                      </properties>
                      <output><![CDATA[
##performancetestresult2:{"Name":"TByd.Core.Utils.Tests.Editor.Performance.MathUtilsPerformanceTests.MathUtils_Map_GCAllocation","ClassName":"TByd.Core.Utils.Tests.Editor.Performance.MathUtilsPerformanceTests","MethodName":"MathUtils_Map_GCAllocation","Version":"1","Categories":["Performance","Performance"],"SampleGroups":[]}
]]></output>
                    </test-case>
                    <test-case id="1247" name="MathUtils_SmoothStep_GCAllocation" fullname="TByd.Core.Utils.Tests.Editor.Performance.MathUtilsPerformanceTests.MathUtils_SmoothStep_GCAllocation" methodname="MathUtils_SmoothStep_GCAllocation" classname="TByd.Core.Utils.Tests.Editor.Performance.MathUtilsPerformanceTests" runstate="Runnable" seed="576697131" result="Passed" start-time="2025-03-24 03:55:08Z" end-time="2025-03-24 03:55:08Z" duration="0.044890" asserts="0">
                      <properties>
                        <property name="Category" value="Performance" />
                        <property name="retryIteration" value="0" />
                        <property name="repeatIteration" value="0" />
                      </properties>
                      <output><![CDATA[
##performancetestresult2:{"Name":"TByd.Core.Utils.Tests.Editor.Performance.MathUtilsPerformanceTests.MathUtils_SmoothStep_GCAllocation","ClassName":"TByd.Core.Utils.Tests.Editor.Performance.MathUtilsPerformanceTests","MethodName":"MathUtils_SmoothStep_GCAllocation","Version":"1","Categories":["Performance","Performance"],"SampleGroups":[]}
]]></output>
                    </test-case>
                    <test-case id="1230" name="Remap_Performance" fullname="TByd.Core.Utils.Tests.Editor.Performance.MathUtilsPerformanceTests.Remap_Performance" methodname="Remap_Performance" classname="TByd.Core.Utils.Tests.Editor.Performance.MathUtilsPerformanceTests" runstate="Runnable" seed="1054864446" result="Passed" start-time="2025-03-24 03:55:08Z" end-time="2025-03-24 03:55:09Z" duration="0.396233" asserts="0">
                      <properties>
                        <property name="Category" value="Performance" />
                        <property name="retryIteration" value="0" />
                        <property name="repeatIteration" value="0" />
                      </properties>
                      <output><![CDATA[Remap性能比较_Baseline in Milliseconds
Min:		0.63 ms
Median:		0.63 ms
Max:		0.75 ms
Avg:		0.64 ms
StdDev:		0.04 ms
SampleCount:	10
Sum:		6.43 ms
First samples:	▂▁▁█▁▁▁▁▁▁
(not enough samples for histogram)

Remap性能比较_Baseline_GC in Bytes
Min:		0.00 b
Median:		0.00 b
Max:		0.00 b
Avg:		0.00 b
StdDev:		0.00 b
SampleCount:	10
Sum:		0.00 b
First samples:	▁▁▁▁▁▁▁▁▁▁
(not enough samples for histogram)

Remap性能比较_Optimized in Milliseconds
Min:		10.90 ms
Median:		10.96 ms
Max:		11.03 ms
Avg:		10.96 ms
StdDev:		0.05 ms
SampleCount:	10
Sum:		109.63 ms
First samples:	█▆▁▆▃▄▅▂▁█
(not enough samples for histogram)

Remap性能比较_Optimized_GC in Bytes
Min:		0.00 b
Median:		0.00 b
Max:		0.00 b
Avg:		0.00 b
StdDev:		0.00 b
SampleCount:	10
Sum:		0.00 b
First samples:	▁▁▁▁▁▁▁▁▁▁
(not enough samples for histogram)


##performancetestresult2:{"Name":"TByd.Core.Utils.Tests.Editor.Performance.MathUtilsPerformanceTests.Remap_Performance","ClassName":"TByd.Core.Utils.Tests.Editor.Performance.MathUtilsPerformanceTests","MethodName":"Remap_Performance","Version":"1","Categories":["Performance","Performance"],"SampleGroups":[{"Name":"Remap性能比较_Baseline","Unit":2,"IncreaseIsBetter":false,"Samples":[0.6465911865234375,0.629425048828125,0.6275177001953125,0.751495361328125,0.6275177001953125,0.629425048828125,0.6313323974609375,0.6275177001953125,0.629425048828125,0.629425048828125],"Min":0.6275177001953125,"Max":0.751495361328125,"Median":0.629425048828125,"Average":0.6429672241210938,"StandardDeviation":0.036573876299615167,"Sum":6.4296722412109379},{"Name":"Remap性能比较_Baseline_GC","Unit":4,"IncreaseIsBetter":false,"Samples":[0.0,0.0,0.0,0.0,0.0,0.0,0.0,0.0,0.0,0.0],"Min":0.0,"Max":0.0,"Median":0.0,"Average":0.0,"StandardDeviation":0.0,"Sum":0.0},{"Name":"Remap性能比较_Optimized","Unit":2,"IncreaseIsBetter":false,"Samples":[11.030197143554688,10.995864868164063,10.90240478515625,10.99395751953125,10.944366455078125,10.959625244140625,10.969161987304688,10.913848876953125,10.900497436523438,11.022567749023438],"Min":10.900497436523438,"Max":11.030197143554688,"Median":10.964393615722657,"Average":10.963249206542969,"StandardDeviation":0.04526849988951137,"Sum":109.63249206542969},{"Name":"Remap性能比较_Optimized_GC","Unit":4,"IncreaseIsBetter":false,"Samples":[0.0,0.0,0.0,0.0,0.0,0.0,0.0,0.0,0.0,0.0],"Min":0.0,"Max":0.0,"Median":0.0,"Average":0.0,"StandardDeviation":0.0,"Sum":0.0}]}
]]></output>
                    </test-case>
                    <test-case id="1231" name="SmoothDamp_Performance" fullname="TByd.Core.Utils.Tests.Editor.Performance.MathUtilsPerformanceTests.SmoothDamp_Performance" methodname="SmoothDamp_Performance" classname="TByd.Core.Utils.Tests.Editor.Performance.MathUtilsPerformanceTests" runstate="Runnable" seed="425269673" result="Passed" start-time="2025-03-24 03:55:09Z" end-time="2025-03-24 03:55:09Z" duration="0.264829" asserts="0">
                      <properties>
                        <property name="Category" value="Performance" />
                        <property name="retryIteration" value="0" />
                        <property name="repeatIteration" value="0" />
                      </properties>
                      <output><![CDATA[SmoothDamp性能比较_Baseline in Milliseconds
Min:		0.85 ms
Median:		0.85 ms
Max:		0.88 ms
Avg:		0.85 ms
StdDev:		0.01 ms
SampleCount:	10
Sum:		8.55 ms
First samples:	▁▁▁▁▂▁▁▄▁█
(not enough samples for histogram)

SmoothDamp性能比较_Baseline_GC in Bytes
Min:		0.00 b
Median:		0.00 b
Max:		0.00 b
Avg:		0.00 b
StdDev:		0.00 b
SampleCount:	10
Sum:		0.00 b
First samples:	▁▁▁▁▁▁▁▁▁▁
(not enough samples for histogram)

SmoothDamp性能比较_Optimized in Milliseconds
Min:		0.86 ms
Median:		0.87 ms
Max:		1.02 ms
Avg:		0.88 ms
StdDev:		0.05 ms
SampleCount:	10
Sum:		8.85 ms
First samples:	▁▂▂▁▁▁█▁▁▁
(not enough samples for histogram)

SmoothDamp性能比较_Optimized_GC in Bytes
Min:		0.00 b
Median:		0.00 b
Max:		0.00 b
Avg:		0.00 b
StdDev:		0.00 b
SampleCount:	10
Sum:		0.00 b
First samples:	▁▁▁▁▁▁▁▁▁▁
(not enough samples for histogram)


##performancetestresult2:{"Name":"TByd.Core.Utils.Tests.Editor.Performance.MathUtilsPerformanceTests.SmoothDamp_Performance","ClassName":"TByd.Core.Utils.Tests.Editor.Performance.MathUtilsPerformanceTests","MethodName":"SmoothDamp_Performance","Version":"1","Categories":["Performance","Performance"],"SampleGroups":[{"Name":"SmoothDamp性能比较_Baseline","Unit":2,"IncreaseIsBetter":false,"Samples":[0.8487701416015625,0.850677490234375,0.850677490234375,0.8487701416015625,0.8525848388671875,0.8487701416015625,0.850677490234375,0.86212158203125,0.850677490234375,0.8831024169921875],"Min":0.8487701416015625,"Max":0.8831024169921875,"Median":0.850677490234375,"Average":0.8546829223632813,"StandardDeviation":0.010180668750825895,"Sum":8.546829223632813},{"Name":"SmoothDamp性能比较_Baseline_GC","Unit":4,"IncreaseIsBetter":false,"Samples":[0.0,0.0,0.0,0.0,0.0,0.0,0.0,0.0,0.0,0.0],"Min":0.0,"Max":0.0,"Median":0.0,"Average":0.0,"StandardDeviation":0.0,"Sum":0.0},{"Name":"SmoothDamp性能比较_Optimized","Unit":2,"IncreaseIsBetter":false,"Samples":[0.8678436279296875,0.87738037109375,0.8945465087890625,0.86212158203125,0.8678436279296875,0.86212158203125,1.0204315185546876,0.8678436279296875,0.8640289306640625,0.86212158203125],"Min":0.86212158203125,"Max":1.0204315185546876,"Median":0.8678436279296875,"Average":0.8846282958984375,"StandardDeviation":0.04624130646571553,"Sum":8.846282958984375},{"Name":"SmoothDamp性能比较_Optimized_GC","Unit":4,"IncreaseIsBetter":false,"Samples":[0.0,0.0,0.0,0.0,0.0,0.0,0.0,0.0,0.0,0.0],"Min":0.0,"Max":0.0,"Median":0.0,"Average":0.0,"StandardDeviation":0.0,"Sum":0.0}]}
]]></output>
                    </test-case>
                    <test-case id="1240" name="SmoothStep_Performance" fullname="TByd.Core.Utils.Tests.Editor.Performance.MathUtilsPerformanceTests.SmoothStep_Performance" methodname="SmoothStep_Performance" classname="TByd.Core.Utils.Tests.Editor.Performance.MathUtilsPerformanceTests" runstate="Runnable" seed="284809334" result="Passed" start-time="2025-03-24 03:55:09Z" end-time="2025-03-24 03:55:09Z" duration="0.048914" asserts="0">
                      <properties>
                        <property name="Category" value="Performance" />
                        <property name="retryIteration" value="0" />
                        <property name="repeatIteration" value="0" />
                      </properties>
                      <output><![CDATA[
##performancetestresult2:{"Name":"TByd.Core.Utils.Tests.Editor.Performance.MathUtilsPerformanceTests.SmoothStep_Performance","ClassName":"TByd.Core.Utils.Tests.Editor.Performance.MathUtilsPerformanceTests","MethodName":"SmoothStep_Performance","Version":"1","Categories":["Performance","Performance"],"SampleGroups":[]}
]]></output>
                    </test-case>
                  </test-suite>
                  <test-suite type="TestFixture" id="1250" name="RandomUtilsPerformanceTests" fullname="TByd.Core.Utils.Tests.Editor.Performance.RandomUtilsPerformanceTests" classname="TByd.Core.Utils.Tests.Editor.Performance.RandomUtilsPerformanceTests" runstate="Runnable" testcasecount="6" result="Passed" start-time="2025-03-24 03:55:09Z" end-time="2025-03-24 03:55:12Z" duration="3.260013" total="6" passed="6" failed="0" inconclusive="0" skipped="0" asserts="0">
                    <properties>
                      <property name="Category" value="Performance" />
                    </properties>
                    <test-case id="1251" name="Bool_Performance" fullname="TByd.Core.Utils.Tests.Editor.Performance.RandomUtilsPerformanceTests.Bool_Performance" methodname="Bool_Performance" classname="TByd.Core.Utils.Tests.Editor.Performance.RandomUtilsPerformanceTests" runstate="Runnable" seed="1910072233" result="Passed" start-time="2025-03-24 03:55:09Z" end-time="2025-03-24 03:55:10Z" duration="0.456875" asserts="0">
                      <properties>
                        <property name="Category" value="Performance" />
                        <property name="retryIteration" value="0" />
                        <property name="repeatIteration" value="0" />
                      </properties>
                      <output><![CDATA[Bool(默认概率) in Milliseconds
Min:		0.37 ms
Median:		0.38 ms
Max:		0.39 ms
Avg:		0.38 ms
StdDev:		0.00 ms
SampleCount:	10
Sum:		3.79 ms
First samples:	▆▄▅█▄▄▁▄▆▄
(not enough samples for histogram)

Bool(默认概率)_GC in Bytes
Min:		0.00 b
Median:		0.00 b
Max:		0.00 b
Avg:		0.00 b
StdDev:		0.00 b
SampleCount:	10
Sum:		0.00 b
First samples:	▁▁▁▁▁▁▁▁▁▁
(not enough samples for histogram)

Bool(指定概率) in Milliseconds
Min:		0.39 ms
Median:		0.39 ms
Max:		0.41 ms
Avg:		0.39 ms
StdDev:		0.01 ms
SampleCount:	10
Sum:		3.94 ms
First samples:	▂▂▅▃▃▇▁▃█▅
(not enough samples for histogram)

Bool(指定概率)_GC in Bytes
Min:		0.00 b
Median:		0.00 b
Max:		0.00 b
Avg:		0.00 b
StdDev:		0.00 b
SampleCount:	10
Sum:		0.00 b
First samples:	▁▁▁▁▁▁▁▁▁▁
(not enough samples for histogram)

Bool vs Random.NextDouble_Baseline in Milliseconds
Min:		0.29 ms
Median:		0.29 ms
Max:		0.31 ms
Avg:		0.29 ms
StdDev:		0.01 ms
SampleCount:	10
Sum:		2.94 ms
First samples:	▄▁▄▄█▂▂▁▂▂
(not enough samples for histogram)

Bool vs Random.NextDouble_Baseline_GC in Bytes
Min:		0.00 b
Median:		0.00 b
Max:		0.00 b
Avg:		0.00 b
StdDev:		0.00 b
SampleCount:	10
Sum:		0.00 b
First samples:	▁▁▁▁▁▁▁▁▁▁
(not enough samples for histogram)

Bool vs Random.NextDouble_Optimized in Milliseconds
Min:		0.38 ms
Median:		0.39 ms
Max:		0.39 ms
Avg:		0.39 ms
StdDev:		0.00 ms
SampleCount:	10
Sum:		3.86 ms
First samples:	▂▆▆▇▁▅▆▆▇█
(not enough samples for histogram)

Bool vs Random.NextDouble_Optimized_GC in Bytes
Min:		0.00 b
Median:		0.00 b
Max:		0.00 b
Avg:		0.00 b
StdDev:		0.00 b
SampleCount:	10
Sum:		0.00 b
First samples:	▁▁▁▁▁▁▁▁▁▁
(not enough samples for histogram)


##performancetestresult2:{"Name":"TByd.Core.Utils.Tests.Editor.Performance.RandomUtilsPerformanceTests.Bool_Performance","ClassName":"TByd.Core.Utils.Tests.Editor.Performance.RandomUtilsPerformanceTests","MethodName":"Bool_Performance","Version":"1","Categories":["Performance","Performance"],"SampleGroups":[{"Name":"Bool(默认概率)","Unit":2,"IncreaseIsBetter":false,"Samples":[0.3814697265625,0.377655029296875,0.3795623779296875,0.3871917724609375,0.377655029296875,0.377655029296875,0.370025634765625,0.377655029296875,0.3814697265625,0.377655029296875],"Min":0.370025634765625,"Max":0.3871917724609375,"Median":0.377655029296875,"Average":0.3787994384765625,"StandardDeviation":0.0041085546929431949,"Sum":3.787994384765625},{"Name":"Bool(默认概率)_GC","Unit":4,"IncreaseIsBetter":false,"Samples":[0.0,0.0,0.0,0.0,0.0,0.0,0.0,0.0,0.0,0.0],"Min":0.0,"Max":0.0,"Median":0.0,"Average":0.0,"StandardDeviation":0.0,"Sum":0.0},{"Name":"Bool(指定概率)","Unit":2,"IncreaseIsBetter":false,"Samples":[0.38909912109375,0.38909912109375,0.3986358642578125,0.3910064697265625,0.3910064697265625,0.40435791015625,0.385284423828125,0.3910064697265625,0.408172607421875,0.396728515625],"Min":0.385284423828125,"Max":0.408172607421875,"Median":0.3910064697265625,"Average":0.394439697265625,"StandardDeviation":0.006971613648413492,"Sum":3.94439697265625},{"Name":"Bool(指定概率)_GC","Unit":4,"IncreaseIsBetter":false,"Samples":[0.0,0.0,0.0,0.0,0.0,0.0,0.0,0.0,0.0,0.0],"Min":0.0,"Max":0.0,"Median":0.0,"Average":0.0,"StandardDeviation":0.0,"Sum":0.0},{"Name":"Bool vs Random.NextDouble_Baseline","Unit":2,"IncreaseIsBetter":false,"Samples":[0.29754638671875,0.2880096435546875,0.29754638671875,0.2956390380859375,0.308990478515625,0.2899169921875,0.2918243408203125,0.2880096435546875,0.2918243408203125,0.2918243408203125],"Min":0.2880096435546875,"Max":0.308990478515625,"Median":0.2918243408203125,"Average":0.2941131591796875,"StandardDeviation":0.005958747616505932,"Sum":2.941131591796875},{"Name":"Bool vs Random.NextDouble_Baseline_GC","Unit":4,"IncreaseIsBetter":false,"Samples":[0.0,0.0,0.0,0.0,0.0,0.0,0.0,0.0,0.0,0.0],"Min":0.0,"Max":0.0,"Median":0.0,"Average":0.0,"StandardDeviation":0.0,"Sum":0.0},{"Name":"Bool vs Random.NextDouble_Optimized","Unit":2,"IncreaseIsBetter":false,"Samples":[0.3814697265625,0.3871917724609375,0.3871917724609375,0.38909912109375,0.3795623779296875,0.385284423828125,0.3871917724609375,0.3871917724609375,0.38909912109375,0.3910064697265625],"Min":0.3795623779296875,"Max":0.3910064697265625,"Median":0.3871917724609375,"Average":0.3864288330078125,"StandardDeviation":0.0033255759762120618,"Sum":3.864288330078125},{"Name":"Bool vs Random.NextDouble_Optimized_GC","Unit":4,"IncreaseIsBetter":false,"Samples":[0.0,0.0,0.0,0.0,0.0,0.0,0.0,0.0,0.0,0.0],"Min":0.0,"Max":0.0,"Median":0.0,"Average":0.0,"StandardDeviation":0.0,"Sum":0.0}]}
]]></output>
                    </test-case>
                    <test-case id="1254" name="ColorHSV_Performance" fullname="TByd.Core.Utils.Tests.Editor.Performance.RandomUtilsPerformanceTests.ColorHSV_Performance" methodname="ColorHSV_Performance" classname="TByd.Core.Utils.Tests.Editor.Performance.RandomUtilsPerformanceTests" runstate="Runnable" seed="126049847" result="Passed" start-time="2025-03-24 03:55:10Z" end-time="2025-03-24 03:55:10Z" duration="0.565358" asserts="0">
                      <properties>
                        <property name="Category" value="Performance" />
                        <property name="retryIteration" value="0" />
                        <property name="repeatIteration" value="0" />
                      </properties>
                      <output><![CDATA[ColorHSV(默认参数) in Milliseconds
Min:		2.04 ms
Median:		2.05 ms
Max:		2.14 ms
Avg:		2.06 ms
StdDev:		0.03 ms
SampleCount:	10
Sum:		20.63 ms
First samples:	▁▄▁▃█▁▂▂▁▁
(not enough samples for histogram)

ColorHSV(默认参数)_GC in Bytes
Min:		0.00 b
Median:		0.00 b
Max:		0.00 b
Avg:		0.00 b
StdDev:		0.00 b
SampleCount:	10
Sum:		0.00 b
First samples:	▁▁▁▁▁▁▁▁▁▁
(not enough samples for histogram)

ColorHSV(自定义参数) in Milliseconds
Min:		2.03 ms
Median:		2.04 ms
Max:		2.28 ms
Avg:		2.06 ms
StdDev:		0.07 ms
SampleCount:	10
Sum:		20.63 ms
First samples:	▁█▁▁▁▁▁▁▁▁
(not enough samples for histogram)

ColorHSV(自定义参数)_GC in Bytes
Min:		0.00 b
Median:		0.00 b
Max:		0.00 b
Avg:		0.00 b
StdDev:		0.00 b
SampleCount:	10
Sum:		0.00 b
First samples:	▁▁▁▁▁▁▁▁▁▁
(not enough samples for histogram)

ColorHSV vs Unity Random.ColorHSV_Baseline in Milliseconds
Min:		3.26 ms
Median:		3.27 ms
Max:		3.31 ms
Avg:		3.27 ms
StdDev:		0.01 ms
SampleCount:	10
Sum:		32.73 ms
First samples:	▅▁▁▃▁▁▂▂█▁
(not enough samples for histogram)

ColorHSV vs Unity Random.ColorHSV_Baseline_GC in Bytes
Min:		0.00 b
Median:		0.00 b
Max:		0.00 b
Avg:		0.00 b
StdDev:		0.00 b
SampleCount:	10
Sum:		0.00 b
First samples:	▁▁▁▁▁▁▁▁▁▁
(not enough samples for histogram)

ColorHSV vs Unity Random.ColorHSV_Optimized in Milliseconds
Min:		2.04 ms
Median:		2.04 ms
Max:		2.16 ms
Avg:		2.06 ms
StdDev:		0.04 ms
SampleCount:	10
Sum:		20.56 ms
First samples:	▁▁▂▁▁▁▂▁█▁
(not enough samples for histogram)

ColorHSV vs Unity Random.ColorHSV_Optimized_GC in Bytes
Min:		0.00 b
Median:		0.00 b
Max:		0.00 b
Avg:		0.00 b
StdDev:		0.00 b
SampleCount:	10
Sum:		0.00 b
First samples:	▁▁▁▁▁▁▁▁▁▁
(not enough samples for histogram)


##performancetestresult2:{"Name":"TByd.Core.Utils.Tests.Editor.Performance.RandomUtilsPerformanceTests.ColorHSV_Performance","ClassName":"TByd.Core.Utils.Tests.Editor.Performance.RandomUtilsPerformanceTests","MethodName":"ColorHSV_Performance","Version":"1","Categories":["Performance","Performance"],"SampleGroups":[{"Name":"ColorHSV(默认参数)","Unit":2,"IncreaseIsBetter":false,"Samples":[2.048492431640625,2.0809173583984377,2.044677734375,2.0694732666015627,2.14385986328125,2.0427703857421877,2.0542144775390627,2.05230712890625,2.044677734375,2.044677734375],"Min":2.0427703857421877,"Max":2.14385986328125,"Median":2.0503997802734377,"Average":2.0626068115234377,"StandardDeviation":0.029526348255946894,"Sum":20.626068115234376},{"Name":"ColorHSV(默认参数)_GC","Unit":4,"IncreaseIsBetter":false,"Samples":[0.0,0.0,0.0,0.0,0.0,0.0,0.0,0.0,0.0,0.0],"Min":0.0,"Max":0.0,"Median":0.0,"Average":0.0,"StandardDeviation":0.0,"Sum":0.0},{"Name":"ColorHSV(自定义参数)","Unit":2,"IncreaseIsBetter":false,"Samples":[2.040863037109375,2.2830963134765627,2.0351409912109377,2.0427703857421877,2.03704833984375,2.0351409912109377,2.033233642578125,2.0465850830078127,2.044677734375,2.033233642578125],"Min":2.033233642578125,"Max":2.2830963134765627,"Median":2.0389556884765627,"Average":2.0631790161132814,"StandardDeviation":0.0734467926797601,"Sum":20.631790161132814},{"Name":"ColorHSV(自定义参数)_GC","Unit":4,"IncreaseIsBetter":false,"Samples":[0.0,0.0,0.0,0.0,0.0,0.0,0.0,0.0,0.0,0.0],"Min":0.0,"Max":0.0,"Median":0.0,"Average":0.0,"StandardDeviation":0.0,"Sum":0.0},{"Name":"ColorHSV vs Unity Random.ColorHSV_Baseline","Unit":2,"IncreaseIsBetter":false,"Samples":[3.28826904296875,3.265380859375,3.2634735107421877,3.276824951171875,3.265380859375,3.265380859375,3.2711029052734377,3.2672882080078127,3.307342529296875,3.2634735107421877],"Min":3.2634735107421877,"Max":3.307342529296875,"Median":3.2663345336914064,"Average":3.2733917236328127,"StandardDeviation":0.013481595647485575,"Sum":32.733917236328128},{"Name":"ColorHSV vs Unity Random.ColorHSV_Baseline_GC","Unit":4,"IncreaseIsBetter":false,"Samples":[0.0,0.0,0.0,0.0,0.0,0.0,0.0,0.0,0.0,0.0],"Min":0.0,"Max":0.0,"Median":0.0,"Average":0.0,"StandardDeviation":0.0,"Sum":0.0},{"Name":"ColorHSV vs Unity Random.ColorHSV_Optimized","Unit":2,"IncreaseIsBetter":false,"Samples":[2.03704833984375,2.0389556884765627,2.0618438720703127,2.0389556884765627,2.044677734375,2.03704833984375,2.0618438720703127,2.040863037109375,2.162933349609375,2.03704833984375],"Min":2.03704833984375,"Max":2.162933349609375,"Median":2.0399093627929689,"Average":2.056121826171875,"StandardDeviation":0.03676782458502652,"Sum":20.56121826171875},{"Name":"ColorHSV vs Unity Random.ColorHSV_Optimized_GC","Unit":4,"IncreaseIsBetter":false,"Samples":[0.0,0.0,0.0,0.0,0.0,0.0,0.0,0.0,0.0,0.0],"Min":0.0,"Max":0.0,"Median":0.0,"Average":0.0,"StandardDeviation":0.0,"Sum":0.0}]}
]]></output>
                    </test-case>
                    <test-case id="1253" name="Gaussian_Performance" fullname="TByd.Core.Utils.Tests.Editor.Performance.RandomUtilsPerformanceTests.Gaussian_Performance" methodname="Gaussian_Performance" classname="TByd.Core.Utils.Tests.Editor.Performance.RandomUtilsPerformanceTests" runstate="Runnable" seed="1917056280" result="Passed" start-time="2025-03-24 03:55:10Z" end-time="2025-03-24 03:55:11Z" duration="0.647077" asserts="0">
                      <properties>
                        <property name="Category" value="Performance" />
                        <property name="retryIteration" value="0" />
                        <property name="repeatIteration" value="0" />
                      </properties>
                      <output><![CDATA[Gaussian(标准正态分布) in Milliseconds
Min:		1.69 ms
Median:		1.69 ms
Max:		1.71 ms
Avg:		1.70 ms
StdDev:		0.01 ms
SampleCount:	10
Sum:		16.96 ms
First samples:	▂▂▆▁▂▃▃▂▄█
(not enough samples for histogram)

Gaussian(标准正态分布)_GC in Bytes
Min:		0.00 b
Median:		0.00 b
Max:		0.00 b
Avg:		0.00 b
StdDev:		0.00 b
SampleCount:	10
Sum:		0.00 b
First samples:	▁▁▁▁▁▁▁▁▁▁
(not enough samples for histogram)

Gaussian(自定义正态分布) in Milliseconds
Min:		1.69 ms
Median:		1.71 ms
Max:		1.79 ms
Avg:		1.72 ms
StdDev:		0.03 ms
SampleCount:	10
Sum:		17.15 ms
First samples:	▃▁▃▁█▂▅▁▃▂
(not enough samples for histogram)

Gaussian(自定义正态分布)_GC in Bytes
Min:		0.00 b
Median:		0.00 b
Max:		0.00 b
Avg:		0.00 b
StdDev:		0.00 b
SampleCount:	10
Sum:		0.00 b
First samples:	▁▁▁▁▁▁▁▁▁▁
(not enough samples for histogram)

Gaussian(零标准差) in Milliseconds
Min:		1.69 ms
Median:		1.69 ms
Max:		1.77 ms
Avg:		1.70 ms
StdDev:		0.02 ms
SampleCount:	10
Sum:		16.98 ms
First samples:	▁▁▂▁▁▂▂▁█▁
(not enough samples for histogram)

Gaussian(零标准差)_GC in Bytes
Min:		0.00 b
Median:		0.00 b
Max:		0.00 b
Avg:		0.00 b
StdDev:		0.00 b
SampleCount:	10
Sum:		0.00 b
First samples:	▁▁▁▁▁▁▁▁▁▁
(not enough samples for histogram)

Gaussian vs 手动Box-Muller变换_Baseline in Milliseconds
Min:		1.24 ms
Median:		1.24 ms
Max:		1.31 ms
Avg:		1.26 ms
StdDev:		0.03 ms
SampleCount:	10
Sum:		12.57 ms
First samples:	▁▁▇▁▃▄▂▂▁█
(not enough samples for histogram)

Gaussian vs 手动Box-Muller变换_Baseline_GC in Bytes
Min:		0.00 b
Median:		0.00 b
Max:		0.00 b
Avg:		0.00 b
StdDev:		0.00 b
SampleCount:	10
Sum:		0.00 b
First samples:	▁▁▁▁▁▁▁▁▁▁
(not enough samples for histogram)

Gaussian vs 手动Box-Muller变换_Optimized in Milliseconds
Min:		1.66 ms
Median:		1.66 ms
Max:		1.94 ms
Avg:		1.69 ms
StdDev:		0.08 ms
SampleCount:	10
Sum:		16.93 ms
First samples:	▁▁▁▁█▁▁▁▁▁
(not enough samples for histogram)

Gaussian vs 手动Box-Muller变换_Optimized_GC in Bytes
Min:		0.00 b
Median:		0.00 b
Max:		0.00 b
Avg:		0.00 b
StdDev:		0.00 b
SampleCount:	10
Sum:		0.00 b
First samples:	▁▁▁▁▁▁▁▁▁▁
(not enough samples for histogram)


##performancetestresult2:{"Name":"TByd.Core.Utils.Tests.Editor.Performance.RandomUtilsPerformanceTests.Gaussian_Performance","ClassName":"TByd.Core.Utils.Tests.Editor.Performance.RandomUtilsPerformanceTests","MethodName":"Gaussian_Performance","Version":"1","Categories":["Performance","Performance"],"SampleGroups":[{"Name":"Gaussian(标准正态分布)","Unit":2,"IncreaseIsBetter":false,"Samples":[1.689910888671875,1.6918182373046876,1.7070770263671876,1.6880035400390626,1.689910888671875,1.6956329345703126,1.6956329345703126,1.689910888671875,1.697540283203125,1.712799072265625],"Min":1.6880035400390626,"Max":1.712799072265625,"Median":1.6937255859375,"Average":1.6958236694335938,"StandardDeviation":0.007745338632296353,"Sum":16.958236694335939},{"Name":"Gaussian(标准正态分布)_GC","Unit":4,"IncreaseIsBetter":false,"Samples":[0.0,0.0,0.0,0.0,0.0,0.0,0.0,0.0,0.0,0.0],"Min":0.0,"Max":0.0,"Median":0.0,"Average":0.0,"StandardDeviation":0.0,"Sum":0.0},{"Name":"Gaussian(自定义正态分布)","Unit":2,"IncreaseIsBetter":false,"Samples":[1.712799072265625,1.68609619140625,1.7242431640625,1.6880035400390626,1.79290771484375,1.7032623291015626,1.743316650390625,1.6918182373046876,1.708984375,1.6994476318359376],"Min":1.68609619140625,"Max":1.79290771484375,"Median":1.7061233520507813,"Average":1.715087890625,"StandardDeviation":0.030788175619477957,"Sum":17.15087890625},{"Name":"Gaussian(自定义正态分布)_GC","Unit":4,"IncreaseIsBetter":false,"Samples":[0.0,0.0,0.0,0.0,0.0,0.0,0.0,0.0,0.0,0.0],"Min":0.0,"Max":0.0,"Median":0.0,"Average":0.0,"StandardDeviation":0.0,"Sum":0.0},{"Name":"Gaussian(零标准差)","Unit":2,"IncreaseIsBetter":false,"Samples":[1.689910888671875,1.68609619140625,1.6956329345703126,1.689910888671875,1.68609619140625,1.6994476318359376,1.6937255859375,1.689910888671875,1.7681121826171876,1.68609619140625],"Min":1.68609619140625,"Max":1.7681121826171876,"Median":1.689910888671875,"Average":1.6984939575195313,"StandardDeviation":0.02358103179812046,"Sum":16.984939575195314},{"Name":"Gaussian(零标准差)_GC","Unit":4,"IncreaseIsBetter":false,"Samples":[0.0,0.0,0.0,0.0,0.0,0.0,0.0,0.0,0.0,0.0],"Min":0.0,"Max":0.0,"Median":0.0,"Average":0.0,"StandardDeviation":0.0,"Sum":0.0},{"Name":"Gaussian vs 手动Box-Muller变换_Baseline","Unit":2,"IncreaseIsBetter":false,"Samples":[1.2378692626953126,1.2359619140625,1.300811767578125,1.239776611328125,1.255035400390625,1.2722015380859376,1.2416839599609376,1.2416839599609376,1.2378692626953126,1.3103485107421876],"Min":1.2359619140625,"Max":1.3103485107421876,"Median":1.2416839599609376,"Average":1.25732421875,"StandardDeviation":0.026343516037932659,"Sum":12.5732421875},{"Name":"Gaussian vs 手动Box-Muller变换_Baseline_GC","Unit":4,"IncreaseIsBetter":false,"Samples":[0.0,0.0,0.0,0.0,0.0,0.0,0.0,0.0,0.0,0.0],"Min":0.0,"Max":0.0,"Median":0.0,"Average":0.0,"StandardDeviation":0.0,"Sum":0.0},{"Name":"Gaussian vs 手动Box-Muller变换_Optimized","Unit":2,"IncreaseIsBetter":false,"Samples":[1.659393310546875,1.6613006591796876,1.674652099609375,1.6651153564453126,1.9435882568359376,1.6613006591796876,1.6632080078125,1.6632080078125,1.678466796875,1.659393310546875],"Min":1.659393310546875,"Max":1.9435882568359376,"Median":1.6632080078125,"Average":1.692962646484375,"StandardDeviation":0.08376366423759983,"Sum":16.92962646484375},{"Name":"Gaussian vs 手动Box-Muller变换_Optimized_GC","Unit":4,"IncreaseIsBetter":false,"Samples":[0.0,0.0,0.0,0.0,0.0,0.0,0.0,0.0,0.0,0.0],"Min":0.0,"Max":0.0,"Median":0.0,"Average":0.0,"StandardDeviation":0.0,"Sum":0.0}]}
]]></output>
                    </test-case>
                    <test-case id="1255" name="GenerateId_Performance" fullname="TByd.Core.Utils.Tests.Editor.Performance.RandomUtilsPerformanceTests.GenerateId_Performance" methodname="GenerateId_Performance" classname="TByd.Core.Utils.Tests.Editor.Performance.RandomUtilsPerformanceTests" runstate="Runnable" seed="926457985" result="Passed" start-time="2025-03-24 03:55:11Z" end-time="2025-03-24 03:55:12Z" duration="0.947073" asserts="0">
                      <properties>
                        <property name="Category" value="Performance" />
                        <property name="retryIteration" value="0" />
                        <property name="repeatIteration" value="0" />
                      </properties>
                      <output><![CDATA[GenerateId(length=8) in Milliseconds
Min:		0.06 ms
Median:		0.06 ms
Max:		0.06 ms
Avg:		0.06 ms
StdDev:		0.00 ms
SampleCount:	10
Sum:		0.60 ms
First samples:	▁▁▁██▁██▁█
(not enough samples for histogram)

GenerateId(length=8)_GC in Bytes
Min:		0.00 b
Median:		0.00 b
Max:		0.00 b
Avg:		0.00 b
StdDev:		0.00 b
SampleCount:	10
Sum:		0.00 b
First samples:	▁▁▁▁▁▁▁▁▁▁
(not enough samples for histogram)

GenerateId(length=16) in Milliseconds
Min:		0.09 ms
Median:		0.09 ms
Max:		0.09 ms
Avg:		0.09 ms
StdDev:		0.00 ms
SampleCount:	10
Sum:		0.87 ms
First samples:	▁██▁▅▅▁▅▁▅
(not enough samples for histogram)

GenerateId(length=16)_GC in Bytes
Min:		0.00 b
Median:		0.00 b
Max:		0.00 b
Avg:		0.00 b
StdDev:		0.00 b
SampleCount:	10
Sum:		0.00 b
First samples:	▁▁▁▁▁▁▁▁▁▁
(not enough samples for histogram)

GenerateId(length=32) in Milliseconds
Min:		0.14 ms
Median:		0.14 ms
Max:		0.14 ms
Avg:		0.14 ms
StdDev:		0.00 ms
SampleCount:	10
Sum:		1.39 ms
First samples:	▃▁▃▁▁▁█▆▃▆
(not enough samples for histogram)

GenerateId(length=32)_GC in Bytes
Min:		0.00 b
Median:		0.00 b
Max:		0.00 b
Avg:		0.00 b
StdDev:		0.00 b
SampleCount:	10
Sum:		0.00 b
First samples:	▁▁▁▁▁▁▁▁▁▁
(not enough samples for histogram)

GenerateId(length=64) in Milliseconds
Min:		0.24 ms
Median:		0.25 ms
Max:		0.25 ms
Avg:		0.25 ms
StdDev:		0.00 ms
SampleCount:	10
Sum:		2.46 ms
First samples:	▄▄▁▅▁▄█▂▄█
(not enough samples for histogram)

GenerateId(length=64)_GC in Bytes
Min:		4096.00 b
Median:		4096.00 b
Max:		4096.00 b
Avg:		4096.00 b
StdDev:		0.00 b
SampleCount:	10
Sum:		40960.00 b
First samples:	▁▁▁▁▁▁▁▁▁▁
(not enough samples for histogram)

GenerateId(length=128) in Milliseconds
Min:		0.45 ms
Median:		0.45 ms
Max:		0.47 ms
Avg:		0.45 ms
StdDev:		0.01 ms
SampleCount:	10
Sum:		4.51 ms
First samples:	▂▂▃▂▂▂▂▁▂█
(not enough samples for histogram)

GenerateId(length=128)_GC in Bytes
Min:		12288.00 b
Median:		12288.00 b
Max:		12288.00 b
Avg:		12288.00 b
StdDev:		0.00 b
SampleCount:	10
Sum:		122880.00 b
First samples:	▁▁▁▁▁▁▁▁▁▁
(not enough samples for histogram)

GenerateId(includeSpecialChars=true) in Milliseconds
Min:		0.08 ms
Median:		0.09 ms
Max:		0.09 ms
Avg:		0.09 ms
StdDev:		0.00 ms
SampleCount:	10
Sum:		0.87 ms
First samples:	█▃▁▆▃▃▃▆▆▆
(not enough samples for histogram)

GenerateId(includeSpecialChars=true)_GC in Bytes
Min:		0.00 b
Median:		0.00 b
Max:		0.00 b
Avg:		0.00 b
StdDev:		0.00 b
SampleCount:	10
Sum:		0.00 b
First samples:	▁▁▁▁▁▁▁▁▁▁
(not enough samples for histogram)

GenerateId(includeSpecialChars=false) in Milliseconds
Min:		0.08 ms
Median:		0.09 ms
Max:		0.09 ms
Avg:		0.09 ms
StdDev:		0.00 ms
SampleCount:	10
Sum:		0.85 ms
First samples:	▅▁▁▅█▅▅▁▅▁
(not enough samples for histogram)

GenerateId(includeSpecialChars=false)_GC in Bytes
Min:		0.00 b
Median:		0.00 b
Max:		0.00 b
Avg:		0.00 b
StdDev:		0.00 b
SampleCount:	10
Sum:		0.00 b
First samples:	▁▁▁▁▁▁▁▁▁▁
(not enough samples for histogram)

GenerateId vs Guid生成16字符ID_Baseline in Milliseconds
Min:		0.09 ms
Median:		0.09 ms
Max:		0.10 ms
Avg:		0.09 ms
StdDev:		0.00 ms
SampleCount:	10
Sum:		0.91 ms
First samples:	▃▅▃▅▁▆█▆▃▅
(not enough samples for histogram)

GenerateId vs Guid生成16字符ID_Baseline_GC in Bytes
Min:		0.00 b
Median:		0.00 b
Max:		0.00 b
Avg:		0.00 b
StdDev:		0.00 b
SampleCount:	10
Sum:		0.00 b
First samples:	▁▁▁▁▁▁▁▁▁▁
(not enough samples for histogram)

GenerateId vs Guid生成16字符ID_Optimized in Milliseconds
Min:		0.08 ms
Median:		0.09 ms
Max:		0.09 ms
Avg:		0.09 ms
StdDev:		0.00 ms
SampleCount:	10
Sum:		0.86 ms
First samples:	▅▅▅█▅▅▁█▁█
(not enough samples for histogram)

GenerateId vs Guid生成16字符ID_Optimized_GC in Bytes
Min:		0.00 b
Median:		0.00 b
Max:		0.00 b
Avg:		0.00 b
StdDev:		0.00 b
SampleCount:	10
Sum:		0.00 b
First samples:	▁▁▁▁▁▁▁▁▁▁
(not enough samples for histogram)


##performancetestresult2:{"Name":"TByd.Core.Utils.Tests.Editor.Performance.RandomUtilsPerformanceTests.GenerateId_Performance","ClassName":"TByd.Core.Utils.Tests.Editor.Performance.RandomUtilsPerformanceTests","MethodName":"GenerateId_Performance","Version":"1","Categories":["Performance","Performance"],"SampleGroups":[{"Name":"GenerateId(length=8)","Unit":2,"IncreaseIsBetter":false,"Samples":[0.0591278076171875,0.0591278076171875,0.0591278076171875,0.06103515625,0.06103515625,0.0591278076171875,0.06103515625,0.06103515625,0.0591278076171875,0.06103515625],"Min":0.0591278076171875,"Max":0.06103515625,"Median":0.06008148193359375,"Average":0.06008148193359375,"StandardDeviation":0.00095367431640625,"Sum":0.6008148193359375},{"Name":"GenerateId(length=8)_GC","Unit":4,"IncreaseIsBetter":false,"Samples":[0.0,0.0,0.0,0.0,0.0,0.0,0.0,0.0,0.0,0.0],"Min":0.0,"Max":0.0,"Median":0.0,"Average":0.0,"StandardDeviation":0.0,"Sum":0.0},{"Name":"GenerateId(length=16)","Unit":2,"IncreaseIsBetter":false,"Samples":[0.0858306884765625,0.0896453857421875,0.0896453857421875,0.0858306884765625,0.087738037109375,0.087738037109375,0.0858306884765625,0.087738037109375,0.0858306884765625,0.087738037109375],"Min":0.0858306884765625,"Max":0.0896453857421875,"Median":0.087738037109375,"Average":0.0873565673828125,"StandardDeviation":0.0014273290202232138,"Sum":0.873565673828125},{"Name":"GenerateId(length=16)_GC","Unit":4,"IncreaseIsBetter":false,"Samples":[0.0,0.0,0.0,0.0,0.0,0.0,0.0,0.0,0.0,0.0],"Min":0.0,"Max":0.0,"Median":0.0,"Average":0.0,"StandardDeviation":0.0,"Sum":0.0},{"Name":"GenerateId(length=32)","Unit":2,"IncreaseIsBetter":false,"Samples":[0.1392364501953125,0.1373291015625,0.1392364501953125,0.1373291015625,0.1373291015625,0.1373291015625,0.1430511474609375,0.141143798828125,0.1392364501953125,0.141143798828125],"Min":0.1373291015625,"Max":0.1430511474609375,"Median":0.1392364501953125,"Average":0.1392364501953125,"StandardDeviation":0.0019073486328125,"Sum":1.392364501953125},{"Name":"GenerateId(length=32)_GC","Unit":4,"IncreaseIsBetter":false,"Samples":[0.0,0.0,0.0,0.0,0.0,0.0,0.0,0.0,0.0,0.0],"Min":0.0,"Max":0.0,"Median":0.0,"Average":0.0,"StandardDeviation":0.0,"Sum":0.0},{"Name":"GenerateId(length=64)","Unit":2,"IncreaseIsBetter":false,"Samples":[0.2460479736328125,0.2460479736328125,0.2422332763671875,0.247955322265625,0.2422332763671875,0.2460479736328125,0.25177001953125,0.244140625,0.2460479736328125,0.25177001953125],"Min":0.2422332763671875,"Max":0.25177001953125,"Median":0.2460479736328125,"Average":0.246429443359375,"StandardDeviation":0.0031687255336448956,"Sum":2.46429443359375},{"Name":"GenerateId(length=64)_GC","Unit":4,"IncreaseIsBetter":false,"Samples":[4096.0,4096.0,4096.0,4096.0,4096.0,4096.0,4096.0,4096.0,4096.0,4096.0],"Min":4096.0,"Max":4096.0,"Median":4096.0,"Average":4096.0,"StandardDeviation":0.0,"Sum":40960.0},{"Name":"GenerateId(length=128)","Unit":2,"IncreaseIsBetter":false,"Samples":[0.45013427734375,0.4482269287109375,0.4520416259765625,0.45013427734375,0.45013427734375,0.4482269287109375,0.4482269287109375,0.446319580078125,0.45013427734375,0.46539306640625],"Min":0.446319580078125,"Max":0.46539306640625,"Median":0.45013427734375,"Average":0.450897216796875,"StandardDeviation":0.005060767807549133,"Sum":4.50897216796875},{"Name":"GenerateId(length=128)_GC","Unit":4,"IncreaseIsBetter":false,"Samples":[12288.0,12288.0,12288.0,12288.0,12288.0,12288.0,12288.0,12288.0,12288.0,12288.0],"Min":12288.0,"Max":12288.0,"Median":12288.0,"Average":12288.0,"StandardDeviation":0.0,"Sum":122880.0},{"Name":"GenerateId(includeSpecialChars=true)","Unit":2,"IncreaseIsBetter":false,"Samples":[0.0896453857421875,0.0858306884765625,0.08392333984375,0.087738037109375,0.0858306884765625,0.0858306884765625,0.0858306884765625,0.087738037109375,0.087738037109375,0.087738037109375],"Min":0.08392333984375,"Max":0.0896453857421875,"Median":0.08678436279296875,"Average":0.08678436279296875,"StandardDeviation":0.0015377536293599223,"Sum":0.8678436279296875},{"Name":"GenerateId(includeSpecialChars=true)_GC","Unit":4,"IncreaseIsBetter":false,"Samples":[0.0,0.0,0.0,0.0,0.0,0.0,0.0,0.0,0.0,0.0],"Min":0.0,"Max":0.0,"Median":0.0,"Average":0.0,"StandardDeviation":0.0,"Sum":0.0},{"Name":"GenerateId(includeSpecialChars=false)","Unit":2,"IncreaseIsBetter":false,"Samples":[0.0858306884765625,0.08392333984375,0.08392333984375,0.0858306884765625,0.087738037109375,0.0858306884765625,0.0858306884765625,0.08392333984375,0.0858306884765625,0.08392333984375],"Min":0.08392333984375,"Max":0.087738037109375,"Median":0.0858306884765625,"Average":0.08525848388671875,"StandardDeviation":0.0012212990259996126,"Sum":0.8525848388671875},{"Name":"GenerateId(includeSpecialChars=false)_GC","Unit":4,"IncreaseIsBetter":false,"Samples":[0.0,0.0,0.0,0.0,0.0,0.0,0.0,0.0,0.0,0.0],"Min":0.0,"Max":0.0,"Median":0.0,"Average":0.0,"StandardDeviation":0.0,"Sum":0.0},{"Name":"GenerateId vs Guid生成16字符ID_Baseline","Unit":2,"IncreaseIsBetter":false,"Samples":[0.0896453857421875,0.091552734375,0.0896453857421875,0.091552734375,0.087738037109375,0.0934600830078125,0.095367431640625,0.0934600830078125,0.0896453857421875,0.091552734375],"Min":0.087738037109375,"Max":0.095367431640625,"Median":0.091552734375,"Average":0.09136199951171875,"StandardDeviation":0.0021663316138459296,"Sum":0.9136199951171875},{"Name":"GenerateId vs Guid生成16字符ID_Baseline_GC","Unit":4,"IncreaseIsBetter":false,"Samples":[0.0,0.0,0.0,0.0,0.0,0.0,0.0,0.0,0.0,0.0],"Min":0.0,"Max":0.0,"Median":0.0,"Average":0.0,"StandardDeviation":0.0,"Sum":0.0},{"Name":"GenerateId vs Guid生成16字符ID_Optimized","Unit":2,"IncreaseIsBetter":false,"Samples":[0.0858306884765625,0.0858306884765625,0.0858306884765625,0.087738037109375,0.0858306884765625,0.0858306884765625,0.08392333984375,0.087738037109375,0.08392333984375,0.087738037109375],"Min":0.08392333984375,"Max":0.087738037109375,"Median":0.0858306884765625,"Average":0.08602142333984375,"StandardDeviation":0.00133514404296875,"Sum":0.8602142333984375},{"Name":"GenerateId vs Guid生成16字符ID_Optimized_GC","Unit":4,"IncreaseIsBetter":false,"Samples":[0.0,0.0,0.0,0.0,0.0,0.0,0.0,0.0,0.0,0.0],"Min":0.0,"Max":0.0,"Median":0.0,"Average":0.0,"StandardDeviation":0.0,"Sum":0.0}]}
]]></output>
                    </test-case>
                    <test-case id="1256" name="RandomUtils_GCAllocation" fullname="TByd.Core.Utils.Tests.Editor.Performance.RandomUtilsPerformanceTests.RandomUtils_GCAllocation" methodname="RandomUtils_GCAllocation" classname="TByd.Core.Utils.Tests.Editor.Performance.RandomUtilsPerformanceTests" runstate="Runnable" seed="1428779438" result="Passed" start-time="2025-03-24 03:55:12Z" end-time="2025-03-24 03:55:12Z" duration="0.175772" asserts="0">
                      <properties>
                        <property name="Category" value="Performance" />
                        <property name="retryIteration" value="0" />
                        <property name="repeatIteration" value="0" />
                      </properties>
                      <output><![CDATA[
##performancetestresult2:{"Name":"TByd.Core.Utils.Tests.Editor.Performance.RandomUtilsPerformanceTests.RandomUtils_GCAllocation","ClassName":"TByd.Core.Utils.Tests.Editor.Performance.RandomUtilsPerformanceTests","MethodName":"RandomUtils_GCAllocation","Version":"1","Categories":["Performance","Performance"],"SampleGroups":[]}
]]></output>
                    </test-case>
                    <test-case id="1252" name="WeightedRandom_Performance" fullname="TByd.Core.Utils.Tests.Editor.Performance.RandomUtilsPerformanceTests.WeightedRandom_Performance" methodname="WeightedRandom_Performance" classname="TByd.Core.Utils.Tests.Editor.Performance.RandomUtilsPerformanceTests" runstate="Runnable" seed="1053676529" result="Passed" start-time="2025-03-24 03:55:12Z" end-time="2025-03-24 03:55:12Z" duration="0.459960" asserts="0">
                      <properties>
                        <property name="Category" value="Performance" />
                        <property name="retryIteration" value="0" />
                        <property name="repeatIteration" value="0" />
                      </properties>
                      <output><![CDATA[WeightedRandom(小型数组) in Milliseconds
Min:		0.08 ms
Median:		0.08 ms
Max:		0.09 ms
Avg:		0.08 ms
StdDev:		0.00 ms
SampleCount:	10
Sum:		0.85 ms
First samples:	▁▁█▁██▁█▁▁
(not enough samples for histogram)

WeightedRandom(小型数组)_GC in Bytes
Min:		0.00 b
Median:		0.00 b
Max:		0.00 b
Avg:		0.00 b
StdDev:		0.00 b
SampleCount:	10
Sum:		0.00 b
First samples:	▁▁▁▁▁▁▁▁▁▁
(not enough samples for histogram)

WeightedRandom(中型数组) in Milliseconds
Min:		0.15 ms
Median:		0.15 ms
Max:		0.16 ms
Avg:		0.15 ms
StdDev:		0.00 ms
SampleCount:	10
Sum:		1.49 ms
First samples:	▁▁█▂▂▂▃▁▁▂
(not enough samples for histogram)

WeightedRandom(中型数组)_GC in Bytes
Min:		0.00 b
Median:		0.00 b
Max:		0.00 b
Avg:		0.00 b
StdDev:		0.00 b
SampleCount:	10
Sum:		0.00 b
First samples:	▁▁▁▁▁▁▁▁▁▁
(not enough samples for histogram)

WeightedRandom(大型数组) in Milliseconds
Min:		0.90 ms
Median:		0.91 ms
Max:		0.99 ms
Avg:		0.92 ms
StdDev:		0.03 ms
SampleCount:	10
Sum:		9.16 ms
First samples:	▂▁▂▂█▁▂▂▂▂
(not enough samples for histogram)

WeightedRandom(大型数组)_GC in Bytes
Min:		0.00 b
Median:		0.00 b
Max:		0.00 b
Avg:		0.00 b
StdDev:		0.00 b
SampleCount:	10
Sum:		0.00 b
First samples:	▁▁▁▁▁▁▁▁▁▁
(not enough samples for histogram)

WeightedRandom(字符串数组) in Milliseconds
Min:		0.10 ms
Median:		0.10 ms
Max:		0.11 ms
Avg:		0.11 ms
StdDev:		0.00 ms
SampleCount:	10
Sum:		1.07 ms
First samples:	█▇▂█▂▃▃█▁▁
(not enough samples for histogram)

WeightedRandom(字符串数组)_GC in Bytes
Min:		0.00 b
Median:		0.00 b
Max:		0.00 b
Avg:		0.00 b
StdDev:		0.00 b
SampleCount:	10
Sum:		0.00 b
First samples:	▁▁▁▁▁▁▁▁▁▁
(not enough samples for histogram)


##performancetestresult2:{"Name":"TByd.Core.Utils.Tests.Editor.Performance.RandomUtilsPerformanceTests.WeightedRandom_Performance","ClassName":"TByd.Core.Utils.Tests.Editor.Performance.RandomUtilsPerformanceTests","MethodName":"WeightedRandom_Performance","Version":"1","Categories":["Performance","Performance"],"SampleGroups":[{"Name":"WeightedRandom(小型数组)","Unit":2,"IncreaseIsBetter":false,"Samples":[0.08392333984375,0.08392333984375,0.0858306884765625,0.08392333984375,0.0858306884765625,0.0858306884765625,0.08392333984375,0.0858306884765625,0.08392333984375,0.08392333984375],"Min":0.08392333984375,"Max":0.0858306884765625,"Median":0.08392333984375,"Average":0.084686279296875,"StandardDeviation":0.0009344061823971475,"Sum":0.84686279296875},{"Name":"WeightedRandom(小型数组)_GC","Unit":4,"IncreaseIsBetter":false,"Samples":[0.0,0.0,0.0,0.0,0.0,0.0,0.0,0.0,0.0,0.0],"Min":0.0,"Max":0.0,"Median":0.0,"Average":0.0,"StandardDeviation":0.0,"Sum":0.0},{"Name":"WeightedRandom(中型数组)","Unit":2,"IncreaseIsBetter":false,"Samples":[0.1468658447265625,0.1468658447265625,0.1583099365234375,0.148773193359375,0.148773193359375,0.148773193359375,0.1506805419921875,0.1468658447265625,0.1468658447265625,0.148773193359375],"Min":0.1468658447265625,"Max":0.1583099365234375,"Median":0.148773193359375,"Average":0.1491546630859375,"StandardDeviation":0.0032815266674204358,"Sum":1.491546630859375},{"Name":"WeightedRandom(中型数组)_GC","Unit":4,"IncreaseIsBetter":false,"Samples":[0.0,0.0,0.0,0.0,0.0,0.0,0.0,0.0,0.0,0.0],"Min":0.0,"Max":0.0,"Median":0.0,"Average":0.0,"StandardDeviation":0.0,"Sum":0.0},{"Name":"WeightedRandom(大型数组)","Unit":2,"IncreaseIsBetter":false,"Samples":[0.911712646484375,0.9021759033203125,0.911712646484375,0.911712646484375,0.9937286376953125,0.8983612060546875,0.9098052978515625,0.9059906005859375,0.90789794921875,0.911712646484375],"Min":0.8983612060546875,"Max":0.9937286376953125,"Median":0.9107589721679688,"Average":0.9164810180664063,"StandardDeviation":0.026113964222027679,"Sum":9.164810180664063},{"Name":"WeightedRandom(大型数组)_GC","Unit":4,"IncreaseIsBetter":false,"Samples":[0.0,0.0,0.0,0.0,0.0,0.0,0.0,0.0,0.0,0.0],"Min":0.0,"Max":0.0,"Median":0.0,"Average":0.0,"StandardDeviation":0.0,"Sum":0.0},{"Name":"WeightedRandom(字符串数组)","Unit":2,"IncreaseIsBetter":false,"Samples":[0.1125335693359375,0.110626220703125,0.102996826171875,0.1125335693359375,0.102996826171875,0.1049041748046875,0.1049041748046875,0.1125335693359375,0.1010894775390625,0.1010894775390625],"Min":0.1010894775390625,"Max":0.1125335693359375,"Median":0.1049041748046875,"Average":0.10662078857421875,"StandardDeviation":0.004629005851559295,"Sum":1.0662078857421876},{"Name":"WeightedRandom(字符串数组)_GC","Unit":4,"IncreaseIsBetter":false,"Samples":[0.0,0.0,0.0,0.0,0.0,0.0,0.0,0.0,0.0,0.0],"Min":0.0,"Max":0.0,"Median":0.0,"Average":0.0,"StandardDeviation":0.0,"Sum":0.0}]}
]]></output>
                    </test-case>
                  </test-suite>
                  <test-suite type="TestFixture" id="1257" name="ReflectionUtilsPerformanceTests" fullname="TByd.Core.Utils.Tests.Editor.Performance.ReflectionUtilsPerformanceTests" classname="TByd.Core.Utils.Tests.Editor.Performance.ReflectionUtilsPerformanceTests" runstate="Runnable" testcasecount="19" result="Passed" start-time="2025-03-24 03:55:12Z" end-time="2025-03-24 03:55:26Z" duration="13.766292" total="19" passed="19" failed="0" inconclusive="0" skipped="0" asserts="0">
                    <properties />
                    <test-case id="1266" name="CreateInstance_Performance" fullname="TByd.Core.Utils.Tests.Editor.Performance.ReflectionUtilsPerformanceTests.CreateInstance_Performance" methodname="CreateInstance_Performance" classname="TByd.Core.Utils.Tests.Editor.Performance.ReflectionUtilsPerformanceTests" runstate="Runnable" seed="917701131" result="Passed" start-time="2025-03-24 03:55:12Z" end-time="2025-03-24 03:55:13Z" duration="0.329603" asserts="0">
                      <properties>
                        <property name="Category" value="Performance" />
                        <property name="retryIteration" value="0" />
                        <property name="repeatIteration" value="0" />
                      </properties>
                      <output><![CDATA[CreateInstance_性能_Baseline in Milliseconds
Min:		0.25 ms
Median:		0.25 ms
Max:		0.26 ms
Avg:		0.26 ms
StdDev:		0.00 ms
SampleCount:	10
Sum:		2.56 ms
First samples:	▅▄▇▂█▂▁▇▁▂
(not enough samples for histogram)

CreateInstance_性能_Baseline_GC in Bytes
Min:		0.00 b
Median:		0.00 b
Max:		0.00 b
Avg:		0.00 b
StdDev:		0.00 b
SampleCount:	10
Sum:		0.00 b
First samples:	▁▁▁▁▁▁▁▁▁▁
(not enough samples for histogram)

CreateInstance_性能_Reflection in Milliseconds
Min:		2.01 ms
Median:		2.09 ms
Max:		3.83 ms
Avg:		2.32 ms
StdDev:		0.55 ms
SampleCount:	10
Sum:		23.22 ms
First samples:	▂▁█▁▁▄▁▁▁▁
(not enough samples for histogram)

CreateInstance_性能_Reflection_GC in Bytes
Min:		225280.00 b
Median:		225280.00 b
Max:		229376.00 b
Avg:		226918.40 b
StdDev:		2006.62 b
SampleCount:	10
Sum:		2269184.00 b
First samples:	▁▁▁█▁█▁█▁█
(not enough samples for histogram)


##performancetestresult2:{"Name":"TByd.Core.Utils.Tests.Editor.Performance.ReflectionUtilsPerformanceTests.CreateInstance_Performance","ClassName":"TByd.Core.Utils.Tests.Editor.Performance.ReflectionUtilsPerformanceTests","MethodName":"CreateInstance_Performance","Version":"1","Categories":["Performance"],"SampleGroups":[{"Name":"CreateInstance_性能_Baseline","Unit":2,"IncreaseIsBetter":false,"Samples":[0.2574920654296875,0.255584716796875,0.2593994140625,0.2536773681640625,0.2613067626953125,0.2536773681640625,0.25177001953125,0.2593994140625,0.25177001953125,0.2536773681640625],"Min":0.25177001953125,"Max":0.2613067626953125,"Median":0.25463104248046877,"Average":0.25577545166015627,"StandardDeviation":0.00324249267578125,"Sum":2.5577545166015627},{"Name":"CreateInstance_性能_Baseline_GC","Unit":4,"IncreaseIsBetter":false,"Samples":[0.0,0.0,0.0,0.0,0.0,0.0,0.0,0.0,0.0,0.0],"Min":0.0,"Max":0.0,"Median":0.0,"Average":0.0,"StandardDeviation":0.0,"Sum":0.0},{"Name":"CreateInstance_性能_Reflection","Unit":2,"IncreaseIsBetter":false,"Samples":[2.17437744140625,2.0732879638671877,3.8280487060546877,2.11334228515625,2.071380615234375,2.803802490234375,2.010345458984375,2.00653076171875,2.11334228515625,2.0275115966796877],"Min":2.00653076171875,"Max":3.8280487060546877,"Median":2.0933151245117189,"Average":2.3221969604492189,"StandardDeviation":0.5492927294502853,"Sum":23.221969604492189},{"Name":"CreateInstance_性能_Reflection_GC","Unit":4,"IncreaseIsBetter":false,"Samples":[225280.0,225280.0,225280.0,229376.0,225280.0,229376.0,225280.0,229376.0,225280.0,229376.0],"Min":225280.0,"Max":229376.0,"Median":225280.0,"Average":226918.4,"StandardDeviation":2006.6219972879794,"Sum":2269184.0}]}
]]></output>
                    </test-case>
                    <test-case id="1267" name="CreateInstance_WithParameters_Performance" fullname="TByd.Core.Utils.Tests.Editor.Performance.ReflectionUtilsPerformanceTests.CreateInstance_WithParameters_Performance" methodname="CreateInstance_WithParameters_Performance" classname="TByd.Core.Utils.Tests.Editor.Performance.ReflectionUtilsPerformanceTests" runstate="Runnable" seed="1112806972" result="Passed" start-time="2025-03-24 03:55:13Z" end-time="2025-03-24 03:55:13Z" duration="0.343479" asserts="0">
                      <properties>
                        <property name="Category" value="Performance" />
                        <property name="retryIteration" value="0" />
                        <property name="repeatIteration" value="0" />
                      </properties>
                      <output><![CDATA[CreateInstance_WithParameters_性能_Baseline in Milliseconds
Min:		0.15 ms
Median:		0.15 ms
Max:		0.17 ms
Avg:		0.16 ms
StdDev:		0.01 ms
SampleCount:	10
Sum:		1.55 ms
First samples:	█▂▂▂▁▁▅▂▃▂
(not enough samples for histogram)

CreateInstance_WithParameters_性能_Baseline_GC in Bytes
Min:		0.00 b
Median:		4096.00 b
Max:		8192.00 b
Avg:		4915.20 b
StdDev:		2457.60 b
SampleCount:	10
Sum:		49152.00 b
First samples:	▁█▅▅▅█▅▅▅█
(not enough samples for histogram)

CreateInstance_WithParameters_性能_Reflection in Milliseconds
Min:		6.70 ms
Median:		6.98 ms
Max:		7.55 ms
Avg:		7.03 ms
StdDev:		0.29 ms
SampleCount:	10
Sum:		70.27 ms
First samples:	█▃▅▃▁▂▁▇▂▃
(not enough samples for histogram)

CreateInstance_WithParameters_性能_Reflection_GC in Bytes
Min:		675840.00 b
Median:		679936.00 b
Max:		679936.00 b
Avg:		679526.40 b
StdDev:		1228.80 b
SampleCount:	10
Sum:		6795264.00 b
First samples:	▁█████████
(not enough samples for histogram)


##performancetestresult2:{"Name":"TByd.Core.Utils.Tests.Editor.Performance.ReflectionUtilsPerformanceTests.CreateInstance_WithParameters_Performance","ClassName":"TByd.Core.Utils.Tests.Editor.Performance.ReflectionUtilsPerformanceTests","MethodName":"CreateInstance_WithParameters_Performance","Version":"1","Categories":["Performance"],"SampleGroups":[{"Name":"CreateInstance_WithParameters_性能_Baseline","Unit":2,"IncreaseIsBetter":false,"Samples":[0.1697540283203125,0.152587890625,0.152587890625,0.152587890625,0.1506805419921875,0.1506805419921875,0.16021728515625,0.1544952392578125,0.156402587890625,0.152587890625],"Min":0.1506805419921875,"Max":0.1697540283203125,"Median":0.152587890625,"Average":0.1552581787109375,"StandardDeviation":0.005541167849095897,"Sum":1.552581787109375},{"Name":"CreateInstance_WithParameters_性能_Baseline_GC","Unit":4,"IncreaseIsBetter":false,"Samples":[0.0,8192.0,4096.0,4096.0,4096.0,8192.0,4096.0,4096.0,4096.0,8192.0],"Min":0.0,"Max":8192.0,"Median":4096.0,"Average":4915.2,"StandardDeviation":2457.6000000000004,"Sum":49152.0},{"Name":"CreateInstance_WithParameters_性能_Reflection","Unit":2,"IncreaseIsBetter":false,"Samples":[7.549285888671875,6.9904327392578129,7.2422027587890629,6.977081298828125,6.725311279296875,6.8149566650390629,6.6967010498046879,7.4825286865234379,6.809234619140625,6.9789886474609379],"Min":6.6967010498046879,"Max":7.549285888671875,"Median":6.978034973144531,"Average":7.02667236328125,"StandardDeviation":0.28726848707142768,"Sum":70.2667236328125},{"Name":"CreateInstance_WithParameters_性能_Reflection_GC","Unit":4,"IncreaseIsBetter":false,"Samples":[675840.0,679936.0,679936.0,679936.0,679936.0,679936.0,679936.0,679936.0,679936.0,679936.0],"Min":675840.0,"Max":679936.0,"Median":679936.0,"Average":679526.4,"StandardDeviation":1228.8000000000002,"Sum":6795264.0}]}
]]></output>
                    </test-case>
                    <test-case id="1265" name="GetAttribute_Performance" fullname="TByd.Core.Utils.Tests.Editor.Performance.ReflectionUtilsPerformanceTests.GetAttribute_Performance" methodname="GetAttribute_Performance" classname="TByd.Core.Utils.Tests.Editor.Performance.ReflectionUtilsPerformanceTests" runstate="Runnable" seed="502232598" result="Passed" start-time="2025-03-24 03:55:13Z" end-time="2025-03-24 03:55:14Z" duration="0.871483" asserts="0">
                      <properties>
                        <property name="Category" value="Performance" />
                        <property name="retryIteration" value="0" />
                        <property name="repeatIteration" value="0" />
                      </properties>
                      <output><![CDATA[GetAttribute_性能_Baseline in Milliseconds
Min:		29.39 ms
Median:		30.41 ms
Max:		31.76 ms
Avg:		30.42 ms
StdDev:		0.59 ms
SampleCount:	10
Sum:		304.23 ms
First samples:	▃▄█▅▅▄▃▃▄▁
(not enough samples for histogram)

GetAttribute_性能_Baseline_GC in Bytes
Min:		16384.00 b
Median:		18432.00 b
Max:		3297280.00 b
Avg:		347750.40 b
StdDev:		983194.36 b
SampleCount:	10
Sum:		3477504.00 b
First samples:	▁▁▁▁▁▁█▁▁▁
(not enough samples for histogram)

GetAttribute_性能_Reflection in Milliseconds
Min:		15.24 ms
Median:		15.84 ms
Max:		16.22 ms
Avg:		15.71 ms
StdDev:		0.35 ms
SampleCount:	10
Sum:		157.06 ms
First samples:	▁▆▅▇█▁▁▅▅▃
(not enough samples for histogram)

GetAttribute_性能_Reflection_GC in Bytes
Min:		1200128.00 b
Median:		1200128.00 b
Max:		1200128.00 b
Avg:		1200128.00 b
StdDev:		0.00 b
SampleCount:	10
Sum:		12001280.00 b
First samples:	▁▁▁▁▁▁▁▁▁▁
(not enough samples for histogram)


##performancetestresult2:{"Name":"TByd.Core.Utils.Tests.Editor.Performance.ReflectionUtilsPerformanceTests.GetAttribute_Performance","ClassName":"TByd.Core.Utils.Tests.Editor.Performance.ReflectionUtilsPerformanceTests","MethodName":"GetAttribute_Performance","Version":"1","Categories":["Performance"],"SampleGroups":[{"Name":"GetAttribute_性能_Baseline","Unit":2,"IncreaseIsBetter":false,"Samples":[30.139923095703126,30.376434326171876,31.757354736328126,30.7769775390625,30.727386474609376,30.517578125,29.972076416015626,30.122756958007814,30.452728271484376,29.390335083007814],"Min":29.390335083007814,"Max":31.757354736328126,"Median":30.414581298828126,"Average":30.423355102539064,"StandardDeviation":0.5874059079284857,"Sum":304.2335510253906},{"Name":"GetAttribute_性能_Baseline_GC","Unit":4,"IncreaseIsBetter":false,"Samples":[16384.0,36864.0,20480.0,16384.0,20480.0,20480.0,3297280.0,16384.0,16384.0,16384.0],"Min":16384.0,"Max":3297280.0,"Median":18432.0,"Average":347750.4,"StandardDeviation":983194.355881603,"Sum":3477504.0},{"Name":"GetAttribute_性能_Reflection","Unit":2,"IncreaseIsBetter":false,"Samples":[15.241622924804688,15.909194946289063,15.8538818359375,16.138076782226564,16.222000122070314,15.262603759765625,15.256881713867188,15.838623046875,15.836715698242188,15.497207641601563],"Min":15.241622924804688,"Max":16.222000122070314,"Median":15.837669372558594,"Average":15.705680847167969,"StandardDeviation":0.347609827355749,"Sum":157.0568084716797},{"Name":"GetAttribute_性能_Reflection_GC","Unit":4,"IncreaseIsBetter":false,"Samples":[1200128.0,1200128.0,1200128.0,1200128.0,1200128.0,1200128.0,1200128.0,1200128.0,1200128.0,1200128.0],"Min":1200128.0,"Max":1200128.0,"Median":1200128.0,"Average":1200128.0,"StandardDeviation":0.0,"Sum":12001280.0}]}
]]></output>
                    </test-case>
                    <test-case id="1259" name="GetFieldInfo_CachedReflection_Performance" fullname="TByd.Core.Utils.Tests.Editor.Performance.ReflectionUtilsPerformanceTests.GetFieldInfo_CachedReflection_Performance" methodname="GetFieldInfo_CachedReflection_Performance" classname="TByd.Core.Utils.Tests.Editor.Performance.ReflectionUtilsPerformanceTests" runstate="Runnable" seed="1447979059" result="Passed" start-time="2025-03-24 03:55:14Z" end-time="2025-03-24 03:55:14Z" duration="0.301844" asserts="0">
                      <properties>
                        <property name="Category" value="Performance" />
                        <property name="retryIteration" value="0" />
                        <property name="repeatIteration" value="0" />
                      </properties>
                      <output><![CDATA[GetFieldInfo_缓存反射性能_Baseline in Milliseconds
Min:		0.03 ms
Median:		0.03 ms
Max:		0.04 ms
Avg:		0.03 ms
StdDev:		0.00 ms
SampleCount:	10
Sum:		0.32 ms
First samples:	█▁█▃▅▅▅▅▅▃
(not enough samples for histogram)

GetFieldInfo_缓存反射性能_Baseline_GC in Bytes
Min:		0.00 b
Median:		0.00 b
Max:		0.00 b
Avg:		0.00 b
StdDev:		0.00 b
SampleCount:	10
Sum:		0.00 b
First samples:	▁▁▁▁▁▁▁▁▁▁
(not enough samples for histogram)

GetFieldInfo_缓存反射性能_CachedReflection in Milliseconds
Min:		2.36 ms
Median:		2.39 ms
Max:		2.60 ms
Avg:		2.42 ms
StdDev:		0.09 ms
SampleCount:	10
Sum:		24.23 ms
First samples:	▁▂██▂▁▁▃▂▁
(not enough samples for histogram)

GetFieldInfo_缓存反射性能_CachedReflection_GC in Bytes
Min:		0.00 b
Median:		0.00 b
Max:		0.00 b
Avg:		0.00 b
StdDev:		0.00 b
SampleCount:	10
Sum:		0.00 b
First samples:	▁▁▁▁▁▁▁▁▁▁
(not enough samples for histogram)


##performancetestresult2:{"Name":"TByd.Core.Utils.Tests.Editor.Performance.ReflectionUtilsPerformanceTests.GetFieldInfo_CachedReflection_Performance","ClassName":"TByd.Core.Utils.Tests.Editor.Performance.ReflectionUtilsPerformanceTests","MethodName":"GetFieldInfo_CachedReflection_Performance","Version":"1","Categories":["Performance"],"SampleGroups":[{"Name":"GetFieldInfo_缓存反射性能_Baseline","Unit":2,"IncreaseIsBetter":false,"Samples":[0.0362396240234375,0.0286102294921875,0.0362396240234375,0.030517578125,0.0324249267578125,0.0324249267578125,0.0324249267578125,0.0324249267578125,0.0324249267578125,0.030517578125],"Min":0.0286102294921875,"Max":0.0362396240234375,"Median":0.0324249267578125,"Average":0.0324249267578125,"StandardDeviation":0.002256805337180945,"Sum":0.324249267578125},{"Name":"GetFieldInfo_缓存反射性能_Baseline_GC","Unit":4,"IncreaseIsBetter":false,"Samples":[0.0,0.0,0.0,0.0,0.0,0.0,0.0,0.0,0.0,0.0],"Min":0.0,"Max":0.0,"Median":0.0,"Average":0.0,"StandardDeviation":0.0,"Sum":0.0},{"Name":"GetFieldInfo_缓存反射性能_CachedReflection","Unit":2,"IncreaseIsBetter":false,"Samples":[2.3593902587890627,2.3956298828125,2.5844573974609377,2.5997161865234377,2.38037109375,2.361297607421875,2.3632049560546877,2.43377685546875,2.3937225341796877,2.361297607421875],"Min":2.3593902587890627,"Max":2.5997161865234377,"Median":2.3870468139648439,"Average":2.4232864379882814,"StandardDeviation":0.0872192386149359,"Sum":24.232864379882814},{"Name":"GetFieldInfo_缓存反射性能_CachedReflection_GC","Unit":4,"IncreaseIsBetter":false,"Samples":[0.0,0.0,0.0,0.0,0.0,0.0,0.0,0.0,0.0,0.0],"Min":0.0,"Max":0.0,"Median":0.0,"Average":0.0,"StandardDeviation":0.0,"Sum":0.0}]}
]]></output>
                    </test-case>
                    <test-case id="1258" name="GetFieldInfo_Performance" fullname="TByd.Core.Utils.Tests.Editor.Performance.ReflectionUtilsPerformanceTests.GetFieldInfo_Performance" methodname="GetFieldInfo_Performance" classname="TByd.Core.Utils.Tests.Editor.Performance.ReflectionUtilsPerformanceTests" runstate="Runnable" seed="1291465592" result="Passed" start-time="2025-03-24 03:55:14Z" end-time="2025-03-24 03:55:15Z" duration="0.484962" asserts="0">
                      <properties>
                        <property name="Category" value="Performance" />
                        <property name="retryIteration" value="0" />
                        <property name="repeatIteration" value="0" />
                      </properties>
                      <output><![CDATA[GetFieldInfo_性能_Baseline in Milliseconds
Min:		0.03 ms
Median:		0.03 ms
Max:		0.03 ms
Avg:		0.03 ms
StdDev:		0.00 ms
SampleCount:	10
Sum:		0.31 ms
First samples:	██▆▃▆▆███▁
(not enough samples for histogram)

GetFieldInfo_性能_Baseline_GC in Bytes
Min:		0.00 b
Median:		0.00 b
Max:		0.00 b
Avg:		0.00 b
StdDev:		0.00 b
SampleCount:	10
Sum:		0.00 b
First samples:	▁▁▁▁▁▁▁▁▁▁
(not enough samples for histogram)

GetFieldInfo_性能_Reflection in Milliseconds
Min:		17.59 ms
Median:		18.01 ms
Max:		18.48 ms
Avg:		17.96 ms
StdDev:		0.24 ms
SampleCount:	10
Sum:		179.63 ms
First samples:	█▅▄▅▄▃▄▁▂▂
(not enough samples for histogram)

GetFieldInfo_性能_Reflection_GC in Bytes
Min:		430080.00 b
Median:		434176.00 b
Max:		434176.00 b
Avg:		432537.60 b
StdDev:		2006.62 b
SampleCount:	10
Sum:		4325376.00 b
First samples:	██▁▁▁▁████
(not enough samples for histogram)


##performancetestresult2:{"Name":"TByd.Core.Utils.Tests.Editor.Performance.ReflectionUtilsPerformanceTests.GetFieldInfo_Performance","ClassName":"TByd.Core.Utils.Tests.Editor.Performance.ReflectionUtilsPerformanceTests","MethodName":"GetFieldInfo_Performance","Version":"1","Categories":["Performance"],"SampleGroups":[{"Name":"GetFieldInfo_性能_Baseline","Unit":2,"IncreaseIsBetter":false,"Samples":[0.0324249267578125,0.0324249267578125,0.030517578125,0.0286102294921875,0.030517578125,0.030517578125,0.0324249267578125,0.0324249267578125,0.0324249267578125,0.026702880859375],"Min":0.026702880859375,"Max":0.0324249267578125,"Median":0.03147125244140625,"Average":0.0308990478515625,"StandardDeviation":0.001868812364794295,"Sum":0.308990478515625},{"Name":"GetFieldInfo_性能_Baseline_GC","Unit":4,"IncreaseIsBetter":false,"Samples":[0.0,0.0,0.0,0.0,0.0,0.0,0.0,0.0,0.0,0.0],"Min":0.0,"Max":0.0,"Median":0.0,"Average":0.0,"StandardDeviation":0.0,"Sum":0.0},{"Name":"GetFieldInfo_性能_Reflection","Unit":2,"IncreaseIsBetter":false,"Samples":[18.4783935546875,18.159866333007814,18.001556396484376,18.06640625,18.0206298828125,17.8070068359375,18.033981323242189,17.591476440429689,17.755508422851564,17.717361450195314],"Min":17.591476440429689,"Max":18.4783935546875,"Median":18.011093139648439,"Average":17.963218688964845,"StandardDeviation":0.24303910492255466,"Sum":179.63218688964845},{"Name":"GetFieldInfo_性能_Reflection_GC","Unit":4,"IncreaseIsBetter":false,"Samples":[434176.0,434176.0,430080.0,430080.0,430080.0,430080.0,434176.0,434176.0,434176.0,434176.0],"Min":430080.0,"Max":434176.0,"Median":434176.0,"Average":432537.6,"StandardDeviation":2006.6219972879794,"Sum":4325376.0}]}
]]></output>
                    </test-case>
                    <test-case id="1261" name="GetPropertyInfo_Performance" fullname="TByd.Core.Utils.Tests.Editor.Performance.ReflectionUtilsPerformanceTests.GetPropertyInfo_Performance" methodname="GetPropertyInfo_Performance" classname="TByd.Core.Utils.Tests.Editor.Performance.ReflectionUtilsPerformanceTests" runstate="Runnable" seed="1155680936" result="Passed" start-time="2025-03-24 03:55:15Z" end-time="2025-03-24 03:55:15Z" duration="0.454696" asserts="0">
                      <properties>
                        <property name="Category" value="Performance" />
                        <property name="retryIteration" value="0" />
                        <property name="repeatIteration" value="0" />
                      </properties>
                      <output><![CDATA[GetPropertyInfo_性能_Baseline in Milliseconds
Min:		0.06 ms
Median:		0.06 ms
Max:		0.06 ms
Avg:		0.06 ms
StdDev:		0.00 ms
SampleCount:	10
Sum:		0.60 ms
First samples:	▃▅▃▁▆▃█▅▃▃
(not enough samples for histogram)

GetPropertyInfo_性能_Baseline_GC in Bytes
Min:		0.00 b
Median:		0.00 b
Max:		0.00 b
Avg:		0.00 b
StdDev:		0.00 b
SampleCount:	10
Sum:		0.00 b
First samples:	▁▁▁▁▁▁▁▁▁▁
(not enough samples for histogram)

GetPropertyInfo_性能_Reflection in Milliseconds
Min:		14.97 ms
Median:		15.56 ms
Max:		15.82 ms
Avg:		15.47 ms
StdDev:		0.31 ms
SampleCount:	10
Sum:		154.69 ms
First samples:	▄▃▇██▅▇▁▁█
(not enough samples for histogram)

GetPropertyInfo_性能_Reflection_GC in Bytes
Min:		430080.00 b
Median:		434176.00 b
Max:		434176.00 b
Avg:		432537.60 b
StdDev:		2006.62 b
SampleCount:	10
Sum:		4325376.00 b
First samples:	██▁▁▁▁████
(not enough samples for histogram)


##performancetestresult2:{"Name":"TByd.Core.Utils.Tests.Editor.Performance.ReflectionUtilsPerformanceTests.GetPropertyInfo_Performance","ClassName":"TByd.Core.Utils.Tests.Editor.Performance.ReflectionUtilsPerformanceTests","MethodName":"GetPropertyInfo_Performance","Version":"1","Categories":["Performance"],"SampleGroups":[{"Name":"GetPropertyInfo_性能_Baseline","Unit":2,"IncreaseIsBetter":false,"Samples":[0.0591278076171875,0.06103515625,0.0591278076171875,0.057220458984375,0.0629425048828125,0.0591278076171875,0.064849853515625,0.06103515625,0.0591278076171875,0.0591278076171875],"Min":0.057220458984375,"Max":0.064849853515625,"Median":0.0591278076171875,"Average":0.060272216796875,"StandardDeviation":0.0021239335490532008,"Sum":0.60272216796875},{"Name":"GetPropertyInfo_性能_Baseline_GC","Unit":4,"IncreaseIsBetter":false,"Samples":[0.0,0.0,0.0,0.0,0.0,0.0,0.0,0.0,0.0,0.0],"Min":0.0,"Max":0.0,"Median":0.0,"Average":0.0,"StandardDeviation":0.0,"Sum":0.0},{"Name":"GetPropertyInfo_性能_Reflection","Unit":2,"IncreaseIsBetter":false,"Samples":[15.31982421875,15.184402465820313,15.651702880859375,15.80810546875,15.8233642578125,15.470504760742188,15.651702880859375,15.003204345703125,14.972686767578125,15.80810546875],"Min":14.972686767578125,"Max":15.8233642578125,"Median":15.561103820800782,"Average":15.4693603515625,"StandardDeviation":0.31446181049850299,"Sum":154.693603515625},{"Name":"GetPropertyInfo_性能_Reflection_GC","Unit":4,"IncreaseIsBetter":false,"Samples":[434176.0,434176.0,430080.0,430080.0,430080.0,430080.0,434176.0,434176.0,434176.0,434176.0],"Min":430080.0,"Max":434176.0,"Median":434176.0,"Average":432537.6,"StandardDeviation":2006.6219972879794,"Sum":4325376.0}]}
]]></output>
                    </test-case>
                    <test-case id="1268" name="GetTypes_Performance" fullname="TByd.Core.Utils.Tests.Editor.Performance.ReflectionUtilsPerformanceTests.GetTypes_Performance" methodname="GetTypes_Performance" classname="TByd.Core.Utils.Tests.Editor.Performance.ReflectionUtilsPerformanceTests" runstate="Runnable" seed="1045628452" result="Passed" start-time="2025-03-24 03:55:15Z" end-time="2025-03-24 03:55:21Z" duration="6.312367" asserts="0">
                      <properties>
                        <property name="Category" value="Performance" />
                        <property name="retryIteration" value="0" />
                        <property name="repeatIteration" value="0" />
                      </properties>
                      <output><![CDATA[GetTypes_性能_Baseline in Milliseconds
Min:		811.42 ms
Median:		848.39 ms
Max:		926.19 ms
Avg:		852.38 ms
StdDev:		39.93 ms
SampleCount:	5
Sum:		4261.90 ms
First samples:	█▂▁▃▃
(not enough samples for histogram)

GetTypes_性能_Baseline_GC in Bytes
Min:		1978368.00 b
Median:		1982464.00 b
Max:		2396160.00 b
Avg:		2067660.80 b
StdDev:		164400.19 b
SampleCount:	5
Sum:		10338304.00 b
First samples:	▁▁█▁▁
(not enough samples for histogram)

GetTypes_性能_Reflection in Milliseconds
Min:		0.01 ms
Median:		0.01 ms
Max:		0.01 ms
Avg:		0.01 ms
StdDev:		0.00 ms
SampleCount:	5
Sum:		0.04 ms
First samples:	▁▁▁▁▁
(not enough samples for histogram)

GetTypes_性能_Reflection_GC in Bytes
Min:		0.00 b
Median:		0.00 b
Max:		0.00 b
Avg:		0.00 b
StdDev:		0.00 b
SampleCount:	5
Sum:		0.00 b
First samples:	▁▁▁▁▁
(not enough samples for histogram)


##performancetestresult2:{"Name":"TByd.Core.Utils.Tests.Editor.Performance.ReflectionUtilsPerformanceTests.GetTypes_Performance","ClassName":"TByd.Core.Utils.Tests.Editor.Performance.ReflectionUtilsPerformanceTests","MethodName":"GetTypes_Performance","Version":"1","Categories":["Performance"],"SampleGroups":[{"Name":"GetTypes_性能_Baseline","Unit":2,"IncreaseIsBetter":false,"Samples":[926.1894226074219,823.54736328125,811.4166259765625,848.3924865722656,852.3521423339844],"Min":811.4166259765625,"Max":926.1894226074219,"Median":848.3924865722656,"Average":852.3796081542969,"StandardDeviation":39.93257030494944,"Sum":4261.898040771484},{"Name":"GetTypes_性能_Baseline_GC","Unit":4,"IncreaseIsBetter":false,"Samples":[1982464.0,1998848.0,2396160.0,1982464.0,1978368.0],"Min":1978368.0,"Max":2396160.0,"Median":1982464.0,"Average":2067660.8,"StandardDeviation":164400.19430450805,"Sum":10338304.0},{"Name":"GetTypes_性能_Reflection","Unit":2,"IncreaseIsBetter":false,"Samples":[0.00762939453125,0.00762939453125,0.00762939453125,0.00762939453125,0.00762939453125],"Min":0.00762939453125,"Max":0.00762939453125,"Median":0.00762939453125,"Average":0.00762939453125,"StandardDeviation":0.0,"Sum":0.03814697265625},{"Name":"GetTypes_性能_Reflection_GC","Unit":4,"IncreaseIsBetter":false,"Samples":[0.0,0.0,0.0,0.0,0.0],"Min":0.0,"Max":0.0,"Median":0.0,"Average":0.0,"StandardDeviation":0.0,"Sum":0.0}]}
]]></output>
                    </test-case>
                    <test-case id="1263" name="InvokeMethod_Performance" fullname="TByd.Core.Utils.Tests.Editor.Performance.ReflectionUtilsPerformanceTests.InvokeMethod_Performance" methodname="InvokeMethod_Performance" classname="TByd.Core.Utils.Tests.Editor.Performance.ReflectionUtilsPerformanceTests" runstate="Runnable" seed="1421112157" result="Passed" start-time="2025-03-24 03:55:21Z" end-time="2025-03-24 03:55:22Z" duration="0.958975" asserts="0">
                      <properties>
                        <property name="Category" value="Performance" />
                        <property name="retryIteration" value="0" />
                        <property name="repeatIteration" value="0" />
                      </properties>
                      <output><![CDATA[InvokeMethod_性能_Baseline in Milliseconds
Min:		0.06 ms
Median:		0.06 ms
Max:		0.07 ms
Avg:		0.06 ms
StdDev:		0.00 ms
SampleCount:	10
Sum:		0.63 ms
First samples:	▆▁█▃▃▆▃▆▁▆
(not enough samples for histogram)

InvokeMethod_性能_Baseline_GC in Bytes
Min:		0.00 b
Median:		0.00 b
Max:		0.00 b
Avg:		0.00 b
StdDev:		0.00 b
SampleCount:	10
Sum:		0.00 b
First samples:	▁▁▁▁▁▁▁▁▁▁
(not enough samples for histogram)

InvokeMethod_性能_Reflection in Milliseconds
Min:		46.27 ms
Median:		48.48 ms
Max:		55.52 ms
Avg:		49.22 ms
StdDev:		2.84 ms
SampleCount:	10
Sum:		492.17 ms
First samples:	▂▆▁▄█▄▁▁▃▁
(not enough samples for histogram)

InvokeMethod_性能_Reflection_GC in Bytes
Min:		679936.00 b
Median:		815104.00 b
Max:		4984832.00 b
Avg:		1191526.40 b
StdDev:		1265879.32 b
SampleCount:	10
Sum:		11915264.00 b
First samples:	▁▁▁▁█▁▁▁▁▁
(not enough samples for histogram)


##performancetestresult2:{"Name":"TByd.Core.Utils.Tests.Editor.Performance.ReflectionUtilsPerformanceTests.InvokeMethod_Performance","ClassName":"TByd.Core.Utils.Tests.Editor.Performance.ReflectionUtilsPerformanceTests","MethodName":"InvokeMethod_Performance","Version":"1","Categories":["Performance"],"SampleGroups":[{"Name":"InvokeMethod_性能_Baseline","Unit":2,"IncreaseIsBetter":false,"Samples":[0.064849853515625,0.057220458984375,0.06866455078125,0.06103515625,0.06103515625,0.064849853515625,0.06103515625,0.064849853515625,0.057220458984375,0.064849853515625],"Min":0.057220458984375,"Max":0.06866455078125,"Median":0.0629425048828125,"Average":0.06256103515625,"StandardDeviation":0.0034962277946135255,"Sum":0.6256103515625},{"Name":"InvokeMethod_性能_Baseline_GC","Unit":4,"IncreaseIsBetter":false,"Samples":[0.0,0.0,0.0,0.0,0.0,0.0,0.0,0.0,0.0,0.0],"Min":0.0,"Max":0.0,"Median":0.0,"Average":0.0,"StandardDeviation":0.0,"Sum":0.0},{"Name":"InvokeMethod_性能_Reflection","Unit":2,"IncreaseIsBetter":false,"Samples":[47.9888916015625,52.585601806640628,46.85211181640625,50.25482177734375,55.51910400390625,50.1708984375,46.79107666015625,46.764373779296878,48.97308349609375,46.27227783203125],"Min":46.27227783203125,"Max":55.51910400390625,"Median":48.480987548828128,"Average":49.21722412109375,"StandardDeviation":2.842240286674273,"Sum":492.1722412109375},{"Name":"InvokeMethod_性能_Reflection_GC","Unit":4,"IncreaseIsBetter":false,"Samples":[815104.0,815104.0,815104.0,679936.0,4984832.0,679936.0,815104.0,815104.0,679936.0,815104.0],"Min":679936.0,"Max":4984832.0,"Median":815104.0,"Average":1191526.4,"StandardDeviation":1265879.319936873,"Sum":11915264.0}]}
]]></output>
                    </test-case>
                    <test-case id="1264" name="InvokeMethod_WithParameters_Performance" fullname="TByd.Core.Utils.Tests.Editor.Performance.ReflectionUtilsPerformanceTests.InvokeMethod_WithParameters_Performance" methodname="InvokeMethod_WithParameters_Performance" classname="TByd.Core.Utils.Tests.Editor.Performance.ReflectionUtilsPerformanceTests" runstate="Runnable" seed="289599228" result="Passed" start-time="2025-03-24 03:55:22Z" end-time="2025-03-24 03:55:24Z" duration="1.791136" asserts="0">
                      <properties>
                        <property name="Category" value="Performance" />
                        <property name="retryIteration" value="0" />
                        <property name="repeatIteration" value="0" />
                      </properties>
                      <output><![CDATA[InvokeMethod_WithParameters_性能_Baseline in Milliseconds
Min:		7.36 ms
Median:		7.75 ms
Max:		8.96 ms
Avg:		7.94 ms
StdDev:		0.57 ms
SampleCount:	10
Sum:		79.40 ms
First samples:	▂▁▅▃██▄▂▁▁
(not enough samples for histogram)

InvokeMethod_WithParameters_性能_Baseline_GC in Bytes
Min:		0.00 b
Median:		0.00 b
Max:		0.00 b
Avg:		0.00 b
StdDev:		0.00 b
SampleCount:	10
Sum:		0.00 b
First samples:	▁▁▁▁▁▁▁▁▁▁
(not enough samples for histogram)

InvokeMethod_WithParameters_性能_Reflection in Milliseconds
Min:		88.67 ms
Median:		93.48 ms
Max:		104.87 ms
Avg:		93.84 ms
StdDev:		4.72 ms
SampleCount:	10
Sum:		938.39 ms
First samples:	▃▁▁█▄▃▃▁▅▃
(not enough samples for histogram)

InvokeMethod_WithParameters_性能_Reflection_GC in Bytes
Min:		303104.00 b
Median:		1054720.00 b
Max:		1298432.00 b
Avg:		1008844.80 b
StdDev:		285065.42 b
SampleCount:	10
Sum:		10088448.00 b
First samples:	▆██▁▅▆▆█▅▆
(not enough samples for histogram)


##performancetestresult2:{"Name":"TByd.Core.Utils.Tests.Editor.Performance.ReflectionUtilsPerformanceTests.InvokeMethod_WithParameters_Performance","ClassName":"TByd.Core.Utils.Tests.Editor.Performance.ReflectionUtilsPerformanceTests","MethodName":"InvokeMethod_WithParameters_Performance","Version":"1","Categories":["Performance"],"SampleGroups":[{"Name":"InvokeMethod_WithParameters_性能_Baseline","Unit":2,"IncreaseIsBetter":false,"Samples":[7.537841796875,7.450103759765625,8.27789306640625,7.846832275390625,8.96453857421875,8.941650390625,7.94219970703125,7.65228271484375,7.419586181640625,7.36236572265625],"Min":7.36236572265625,"Max":8.96453857421875,"Median":7.7495574951171879,"Average":7.9395294189453129,"StandardDeviation":0.5713877888087435,"Sum":79.39529418945313},{"Name":"InvokeMethod_WithParameters_性能_Baseline_GC","Unit":4,"IncreaseIsBetter":false,"Samples":[0.0,0.0,0.0,0.0,0.0,0.0,0.0,0.0,0.0,0.0],"Min":0.0,"Max":0.0,"Median":0.0,"Average":0.0,"StandardDeviation":0.0,"Sum":0.0},{"Name":"InvokeMethod_WithParameters_性能_Reflection","Unit":2,"IncreaseIsBetter":false,"Samples":[94.24209594726563,88.74130249023438,89.04266357421875,104.86984252929688,95.48568725585938,92.17071533203125,92.96798706054688,88.67263793945313,98.21319580078125,93.98269653320313],"Min":88.67263793945313,"Max":104.86984252929688,"Median":93.475341796875,"Average":93.83888244628906,"StandardDeviation":4.721570573988847,"Sum":938.3888244628906},{"Name":"InvokeMethod_WithParameters_性能_Reflection_GC","Unit":4,"IncreaseIsBetter":false,"Samples":[1056768.0,1298432.0,1298432.0,303104.0,839680.0,1048576.0,1052672.0,1294336.0,839680.0,1056768.0],"Min":303104.0,"Max":1298432.0,"Median":1054720.0,"Average":1008844.8,"StandardDeviation":285065.41563255267,"Sum":10088448.0}]}
]]></output>
                    </test-case>
                    <test-case id="1276" name="ReflectionUtils_CreateInstance_GCAllocation" fullname="TByd.Core.Utils.Tests.Editor.Performance.ReflectionUtilsPerformanceTests.ReflectionUtils_CreateInstance_GCAllocation" methodname="ReflectionUtils_CreateInstance_GCAllocation" classname="TByd.Core.Utils.Tests.Editor.Performance.ReflectionUtilsPerformanceTests" runstate="Runnable" seed="2107002376" result="Passed" start-time="2025-03-24 03:55:24Z" end-time="2025-03-24 03:55:24Z" duration="0.082479" asserts="0">
                      <properties>
                        <property name="Category" value="Performance" />
                        <property name="retryIteration" value="0" />
                        <property name="repeatIteration" value="0" />
                      </properties>
                      <output><![CDATA[
##performancetestresult2:{"Name":"TByd.Core.Utils.Tests.Editor.Performance.ReflectionUtilsPerformanceTests.ReflectionUtils_CreateInstance_GCAllocation","ClassName":"TByd.Core.Utils.Tests.Editor.Performance.ReflectionUtilsPerformanceTests","MethodName":"ReflectionUtils_CreateInstance_GCAllocation","Version":"1","Categories":["Performance"],"SampleGroups":[]}
]]></output>
                    </test-case>
                    <test-case id="1270" name="ReflectionUtils_FieldSetValue_GCAllocation" fullname="TByd.Core.Utils.Tests.Editor.Performance.ReflectionUtilsPerformanceTests.ReflectionUtils_FieldSetValue_GCAllocation" methodname="ReflectionUtils_FieldSetValue_GCAllocation" classname="TByd.Core.Utils.Tests.Editor.Performance.ReflectionUtilsPerformanceTests" runstate="Runnable" seed="449424857" result="Passed" start-time="2025-03-24 03:55:24Z" end-time="2025-03-24 03:55:24Z" duration="0.076251" asserts="0">
                      <properties>
                        <property name="Category" value="Performance" />
                        <property name="retryIteration" value="0" />
                        <property name="repeatIteration" value="0" />
                      </properties>
                      <output><![CDATA[
##performancetestresult2:{"Name":"TByd.Core.Utils.Tests.Editor.Performance.ReflectionUtilsPerformanceTests.ReflectionUtils_FieldSetValue_GCAllocation","ClassName":"TByd.Core.Utils.Tests.Editor.Performance.ReflectionUtilsPerformanceTests","MethodName":"ReflectionUtils_FieldSetValue_GCAllocation","Version":"1","Categories":["Performance"],"SampleGroups":[]}
]]></output>
                    </test-case>
                    <test-case id="1275" name="ReflectionUtils_GetAttribute_GCAllocation" fullname="TByd.Core.Utils.Tests.Editor.Performance.ReflectionUtilsPerformanceTests.ReflectionUtils_GetAttribute_GCAllocation" methodname="ReflectionUtils_GetAttribute_GCAllocation" classname="TByd.Core.Utils.Tests.Editor.Performance.ReflectionUtilsPerformanceTests" runstate="Runnable" seed="1498262177" result="Passed" start-time="2025-03-24 03:55:24Z" end-time="2025-03-24 03:55:24Z" duration="0.078002" asserts="0">
                      <properties>
                        <property name="Category" value="Performance" />
                        <property name="retryIteration" value="0" />
                        <property name="repeatIteration" value="0" />
                      </properties>
                      <output><![CDATA[
##performancetestresult2:{"Name":"TByd.Core.Utils.Tests.Editor.Performance.ReflectionUtilsPerformanceTests.ReflectionUtils_GetAttribute_GCAllocation","ClassName":"TByd.Core.Utils.Tests.Editor.Performance.ReflectionUtilsPerformanceTests","MethodName":"ReflectionUtils_GetAttribute_GCAllocation","Version":"1","Categories":["Performance"],"SampleGroups":[]}
]]></output>
                    </test-case>
                    <test-case id="1269" name="ReflectionUtils_GetFieldInfo_GCAllocation" fullname="TByd.Core.Utils.Tests.Editor.Performance.ReflectionUtilsPerformanceTests.ReflectionUtils_GetFieldInfo_GCAllocation" methodname="ReflectionUtils_GetFieldInfo_GCAllocation" classname="TByd.Core.Utils.Tests.Editor.Performance.ReflectionUtilsPerformanceTests" runstate="Runnable" seed="98667121" result="Passed" start-time="2025-03-24 03:55:24Z" end-time="2025-03-24 03:55:24Z" duration="0.080184" asserts="0">
                      <properties>
                        <property name="Category" value="Performance" />
                        <property name="retryIteration" value="0" />
                        <property name="repeatIteration" value="0" />
                      </properties>
                      <output><![CDATA[
##performancetestresult2:{"Name":"TByd.Core.Utils.Tests.Editor.Performance.ReflectionUtilsPerformanceTests.ReflectionUtils_GetFieldInfo_GCAllocation","ClassName":"TByd.Core.Utils.Tests.Editor.Performance.ReflectionUtilsPerformanceTests","MethodName":"ReflectionUtils_GetFieldInfo_GCAllocation","Version":"1","Categories":["Performance"],"SampleGroups":[]}
]]></output>
                    </test-case>
                    <test-case id="1271" name="ReflectionUtils_GetPropertyInfo_GCAllocation" fullname="TByd.Core.Utils.Tests.Editor.Performance.ReflectionUtilsPerformanceTests.ReflectionUtils_GetPropertyInfo_GCAllocation" methodname="ReflectionUtils_GetPropertyInfo_GCAllocation" classname="TByd.Core.Utils.Tests.Editor.Performance.ReflectionUtilsPerformanceTests" runstate="Runnable" seed="232588924" result="Passed" start-time="2025-03-24 03:55:24Z" end-time="2025-03-24 03:55:25Z" duration="0.078563" asserts="0">
                      <properties>
                        <property name="Category" value="Performance" />
                        <property name="retryIteration" value="0" />
                        <property name="repeatIteration" value="0" />
                      </properties>
                      <output><![CDATA[
##performancetestresult2:{"Name":"TByd.Core.Utils.Tests.Editor.Performance.ReflectionUtilsPerformanceTests.ReflectionUtils_GetPropertyInfo_GCAllocation","ClassName":"TByd.Core.Utils.Tests.Editor.Performance.ReflectionUtilsPerformanceTests","MethodName":"ReflectionUtils_GetPropertyInfo_GCAllocation","Version":"1","Categories":["Performance"],"SampleGroups":[]}
]]></output>
                    </test-case>
                    <test-case id="1273" name="ReflectionUtils_InvokeMethod_GCAllocation" fullname="TByd.Core.Utils.Tests.Editor.Performance.ReflectionUtilsPerformanceTests.ReflectionUtils_InvokeMethod_GCAllocation" methodname="ReflectionUtils_InvokeMethod_GCAllocation" classname="TByd.Core.Utils.Tests.Editor.Performance.ReflectionUtilsPerformanceTests" runstate="Runnable" seed="825869817" result="Passed" start-time="2025-03-24 03:55:25Z" end-time="2025-03-24 03:55:25Z" duration="0.078068" asserts="0">
                      <properties>
                        <property name="Category" value="Performance" />
                        <property name="retryIteration" value="0" />
                        <property name="repeatIteration" value="0" />
                      </properties>
                      <output><![CDATA[
##performancetestresult2:{"Name":"TByd.Core.Utils.Tests.Editor.Performance.ReflectionUtilsPerformanceTests.ReflectionUtils_InvokeMethod_GCAllocation","ClassName":"TByd.Core.Utils.Tests.Editor.Performance.ReflectionUtilsPerformanceTests","MethodName":"ReflectionUtils_InvokeMethod_GCAllocation","Version":"1","Categories":["Performance"],"SampleGroups":[]}
]]></output>
                    </test-case>
                    <test-case id="1274" name="ReflectionUtils_InvokeMethod_WithParameters_GCAllocation" fullname="TByd.Core.Utils.Tests.Editor.Performance.ReflectionUtilsPerformanceTests.ReflectionUtils_InvokeMethod_WithParameters_GCAllocation" methodname="ReflectionUtils_InvokeMethod_WithParameters_GCAllocation" classname="TByd.Core.Utils.Tests.Editor.Performance.ReflectionUtilsPerformanceTests" runstate="Runnable" seed="2135990156" result="Passed" start-time="2025-03-24 03:55:25Z" end-time="2025-03-24 03:55:25Z" duration="0.076706" asserts="0">
                      <properties>
                        <property name="Category" value="Performance" />
                        <property name="retryIteration" value="0" />
                        <property name="repeatIteration" value="0" />
                      </properties>
                      <output><![CDATA[
##performancetestresult2:{"Name":"TByd.Core.Utils.Tests.Editor.Performance.ReflectionUtilsPerformanceTests.ReflectionUtils_InvokeMethod_WithParameters_GCAllocation","ClassName":"TByd.Core.Utils.Tests.Editor.Performance.ReflectionUtilsPerformanceTests","MethodName":"ReflectionUtils_InvokeMethod_WithParameters_GCAllocation","Version":"1","Categories":["Performance"],"SampleGroups":[]}
]]></output>
                    </test-case>
                    <test-case id="1272" name="ReflectionUtils_PropertySetValue_GCAllocation" fullname="TByd.Core.Utils.Tests.Editor.Performance.ReflectionUtilsPerformanceTests.ReflectionUtils_PropertySetValue_GCAllocation" methodname="ReflectionUtils_PropertySetValue_GCAllocation" classname="TByd.Core.Utils.Tests.Editor.Performance.ReflectionUtilsPerformanceTests" runstate="Runnable" seed="767287754" result="Passed" start-time="2025-03-24 03:55:25Z" end-time="2025-03-24 03:55:25Z" duration="0.119587" asserts="0">
                      <properties>
                        <property name="Category" value="Performance" />
                        <property name="retryIteration" value="0" />
                        <property name="repeatIteration" value="0" />
                      </properties>
                      <output><![CDATA[
##performancetestresult2:{"Name":"TByd.Core.Utils.Tests.Editor.Performance.ReflectionUtilsPerformanceTests.ReflectionUtils_PropertySetValue_GCAllocation","ClassName":"TByd.Core.Utils.Tests.Editor.Performance.ReflectionUtilsPerformanceTests","MethodName":"ReflectionUtils_PropertySetValue_GCAllocation","Version":"1","Categories":["Performance"],"SampleGroups":[]}
]]></output>
                    </test-case>
                    <test-case id="1260" name="SetFieldValue_Performance" fullname="TByd.Core.Utils.Tests.Editor.Performance.ReflectionUtilsPerformanceTests.SetFieldValue_Performance" methodname="SetFieldValue_Performance" classname="TByd.Core.Utils.Tests.Editor.Performance.ReflectionUtilsPerformanceTests" runstate="Runnable" seed="978298582" result="Passed" start-time="2025-03-24 03:55:25Z" end-time="2025-03-24 03:55:25Z" duration="0.542187" asserts="0">
                      <properties>
                        <property name="Category" value="Performance" />
                        <property name="retryIteration" value="0" />
                        <property name="repeatIteration" value="0" />
                      </properties>
                      <output><![CDATA[SetFieldValue_性能_Baseline in Milliseconds
Min:		0.16 ms
Median:		0.17 ms
Max:		0.17 ms
Avg:		0.17 ms
StdDev:		0.00 ms
SampleCount:	10
Sum:		1.66 ms
First samples:	███▁▁▁██▁█
(not enough samples for histogram)

SetFieldValue_性能_Baseline_GC in Bytes
Min:		0.00 b
Median:		0.00 b
Max:		0.00 b
Avg:		0.00 b
StdDev:		0.00 b
SampleCount:	10
Sum:		0.00 b
First samples:	▁▁▁▁▁▁▁▁▁▁
(not enough samples for histogram)

SetFieldValue_性能_Reflection in Milliseconds
Min:		18.57 ms
Median:		18.90 ms
Max:		19.77 ms
Avg:		18.95 ms
StdDev:		0.31 ms
SampleCount:	10
Sum:		189.55 ms
First samples:	▃▃▃▅▃▁█▂▃▂
(not enough samples for histogram)

SetFieldValue_性能_Reflection_GC in Bytes
Min:		430080.00 b
Median:		434176.00 b
Max:		434176.00 b
Avg:		432537.60 b
StdDev:		2006.62 b
SampleCount:	10
Sum:		4325376.00 b
First samples:	██▁▁▁▁████
(not enough samples for histogram)


##performancetestresult2:{"Name":"TByd.Core.Utils.Tests.Editor.Performance.ReflectionUtilsPerformanceTests.SetFieldValue_Performance","ClassName":"TByd.Core.Utils.Tests.Editor.Performance.ReflectionUtilsPerformanceTests","MethodName":"SetFieldValue_Performance","Version":"1","Categories":["Performance"],"SampleGroups":[{"Name":"SetFieldValue_性能_Baseline","Unit":2,"IncreaseIsBetter":false,"Samples":[0.1678466796875,0.1678466796875,0.1678466796875,0.164031982421875,0.164031982421875,0.164031982421875,0.1678466796875,0.1678466796875,0.164031982421875,0.1678466796875],"Min":0.164031982421875,"Max":0.1678466796875,"Median":0.1678466796875,"Average":0.16632080078125,"StandardDeviation":0.001868812364794295,"Sum":1.6632080078125},{"Name":"SetFieldValue_性能_Baseline_GC","Unit":4,"IncreaseIsBetter":false,"Samples":[0.0,0.0,0.0,0.0,0.0,0.0,0.0,0.0,0.0,0.0],"Min":0.0,"Max":0.0,"Median":0.0,"Average":0.0,"StandardDeviation":0.0,"Sum":0.0},{"Name":"SetFieldValue_性能_Reflection","Unit":2,"IncreaseIsBetter":false,"Samples":[18.909454345703126,18.9056396484375,18.9208984375,19.176483154296876,18.833160400390626,18.566131591796876,19.76776123046875,18.80645751953125,18.89801025390625,18.764495849609376],"Min":18.566131591796876,"Max":19.76776123046875,"Median":18.901824951171876,"Average":18.954849243164064,"StandardDeviation":0.3070793388559181,"Sum":189.54849243164063},{"Name":"SetFieldValue_性能_Reflection_GC","Unit":4,"IncreaseIsBetter":false,"Samples":[434176.0,434176.0,430080.0,430080.0,430080.0,430080.0,434176.0,434176.0,434176.0,434176.0],"Min":430080.0,"Max":434176.0,"Median":434176.0,"Average":432537.6,"StandardDeviation":2006.6219972879794,"Sum":4325376.0}]}
]]></output>
                    </test-case>
                    <test-case id="1262" name="SetPropertyValue_Performance" fullname="TByd.Core.Utils.Tests.Editor.Performance.ReflectionUtilsPerformanceTests.SetPropertyValue_Performance" methodname="SetPropertyValue_Performance" classname="TByd.Core.Utils.Tests.Editor.Performance.ReflectionUtilsPerformanceTests" runstate="Runnable" seed="16969250" result="Passed" start-time="2025-03-24 03:55:25Z" end-time="2025-03-24 03:55:26Z" duration="0.691169" asserts="0">
                      <properties>
                        <property name="Category" value="Performance" />
                        <property name="retryIteration" value="0" />
                        <property name="repeatIteration" value="0" />
                      </properties>
                      <output><![CDATA[SetPropertyValue_性能_Baseline in Milliseconds
Min:		0.19 ms
Median:		0.19 ms
Max:		0.20 ms
Avg:		0.19 ms
StdDev:		0.00 ms
SampleCount:	10
Sum:		1.95 ms
First samples:	▃▁▆▃▃█▃▃▃▁
(not enough samples for histogram)

SetPropertyValue_性能_Baseline_GC in Bytes
Min:		0.00 b
Median:		0.00 b
Max:		0.00 b
Avg:		0.00 b
StdDev:		0.00 b
SampleCount:	10
Sum:		0.00 b
First samples:	▁▁▁▁▁▁▁▁▁▁
(not enough samples for histogram)

SetPropertyValue_性能_Reflection in Milliseconds
Min:		29.25 ms
Median:		30.20 ms
Max:		31.15 ms
Avg:		30.20 ms
StdDev:		0.56 ms
SampleCount:	10
Sum:		302.02 ms
First samples:	▄▅▇▆▂▃▃▅▁█
(not enough samples for histogram)

SetPropertyValue_性能_Reflection_GC in Bytes
Min:		897024.00 b
Median:		899072.00 b
Max:		901120.00 b
Avg:		899072.00 b
StdDev:		2048.00 b
SampleCount:	10
Sum:		8990720.00 b
First samples:	█▁▁▁▁▁████
(not enough samples for histogram)


##performancetestresult2:{"Name":"TByd.Core.Utils.Tests.Editor.Performance.ReflectionUtilsPerformanceTests.SetPropertyValue_Performance","ClassName":"TByd.Core.Utils.Tests.Editor.Performance.ReflectionUtilsPerformanceTests","MethodName":"SetPropertyValue_Performance","Version":"1","Categories":["Performance"],"SampleGroups":[{"Name":"SetPropertyValue_性能_Baseline","Unit":2,"IncreaseIsBetter":false,"Samples":[0.194549560546875,0.19073486328125,0.1983642578125,0.194549560546875,0.194549560546875,0.202178955078125,0.194549560546875,0.194549560546875,0.194549560546875,0.19073486328125],"Min":0.19073486328125,"Max":0.202178955078125,"Median":0.194549560546875,"Average":0.1949310302734375,"StandardDeviation":0.0031687255336448956,"Sum":1.949310302734375},{"Name":"SetPropertyValue_性能_Baseline_GC","Unit":4,"IncreaseIsBetter":false,"Samples":[0.0,0.0,0.0,0.0,0.0,0.0,0.0,0.0,0.0,0.0],"Min":0.0,"Max":0.0,"Median":0.0,"Average":0.0,"StandardDeviation":0.0,"Sum":0.0},{"Name":"SetPropertyValue_性能_Reflection","Unit":2,"IncreaseIsBetter":false,"Samples":[30.18951416015625,30.21240234375,30.8685302734375,30.620574951171876,29.621124267578126,29.8309326171875,29.842376708984376,30.429840087890626,29.254913330078126,31.154632568359376],"Min":29.254913330078126,"Max":31.154632568359376,"Median":30.200958251953126,"Average":30.202484130859376,"StandardDeviation":0.5550278338173667,"Sum":302.02484130859377},{"Name":"SetPropertyValue_性能_Reflection_GC","Unit":4,"IncreaseIsBetter":false,"Samples":[901120.0,897024.0,897024.0,897024.0,897024.0,897024.0,901120.0,901120.0,901120.0,901120.0],"Min":897024.0,"Max":901120.0,"Median":899072.0,"Average":899072.0,"StandardDeviation":2048.0,"Sum":8990720.0}]}
]]></output>
                    </test-case>
                  </test-suite>
                  <test-suite type="TestFixture" id="1277" name="StringUtilsPerformanceTests" fullname="TByd.Core.Utils.Tests.Editor.Performance.StringUtilsPerformanceTests" classname="TByd.Core.Utils.Tests.Editor.Performance.StringUtilsPerformanceTests" runstate="Runnable" testcasecount="8" result="Passed" start-time="2025-03-24 03:55:26Z" end-time="2025-03-24 03:55:29Z" duration="3.215100" total="8" passed="8" failed="0" inconclusive="0" skipped="0" asserts="0">
                    <properties>
                      <property name="Category" value="Performance" />
                    </properties>
                    <test-case id="1283" name="ChineseString_Processing_Performance" fullname="TByd.Core.Utils.Tests.Editor.Performance.StringUtilsPerformanceTests.ChineseString_Processing_Performance" methodname="ChineseString_Processing_Performance" classname="TByd.Core.Utils.Tests.Editor.Performance.StringUtilsPerformanceTests" runstate="Runnable" seed="640698577" result="Passed" start-time="2025-03-24 03:55:26Z" end-time="2025-03-24 03:55:26Z" duration="0.343733" asserts="0">
                      <properties>
                        <property name="Category" value="Performance" />
                        <property name="retryIteration" value="0" />
                        <property name="repeatIteration" value="0" />
                      </properties>
                      <output><![CDATA[Truncate(中文字符串) in Milliseconds
Min:		0.06 ms
Median:		0.07 ms
Max:		0.08 ms
Avg:		0.07 ms
StdDev:		0.00 ms
SampleCount:	10
Sum:		0.69 ms
First samples:	▁▅▁▃█▃▃▁▃▃
(not enough samples for histogram)

Truncate(中文字符串)_GC in Bytes
Min:		40960.00 b
Median:		40960.00 b
Max:		45056.00 b
Avg:		42188.80 b
StdDev:		1877.02 b
SampleCount:	10
Sum:		421888.00 b
First samples:	▁█▁▁▁█▁▁▁█
(not enough samples for histogram)

ToSlug(中文字符串) in Milliseconds
Min:		3.68 ms
Median:		3.69 ms
Max:		3.70 ms
Avg:		3.69 ms
StdDev:		0.01 ms
SampleCount:	10
Sum:		36.87 ms
First samples:	▄▂▇▅▇▇█▂▂▁
(not enough samples for histogram)

ToSlug(中文字符串)_GC in Bytes
Min:		36864.00 b
Median:		36864.00 b
Max:		40960.00 b
Avg:		37273.60 b
StdDev:		1228.80 b
SampleCount:	10
Sum:		372736.00 b
First samples:	▁▁▁▁▁█▁▁▁▁
(not enough samples for histogram)


##performancetestresult2:{"Name":"TByd.Core.Utils.Tests.Editor.Performance.StringUtilsPerformanceTests.ChineseString_Processing_Performance","ClassName":"TByd.Core.Utils.Tests.Editor.Performance.StringUtilsPerformanceTests","MethodName":"ChineseString_Processing_Performance","Version":"1","Categories":["Performance","Performance"],"SampleGroups":[{"Name":"Truncate(中文字符串)","Unit":2,"IncreaseIsBetter":false,"Samples":[0.064849853515625,0.072479248046875,0.064849853515625,0.06866455078125,0.080108642578125,0.06866455078125,0.06866455078125,0.064849853515625,0.06866455078125,0.06866455078125],"Min":0.064849853515625,"Max":0.080108642578125,"Median":0.06866455078125,"Average":0.0690460205078125,"StandardDeviation":0.004332663227691859,"Sum":0.690460205078125},{"Name":"Truncate(中文字符串)_GC","Unit":4,"IncreaseIsBetter":false,"Samples":[40960.0,45056.0,40960.0,40960.0,40960.0,45056.0,40960.0,40960.0,40960.0,45056.0],"Min":40960.0,"Max":45056.0,"Median":40960.0,"Average":42188.8,"StandardDeviation":1877.0230046539123,"Sum":421888.0},{"Name":"ToSlug(中文字符串)","Unit":2,"IncreaseIsBetter":false,"Samples":[3.68499755859375,3.681182861328125,3.692626953125,3.688812255859375,3.692626953125,3.692626953125,3.696441650390625,3.681182861328125,3.681182861328125,3.6773681640625],"Min":3.6773681640625,"Max":3.696441650390625,"Median":3.6869049072265627,"Average":3.6869049072265627,"StandardDeviation":0.006209877241554148,"Sum":36.869049072265628},{"Name":"ToSlug(中文字符串)_GC","Unit":4,"IncreaseIsBetter":false,"Samples":[36864.0,36864.0,36864.0,36864.0,36864.0,40960.0,36864.0,36864.0,36864.0,36864.0],"Min":36864.0,"Max":40960.0,"Median":36864.0,"Average":37273.6,"StandardDeviation":1228.8,"Sum":372736.0}]}
]]></output>
                    </test-case>
                    <test-case id="1280" name="GenerateRandom_Performance" fullname="TByd.Core.Utils.Tests.Editor.Performance.StringUtilsPerformanceTests.GenerateRandom_Performance" methodname="GenerateRandom_Performance" classname="TByd.Core.Utils.Tests.Editor.Performance.StringUtilsPerformanceTests" runstate="Runnable" seed="413473581" result="Passed" start-time="2025-03-24 03:55:26Z" end-time="2025-03-24 03:55:27Z" duration="0.777272" asserts="0">
                      <properties>
                        <property name="Category" value="Performance" />
                        <property name="retryIteration" value="0" />
                        <property name="repeatIteration" value="0" />
                      </properties>
                      <output><![CDATA[GenerateRandom(length=8) in Milliseconds
Min:		0.06 ms
Median:		0.06 ms
Max:		0.06 ms
Avg:		0.06 ms
StdDev:		0.00 ms
SampleCount:	10
Sum:		0.61 ms
First samples:	▅▅▁▁▅▅▅▅▅█
(not enough samples for histogram)

GenerateRandom(length=8)_GC in Bytes
Min:		0.00 b
Median:		0.00 b
Max:		0.00 b
Avg:		0.00 b
StdDev:		0.00 b
SampleCount:	10
Sum:		0.00 b
First samples:	▁▁▁▁▁▁▁▁▁▁
(not enough samples for histogram)

GenerateRandom(length=16) in Milliseconds
Min:		0.08 ms
Median:		0.09 ms
Max:		0.09 ms
Avg:		0.09 ms
StdDev:		0.00 ms
SampleCount:	10
Sum:		0.87 ms
First samples:	▁▅▁▁▅▅█▅▅█
(not enough samples for histogram)

GenerateRandom(length=16)_GC in Bytes
Min:		0.00 b
Median:		0.00 b
Max:		0.00 b
Avg:		0.00 b
StdDev:		0.00 b
SampleCount:	10
Sum:		0.00 b
First samples:	▁▁▁▁▁▁▁▁▁▁
(not enough samples for histogram)

GenerateRandom(length=32) in Milliseconds
Min:		0.14 ms
Median:		0.14 ms
Max:		0.14 ms
Avg:		0.14 ms
StdDev:		0.00 ms
SampleCount:	10
Sum:		1.39 ms
First samples:	█▁▁█▁▁█▁█▁
(not enough samples for histogram)

GenerateRandom(length=32)_GC in Bytes
Min:		0.00 b
Median:		0.00 b
Max:		0.00 b
Avg:		0.00 b
StdDev:		0.00 b
SampleCount:	10
Sum:		0.00 b
First samples:	▁▁▁▁▁▁▁▁▁▁
(not enough samples for histogram)

GenerateRandom(length=64) in Milliseconds
Min:		0.24 ms
Median:		0.24 ms
Max:		0.25 ms
Avg:		0.24 ms
StdDev:		0.00 ms
SampleCount:	10
Sum:		2.43 ms
First samples:	▁▁▅█▁▁▅▅▁█
(not enough samples for histogram)

GenerateRandom(length=64)_GC in Bytes
Min:		4096.00 b
Median:		4096.00 b
Max:		4096.00 b
Avg:		4096.00 b
StdDev:		0.00 b
SampleCount:	10
Sum:		40960.00 b
First samples:	▁▁▁▁▁▁▁▁▁▁
(not enough samples for histogram)

GenerateRandom(length=128) in Milliseconds
Min:		0.44 ms
Median:		0.45 ms
Max:		0.48 ms
Avg:		0.45 ms
StdDev:		0.01 ms
SampleCount:	10
Sum:		4.52 ms
First samples:	▃▂▆▃█▁▂▁▂▂
(not enough samples for histogram)

GenerateRandom(length=128)_GC in Bytes
Min:		8192.00 b
Median:		8192.00 b
Max:		8192.00 b
Avg:		8192.00 b
StdDev:		0.00 b
SampleCount:	10
Sum:		81920.00 b
First samples:	▁▁▁▁▁▁▁▁▁▁
(not enough samples for histogram)

GenerateRandom(includeSpecialChars=true) in Milliseconds
Min:		0.13 ms
Median:		0.14 ms
Max:		0.15 ms
Avg:		0.14 ms
StdDev:		0.00 ms
SampleCount:	10
Sum:		1.38 ms
First samples:	█▂▂▂▂▂▂▁▂▂
(not enough samples for histogram)

GenerateRandom(includeSpecialChars=true)_GC in Bytes
Min:		0.00 b
Median:		0.00 b
Max:		0.00 b
Avg:		0.00 b
StdDev:		0.00 b
SampleCount:	10
Sum:		0.00 b
First samples:	▁▁▁▁▁▁▁▁▁▁
(not enough samples for histogram)


##performancetestresult2:{"Name":"TByd.Core.Utils.Tests.Editor.Performance.StringUtilsPerformanceTests.GenerateRandom_Performance","ClassName":"TByd.Core.Utils.Tests.Editor.Performance.StringUtilsPerformanceTests","MethodName":"GenerateRandom_Performance","Version":"1","Categories":["Performance","Performance"],"SampleGroups":[{"Name":"GenerateRandom(length=8)","Unit":2,"IncreaseIsBetter":false,"Samples":[0.06103515625,0.06103515625,0.057220458984375,0.057220458984375,0.06103515625,0.06103515625,0.06103515625,0.06103515625,0.06103515625,0.064849853515625],"Min":0.057220458984375,"Max":0.064849853515625,"Median":0.06103515625,"Average":0.0606536865234375,"StandardDeviation":0.0020542773464715974,"Sum":0.606536865234375},{"Name":"GenerateRandom(length=8)_GC","Unit":4,"IncreaseIsBetter":false,"Samples":[0.0,0.0,0.0,0.0,0.0,0.0,0.0,0.0,0.0,0.0],"Min":0.0,"Max":0.0,"Median":0.0,"Average":0.0,"StandardDeviation":0.0,"Sum":0.0},{"Name":"GenerateRandom(length=16)","Unit":2,"IncreaseIsBetter":false,"Samples":[0.08392333984375,0.087738037109375,0.08392333984375,0.08392333984375,0.087738037109375,0.087738037109375,0.091552734375,0.087738037109375,0.087738037109375,0.091552734375],"Min":0.08392333984375,"Max":0.091552734375,"Median":0.087738037109375,"Average":0.0873565673828125,"StandardDeviation":0.0026702880859375,"Sum":0.873565673828125},{"Name":"GenerateRandom(length=16)_GC","Unit":4,"IncreaseIsBetter":false,"Samples":[0.0,0.0,0.0,0.0,0.0,0.0,0.0,0.0,0.0,0.0],"Min":0.0,"Max":0.0,"Median":0.0,"Average":0.0,"StandardDeviation":0.0,"Sum":0.0},{"Name":"GenerateRandom(length=32)","Unit":2,"IncreaseIsBetter":false,"Samples":[0.141143798828125,0.1373291015625,0.1373291015625,0.141143798828125,0.1373291015625,0.1373291015625,0.141143798828125,0.1373291015625,0.141143798828125,0.1373291015625],"Min":0.1373291015625,"Max":0.141143798828125,"Median":0.1373291015625,"Average":0.13885498046875,"StandardDeviation":0.001868812364794295,"Sum":1.3885498046875},{"Name":"GenerateRandom(length=32)_GC","Unit":4,"IncreaseIsBetter":false,"Samples":[0.0,0.0,0.0,0.0,0.0,0.0,0.0,0.0,0.0,0.0],"Min":0.0,"Max":0.0,"Median":0.0,"Average":0.0,"StandardDeviation":0.0,"Sum":0.0},{"Name":"GenerateRandom(length=64)","Unit":2,"IncreaseIsBetter":false,"Samples":[0.240325927734375,0.240325927734375,0.244140625,0.247955322265625,0.240325927734375,0.240325927734375,0.244140625,0.244140625,0.240325927734375,0.247955322265625],"Min":0.240325927734375,"Max":0.247955322265625,"Median":0.2422332763671875,"Average":0.2429962158203125,"StandardDeviation":0.002979373808252966,"Sum":2.429962158203125},{"Name":"GenerateRandom(length=64)_GC","Unit":4,"IncreaseIsBetter":false,"Samples":[4096.0,4096.0,4096.0,4096.0,4096.0,4096.0,4096.0,4096.0,4096.0,4096.0],"Min":4096.0,"Max":4096.0,"Median":4096.0,"Average":4096.0,"StandardDeviation":0.0,"Sum":40960.0},{"Name":"GenerateRandom(length=128)","Unit":2,"IncreaseIsBetter":false,"Samples":[0.45013427734375,0.446319580078125,0.469207763671875,0.453948974609375,0.476837158203125,0.4425048828125,0.446319580078125,0.4425048828125,0.446319580078125,0.446319580078125],"Min":0.4425048828125,"Max":0.476837158203125,"Median":0.446319580078125,"Average":0.4520416259765625,"StandardDeviation":0.011088899119376094,"Sum":4.520416259765625},{"Name":"GenerateRandom(length=128)_GC","Unit":4,"IncreaseIsBetter":false,"Samples":[8192.0,8192.0,8192.0,8192.0,8192.0,8192.0,8192.0,8192.0,8192.0,8192.0],"Min":8192.0,"Max":8192.0,"Median":8192.0,"Average":8192.0,"StandardDeviation":0.0,"Sum":81920.0},{"Name":"GenerateRandom(includeSpecialChars=true)","Unit":2,"IncreaseIsBetter":false,"Samples":[0.152587890625,0.1373291015625,0.1373291015625,0.1373291015625,0.1373291015625,0.1373291015625,0.1373291015625,0.133514404296875,0.1373291015625,0.1373291015625],"Min":0.133514404296875,"Max":0.152587890625,"Median":0.1373291015625,"Average":0.1384735107421875,"StandardDeviation":0.004840308204822358,"Sum":1.384735107421875},{"Name":"GenerateRandom(includeSpecialChars=true)_GC","Unit":4,"IncreaseIsBetter":false,"Samples":[0.0,0.0,0.0,0.0,0.0,0.0,0.0,0.0,0.0,0.0],"Min":0.0,"Max":0.0,"Median":0.0,"Average":0.0,"StandardDeviation":0.0,"Sum":0.0}]}
]]></output>
                    </test-case>
                    <test-case id="1284" name="IsNullOrEmpty_Performance" fullname="TByd.Core.Utils.Tests.Editor.Performance.StringUtilsPerformanceTests.IsNullOrEmpty_Performance" methodname="IsNullOrEmpty_Performance" classname="TByd.Core.Utils.Tests.Editor.Performance.StringUtilsPerformanceTests" runstate="Runnable" seed="1300441439" result="Passed" start-time="2025-03-24 03:55:27Z" end-time="2025-03-24 03:55:27Z" duration="0.051350" asserts="0">
                      <properties>
                        <property name="Category" value="Performance" />
                        <property name="retryIteration" value="0" />
                        <property name="repeatIteration" value="0" />
                      </properties>
                      <output><![CDATA[
##performancetestresult2:{"Name":"TByd.Core.Utils.Tests.Editor.Performance.StringUtilsPerformanceTests.IsNullOrEmpty_Performance","ClassName":"TByd.Core.Utils.Tests.Editor.Performance.StringUtilsPerformanceTests","MethodName":"IsNullOrEmpty_Performance","Version":"1","Categories":["Performance","Performance"],"SampleGroups":[]}
]]></output>
                    </test-case>
                    <test-case id="1278" name="IsNullOrWhiteSpace_Performance" fullname="TByd.Core.Utils.Tests.Editor.Performance.StringUtilsPerformanceTests.IsNullOrWhiteSpace_Performance" methodname="IsNullOrWhiteSpace_Performance" classname="TByd.Core.Utils.Tests.Editor.Performance.StringUtilsPerformanceTests" runstate="Runnable" seed="254795724" result="Passed" start-time="2025-03-24 03:55:27Z" end-time="2025-03-24 03:55:28Z" duration="0.312210" asserts="0">
                      <properties>
                        <property name="Category" value="Performance" />
                        <property name="retryIteration" value="0" />
                        <property name="repeatIteration" value="0" />
                      </properties>
                      <output><![CDATA[IsNullOrWhiteSpace性能比较_Baseline in Milliseconds
Min:		0.35 ms
Median:		0.36 ms
Max:		0.37 ms
Avg:		0.36 ms
StdDev:		0.01 ms
SampleCount:	10
Sum:		3.60 ms
First samples:	▇█▁▄▂▅▅█▄▁
(not enough samples for histogram)

IsNullOrWhiteSpace性能比较_Baseline_GC in Bytes
Min:		0.00 b
Median:		0.00 b
Max:		0.00 b
Avg:		0.00 b
StdDev:		0.00 b
SampleCount:	10
Sum:		0.00 b
First samples:	▁▁▁▁▁▁▁▁▁▁
(not enough samples for histogram)

IsNullOrWhiteSpace性能比较_Optimized in Milliseconds
Min:		0.57 ms
Median:		0.58 ms
Max:		0.58 ms
Avg:		0.58 ms
StdDev:		0.00 ms
SampleCount:	10
Sum:		5.80 ms
First samples:	█▆███▆▁▆▃▆
(not enough samples for histogram)

IsNullOrWhiteSpace性能比较_Optimized_GC in Bytes
Min:		0.00 b
Median:		0.00 b
Max:		0.00 b
Avg:		0.00 b
StdDev:		0.00 b
SampleCount:	10
Sum:		0.00 b
First samples:	▁▁▁▁▁▁▁▁▁▁
(not enough samples for histogram)


##performancetestresult2:{"Name":"TByd.Core.Utils.Tests.Editor.Performance.StringUtilsPerformanceTests.IsNullOrWhiteSpace_Performance","ClassName":"TByd.Core.Utils.Tests.Editor.Performance.StringUtilsPerformanceTests","MethodName":"IsNullOrWhiteSpace_Performance","Version":"1","Categories":["Performance","Performance"],"SampleGroups":[{"Name":"IsNullOrWhiteSpace性能比较_Baseline","Unit":2,"IncreaseIsBetter":false,"Samples":[0.3662109375,0.370025634765625,0.3509521484375,0.35858154296875,0.354766845703125,0.362396240234375,0.362396240234375,0.370025634765625,0.35858154296875,0.3509521484375],"Min":0.3509521484375,"Max":0.370025634765625,"Median":0.3604888916015625,"Average":0.3604888916015625,"StandardDeviation":0.006662082365636055,"Sum":3.604888916015625},{"Name":"IsNullOrWhiteSpace性能比较_Baseline_GC","Unit":4,"IncreaseIsBetter":false,"Samples":[0.0,0.0,0.0,0.0,0.0,0.0,0.0,0.0,0.0,0.0],"Min":0.0,"Max":0.0,"Median":0.0,"Average":0.0,"StandardDeviation":0.0,"Sum":0.0},{"Name":"IsNullOrWhiteSpace性能比较_Optimized","Unit":2,"IncreaseIsBetter":false,"Samples":[0.583648681640625,0.579833984375,0.583648681640625,0.583648681640625,0.583648681640625,0.579833984375,0.57220458984375,0.579833984375,0.576019287109375,0.579833984375],"Min":0.57220458984375,"Max":0.583648681640625,"Median":0.579833984375,"Average":0.5802154541015625,"StandardDeviation":0.003598778202841417,"Sum":5.802154541015625},{"Name":"IsNullOrWhiteSpace性能比较_Optimized_GC","Unit":4,"IncreaseIsBetter":false,"Samples":[0.0,0.0,0.0,0.0,0.0,0.0,0.0,0.0,0.0,0.0],"Min":0.0,"Max":0.0,"Median":0.0,"Average":0.0,"StandardDeviation":0.0,"Sum":0.0}]}
]]></output>
                    </test-case>
                    <test-case id="1279" name="Split_Performance" fullname="TByd.Core.Utils.Tests.Editor.Performance.StringUtilsPerformanceTests.Split_Performance" methodname="Split_Performance" classname="TByd.Core.Utils.Tests.Editor.Performance.StringUtilsPerformanceTests" runstate="Runnable" seed="351078365" result="Passed" start-time="2025-03-24 03:55:28Z" end-time="2025-03-24 03:55:28Z" duration="0.179111" asserts="0">
                      <properties>
                        <property name="Category" value="Performance" />
                        <property name="retryIteration" value="0" />
                        <property name="repeatIteration" value="0" />
                      </properties>
                      <output><![CDATA[Split性能比较_Baseline in Milliseconds
Min:		0.23 ms
Median:		0.23 ms
Max:		0.24 ms
Avg:		0.23 ms
StdDev:		0.00 ms
SampleCount:	5
Sum:		1.16 ms
First samples:	█▁▆▃▆
(not enough samples for histogram)

Split性能比较_Baseline_GC in Bytes
Min:		8192.00 b
Median:		12288.00 b
Max:		12288.00 b
Avg:		11468.80 b
StdDev:		1638.40 b
SampleCount:	5
Sum:		57344.00 b
First samples:	▁████
(not enough samples for histogram)

Split性能比较_Optimized in Milliseconds
Min:		0.24 ms
Median:		0.24 ms
Max:		0.24 ms
Avg:		0.24 ms
StdDev:		0.00 ms
SampleCount:	5
Sum:		1.20 ms
First samples:	▅▅█▁▁
(not enough samples for histogram)

Split性能比较_Optimized_GC in Bytes
Min:		0.00 b
Median:		0.00 b
Max:		0.00 b
Avg:		0.00 b
StdDev:		0.00 b
SampleCount:	5
Sum:		0.00 b
First samples:	▁▁▁▁▁
(not enough samples for histogram)


##performancetestresult2:{"Name":"TByd.Core.Utils.Tests.Editor.Performance.StringUtilsPerformanceTests.Split_Performance","ClassName":"TByd.Core.Utils.Tests.Editor.Performance.StringUtilsPerformanceTests","MethodName":"Split_Performance","Version":"1","Categories":["Performance","Performance"],"SampleGroups":[{"Name":"Split性能比较_Baseline","Unit":2,"IncreaseIsBetter":false,"Samples":[0.23651123046875,0.225067138671875,0.232696533203125,0.2288818359375,0.232696533203125],"Min":0.225067138671875,"Max":0.23651123046875,"Median":0.232696533203125,"Average":0.231170654296875,"StandardDeviation":0.0038902431591741829,"Sum":1.155853271484375},{"Name":"Split性能比较_Baseline_GC","Unit":4,"IncreaseIsBetter":false,"Samples":[8192.0,12288.0,12288.0,12288.0,12288.0],"Min":8192.0,"Max":12288.0,"Median":12288.0,"Average":11468.8,"StandardDeviation":1638.3999999999999,"Sum":57344.0},{"Name":"Split性能比较_Optimized","Unit":2,"IncreaseIsBetter":false,"Samples":[0.240325927734375,0.240325927734375,0.244140625,0.23651123046875,0.23651123046875],"Min":0.23651123046875,"Max":0.244140625,"Median":0.240325927734375,"Average":0.23956298828125,"StandardDeviation":0.0028546580404464276,"Sum":1.19781494140625},{"Name":"Split性能比较_Optimized_GC","Unit":4,"IncreaseIsBetter":false,"Samples":[0.0,0.0,0.0,0.0,0.0],"Min":0.0,"Max":0.0,"Median":0.0,"Average":0.0,"StandardDeviation":0.0,"Sum":0.0}]}
]]></output>
                    </test-case>
                    <test-case id="1285" name="StringUtils_GCAllocation" fullname="TByd.Core.Utils.Tests.Editor.Performance.StringUtilsPerformanceTests.StringUtils_GCAllocation" methodname="StringUtils_GCAllocation" classname="TByd.Core.Utils.Tests.Editor.Performance.StringUtilsPerformanceTests" runstate="Runnable" seed="1472132358" result="Passed" start-time="2025-03-24 03:55:28Z" end-time="2025-03-24 03:55:28Z" duration="0.051667" asserts="0">
                      <properties>
                        <property name="Category" value="Performance" />
                        <property name="retryIteration" value="0" />
                        <property name="repeatIteration" value="0" />
                      </properties>
                      <output><![CDATA[
##performancetestresult2:{"Name":"TByd.Core.Utils.Tests.Editor.Performance.StringUtilsPerformanceTests.StringUtils_GCAllocation","ClassName":"TByd.Core.Utils.Tests.Editor.Performance.StringUtilsPerformanceTests","MethodName":"StringUtils_GCAllocation","Version":"1","Categories":["Performance","Performance"],"SampleGroups":[]}
]]></output>
                    </test-case>
                    <test-case id="1282" name="ToSlug_Performance" fullname="TByd.Core.Utils.Tests.Editor.Performance.StringUtilsPerformanceTests.ToSlug_Performance" methodname="ToSlug_Performance" classname="TByd.Core.Utils.Tests.Editor.Performance.StringUtilsPerformanceTests" runstate="Runnable" seed="1442966946" result="Passed" start-time="2025-03-24 03:55:28Z" end-time="2025-03-24 03:55:29Z" duration="0.827053" asserts="0">
                      <properties>
                        <property name="Category" value="Performance" />
                        <property name="retryIteration" value="0" />
                        <property name="repeatIteration" value="0" />
                      </properties>
                      <output><![CDATA[ToSlug(长度=27的字符串) in Milliseconds
Min:		0.24 ms
Median:		0.24 ms
Max:		0.25 ms
Avg:		0.24 ms
StdDev:		0.00 ms
SampleCount:	10
Sum:		2.44 ms
First samples:	▅▅▁█▁▅▁▅█▅
(not enough samples for histogram)

ToSlug(长度=27的字符串)_GC in Bytes
Min:		0.00 b
Median:		0.00 b
Max:		0.00 b
Avg:		0.00 b
StdDev:		0.00 b
SampleCount:	10
Sum:		0.00 b
First samples:	▁▁▁▁▁▁▁▁▁▁
(not enough samples for histogram)

ToSlug("你好，世界！这是一个测试") in Milliseconds
Min:		0.25 ms
Median:		0.25 ms
Max:		0.35 ms
Avg:		0.26 ms
StdDev:		0.03 ms
SampleCount:	10
Sum:		2.63 ms
First samples:	▁▁▁▁▁▁▁█▁▁
(not enough samples for histogram)

ToSlug("你好，世界！这是一个测试")_GC in Bytes
Min:		0.00 b
Median:		0.00 b
Max:		0.00 b
Avg:		0.00 b
StdDev:		0.00 b
SampleCount:	10
Sum:		0.00 b
First samples:	▁▁▁▁▁▁▁▁▁▁
(not enough samples for histogram)

ToSlug(长度=32的字符串) in Milliseconds
Min:		0.35 ms
Median:		0.36 ms
Max:		0.40 ms
Avg:		0.37 ms
StdDev:		0.01 ms
SampleCount:	10
Sum:		3.66 ms
First samples:	▂▅█▂▃▂▁▁▁▃
(not enough samples for histogram)

ToSlug(长度=32的字符串)_GC in Bytes
Min:		0.00 b
Median:		0.00 b
Max:		0.00 b
Avg:		0.00 b
StdDev:		0.00 b
SampleCount:	10
Sum:		0.00 b
First samples:	▁▁▁▁▁▁▁▁▁▁
(not enough samples for histogram)

ToSlug(长度=500的字符串) in Milliseconds
Min:		4.46 ms
Median:		4.47 ms
Max:		4.51 ms
Avg:		4.47 ms
StdDev:		0.01 ms
SampleCount:	10
Sum:		44.74 ms
First samples:	▂▃█▂▃▃▄▁▂▂
(not enough samples for histogram)

ToSlug(长度=500的字符串)_GC in Bytes
Min:		131072.00 b
Median:		131072.00 b
Max:		131072.00 b
Avg:		131072.00 b
StdDev:		0.00 b
SampleCount:	10
Sum:		1310720.00 b
First samples:	▁▁▁▁▁▁▁▁▁▁
(not enough samples for histogram)

ToSlug(长度=1000的字符串) in Milliseconds
Min:		8.86 ms
Median:		8.91 ms
Max:		9.19 ms
Avg:		8.94 ms
StdDev:		0.09 ms
SampleCount:	10
Sum:		89.43 ms
First samples:	▂▁▄▁▃▃█▂▂▁
(not enough samples for histogram)

ToSlug(长度=1000的字符串)_GC in Bytes
Min:		200704.00 b
Median:		200704.00 b
Max:		200704.00 b
Avg:		200704.00 b
StdDev:		0.00 b
SampleCount:	10
Sum:		2007040.00 b
First samples:	▁▁▁▁▁▁▁▁▁▁
(not enough samples for histogram)


##performancetestresult2:{"Name":"TByd.Core.Utils.Tests.Editor.Performance.StringUtilsPerformanceTests.ToSlug_Performance","ClassName":"TByd.Core.Utils.Tests.Editor.Performance.StringUtilsPerformanceTests","MethodName":"ToSlug_Performance","Version":"1","Categories":["Performance","Performance"],"SampleGroups":[{"Name":"ToSlug(长度=27的字符串)","Unit":2,"IncreaseIsBetter":false,"Samples":[0.244140625,0.244140625,0.240325927734375,0.247955322265625,0.240325927734375,0.244140625,0.240325927734375,0.244140625,0.247955322265625,0.244140625],"Min":0.240325927734375,"Max":0.247955322265625,"Median":0.244140625,"Average":0.2437591552734375,"StandardDeviation":0.0026702880859375,"Sum":2.437591552734375},{"Name":"ToSlug(长度=27的字符串)_GC","Unit":4,"IncreaseIsBetter":false,"Samples":[0.0,0.0,0.0,0.0,0.0,0.0,0.0,0.0,0.0,0.0],"Min":0.0,"Max":0.0,"Median":0.0,"Average":0.0,"StandardDeviation":0.0,"Sum":0.0},{"Name":"ToSlug(\"你好，世界！这是一个测试\")","Unit":2,"IncreaseIsBetter":false,"Samples":[0.25177001953125,0.25177001953125,0.25177001953125,0.25177001953125,0.25177001953125,0.255584716796875,0.255584716796875,0.347137451171875,0.255584716796875,0.255584716796875],"Min":0.25177001953125,"Max":0.347137451171875,"Median":0.2536773681640625,"Average":0.2628326416015625,"StandardDeviation":0.028159081320130277,"Sum":2.628326416015625},{"Name":"ToSlug(\"你好，世界！这是一个测试\")_GC","Unit":4,"IncreaseIsBetter":false,"Samples":[0.0,0.0,0.0,0.0,0.0,0.0,0.0,0.0,0.0,0.0],"Min":0.0,"Max":0.0,"Median":0.0,"Average":0.0,"StandardDeviation":0.0,"Sum":0.0},{"Name":"ToSlug(长度=32的字符串)","Unit":2,"IncreaseIsBetter":false,"Samples":[0.362396240234375,0.3814697265625,0.400543212890625,0.362396240234375,0.3662109375,0.35858154296875,0.354766845703125,0.354766845703125,0.354766845703125,0.3662109375],"Min":0.354766845703125,"Max":0.400543212890625,"Median":0.362396240234375,"Average":0.3662109375,"StandardDeviation":0.013754086591583212,"Sum":3.662109375},{"Name":"ToSlug(长度=32的字符串)_GC","Unit":4,"IncreaseIsBetter":false,"Samples":[0.0,0.0,0.0,0.0,0.0,0.0,0.0,0.0,0.0,0.0],"Min":0.0,"Max":0.0,"Median":0.0,"Average":0.0,"StandardDeviation":0.0,"Sum":0.0},{"Name":"ToSlug(长度=500的字符串)","Unit":2,"IncreaseIsBetter":false,"Samples":[4.467010498046875,4.474639892578125,4.512786865234375,4.467010498046875,4.4708251953125,4.4708251953125,4.482269287109375,4.459381103515625,4.467010498046875,4.467010498046875],"Min":4.459381103515625,"Max":4.512786865234375,"Median":4.4689178466796879,"Average":4.473876953125,"StandardDeviation":0.014150418846886755,"Sum":44.73876953125},{"Name":"ToSlug(长度=500的字符串)_GC","Unit":4,"IncreaseIsBetter":false,"Samples":[131072.0,131072.0,131072.0,131072.0,131072.0,131072.0,131072.0,131072.0,131072.0,131072.0],"Min":131072.0,"Max":131072.0,"Median":131072.0,"Average":131072.0,"StandardDeviation":0.0,"Sum":1310720.0},{"Name":"ToSlug(长度=1000的字符串)","Unit":2,"IncreaseIsBetter":false,"Samples":[8.922576904296875,8.880615234375,9.021759033203125,8.861541748046875,8.9569091796875,8.937835693359375,9.19342041015625,8.88824462890625,8.88824462890625,8.880615234375],"Min":8.861541748046875,"Max":9.19342041015625,"Median":8.905410766601563,"Average":8.94317626953125,"StandardDeviation":0.09485028239697298,"Sum":89.4317626953125},{"Name":"ToSlug(长度=1000的字符串)_GC","Unit":4,"IncreaseIsBetter":false,"Samples":[200704.0,200704.0,200704.0,200704.0,200704.0,200704.0,200704.0,200704.0,200704.0,200704.0],"Min":200704.0,"Max":200704.0,"Median":200704.0,"Average":200704.0,"StandardDeviation":0.0,"Sum":2007040.0}]}
]]></output>
                    </test-case>
                    <test-case id="1281" name="Truncate_Performance" fullname="TByd.Core.Utils.Tests.Editor.Performance.StringUtilsPerformanceTests.Truncate_Performance" methodname="Truncate_Performance" classname="TByd.Core.Utils.Tests.Editor.Performance.StringUtilsPerformanceTests" runstate="Runnable" seed="812151839" result="Passed" start-time="2025-03-24 03:55:29Z" end-time="2025-03-24 03:55:29Z" duration="0.663171" asserts="0">
                      <properties>
                        <property name="Category" value="Performance" />
                        <property name="retryIteration" value="0" />
                        <property name="repeatIteration" value="0" />
                      </properties>
                      <output><![CDATA[Truncate(maxLength=10) in Milliseconds
Min:		0.07 ms
Median:		0.08 ms
Max:		0.09 ms
Avg:		0.08 ms
StdDev:		0.00 ms
SampleCount:	10
Sum:		0.78 ms
First samples:	▅█▃▃▃▁▃▆▁▃
(not enough samples for histogram)

Truncate(maxLength=10)_GC in Bytes
Min:		0.00 b
Median:		0.00 b
Max:		0.00 b
Avg:		0.00 b
StdDev:		0.00 b
SampleCount:	10
Sum:		0.00 b
First samples:	▁▁▁▁▁▁▁▁▁▁
(not enough samples for histogram)

Truncate(maxLength=50) in Milliseconds
Min:		0.07 ms
Median:		0.07 ms
Max:		0.08 ms
Avg:		0.07 ms
StdDev:		0.00 ms
SampleCount:	10
Sum:		0.72 ms
First samples:	▅▅▅▅▅▅▅█▅▁
(not enough samples for histogram)

Truncate(maxLength=50)_GC in Bytes
Min:		4096.00 b
Median:		8192.00 b
Max:		8192.00 b
Avg:		7782.40 b
StdDev:		1228.80 b
SampleCount:	10
Sum:		77824.00 b
First samples:	▁█████████
(not enough samples for histogram)

Truncate(maxLength=100) in Milliseconds
Min:		0.08 ms
Median:		0.08 ms
Max:		0.08 ms
Avg:		0.08 ms
StdDev:		0.00 ms
SampleCount:	10
Sum:		0.78 ms
First samples:	██▁▁▁██▁▁▁
(not enough samples for histogram)

Truncate(maxLength=100)_GC in Bytes
Min:		36864.00 b
Median:		36864.00 b
Max:		40960.00 b
Avg:		38092.80 b
StdDev:		1877.02 b
SampleCount:	10
Sum:		380928.00 b
First samples:	▁█▁▁▁█▁▁▁█
(not enough samples for histogram)

Truncate(maxLength=500) in Milliseconds
Min:		0.08 ms
Median:		0.09 ms
Max:		0.09 ms
Avg:		0.09 ms
StdDev:		0.00 ms
SampleCount:	10
Sum:		0.87 ms
First samples:	▅██▅▁▅▁▁▁▁
(not enough samples for histogram)

Truncate(maxLength=500)_GC in Bytes
Min:		188416.00 b
Median:		188416.00 b
Max:		192512.00 b
Avg:		189644.80 b
StdDev:		1877.02 b
SampleCount:	10
Sum:		1896448.00 b
First samples:	▁█▁▁▁█▁▁▁█
(not enough samples for histogram)

Truncate(自定义后缀) in Milliseconds
Min:		0.08 ms
Median:		0.08 ms
Max:		0.14 ms
Avg:		0.09 ms
StdDev:		0.02 ms
SampleCount:	10
Sum:		0.86 ms
First samples:	▁▁▁▂▁▁█▁▁▁
(not enough samples for histogram)

Truncate(自定义后缀)_GC in Bytes
Min:		12288.00 b
Median:		12288.00 b
Max:		16384.00 b
Avg:		13516.80 b
StdDev:		1877.02 b
SampleCount:	10
Sum:		135168.00 b
First samples:	▁█▁▁▁█▁▁▁█
(not enough samples for histogram)


##performancetestresult2:{"Name":"TByd.Core.Utils.Tests.Editor.Performance.StringUtilsPerformanceTests.Truncate_Performance","ClassName":"TByd.Core.Utils.Tests.Editor.Performance.StringUtilsPerformanceTests","MethodName":"Truncate_Performance","Version":"1","Categories":["Performance","Performance"],"SampleGroups":[{"Name":"Truncate(maxLength=10)","Unit":2,"IncreaseIsBetter":false,"Samples":[0.080108642578125,0.087738037109375,0.0762939453125,0.0762939453125,0.0762939453125,0.072479248046875,0.0762939453125,0.08392333984375,0.072479248046875,0.0762939453125],"Min":0.072479248046875,"Max":0.087738037109375,"Median":0.0762939453125,"Average":0.07781982421875,"StandardDeviation":0.00457763671875,"Sum":0.7781982421875},{"Name":"Truncate(maxLength=10)_GC","Unit":4,"IncreaseIsBetter":false,"Samples":[0.0,0.0,0.0,0.0,0.0,0.0,0.0,0.0,0.0,0.0],"Min":0.0,"Max":0.0,"Median":0.0,"Average":0.0,"StandardDeviation":0.0,"Sum":0.0},{"Name":"Truncate(maxLength=50)","Unit":2,"IncreaseIsBetter":false,"Samples":[0.072479248046875,0.072479248046875,0.072479248046875,0.072479248046875,0.072479248046875,0.072479248046875,0.072479248046875,0.0762939453125,0.072479248046875,0.06866455078125],"Min":0.06866455078125,"Max":0.0762939453125,"Median":0.072479248046875,"Average":0.072479248046875,"StandardDeviation":0.0017059844799040144,"Sum":0.72479248046875},{"Name":"Truncate(maxLength=50)_GC","Unit":4,"IncreaseIsBetter":false,"Samples":[4096.0,8192.0,8192.0,8192.0,8192.0,8192.0,8192.0,8192.0,8192.0,8192.0],"Min":4096.0,"Max":8192.0,"Median":8192.0,"Average":7782.4,"StandardDeviation":1228.8,"Sum":77824.0},{"Name":"Truncate(maxLength=100)","Unit":2,"IncreaseIsBetter":false,"Samples":[0.080108642578125,0.080108642578125,0.0762939453125,0.0762939453125,0.0762939453125,0.080108642578125,0.080108642578125,0.0762939453125,0.0762939453125,0.0762939453125],"Min":0.0762939453125,"Max":0.080108642578125,"Median":0.0762939453125,"Average":0.07781982421875,"StandardDeviation":0.001868812364794295,"Sum":0.7781982421875},{"Name":"Truncate(maxLength=100)_GC","Unit":4,"IncreaseIsBetter":false,"Samples":[36864.0,40960.0,36864.0,36864.0,36864.0,40960.0,36864.0,36864.0,36864.0,40960.0],"Min":36864.0,"Max":40960.0,"Median":36864.0,"Average":38092.8,"StandardDeviation":1877.0230046539123,"Sum":380928.0},{"Name":"Truncate(maxLength=500)","Unit":2,"IncreaseIsBetter":false,"Samples":[0.087738037109375,0.091552734375,0.091552734375,0.087738037109375,0.08392333984375,0.087738037109375,0.08392333984375,0.08392333984375,0.08392333984375,0.08392333984375],"Min":0.08392333984375,"Max":0.091552734375,"Median":0.0858306884765625,"Average":0.0865936279296875,"StandardDeviation":0.002979373808252966,"Sum":0.865936279296875},{"Name":"Truncate(maxLength=500)_GC","Unit":4,"IncreaseIsBetter":false,"Samples":[188416.0,192512.0,188416.0,188416.0,188416.0,192512.0,188416.0,188416.0,188416.0,192512.0],"Min":188416.0,"Max":192512.0,"Median":188416.0,"Average":189644.8,"StandardDeviation":1877.0230046539123,"Sum":1896448.0},{"Name":"Truncate(自定义后缀)","Unit":2,"IncreaseIsBetter":false,"Samples":[0.0762939453125,0.0762939453125,0.080108642578125,0.08392333984375,0.080108642578125,0.080108642578125,0.14495849609375,0.0762939453125,0.080108642578125,0.080108642578125],"Min":0.0762939453125,"Max":0.14495849609375,"Median":0.080108642578125,"Average":0.0858306884765625,"StandardDeviation":0.01984009342032752,"Sum":0.858306884765625},{"Name":"Truncate(自定义后缀)_GC","Unit":4,"IncreaseIsBetter":false,"Samples":[12288.0,16384.0,12288.0,12288.0,12288.0,16384.0,12288.0,12288.0,12288.0,16384.0],"Min":12288.0,"Max":16384.0,"Median":12288.0,"Average":13516.8,"StandardDeviation":1877.0230046539123,"Sum":135168.0}]}
]]></output>
                    </test-case>
                  </test-suite>
                  <test-suite type="TestFixture" id="1286" name="TimeUtilsPerformanceTests" fullname="TByd.Core.Utils.Tests.Editor.Performance.TimeUtilsPerformanceTests" classname="TByd.Core.Utils.Tests.Editor.Performance.TimeUtilsPerformanceTests" runstate="Runnable" testcasecount="10" result="Passed" start-time="2025-03-24 03:55:29Z" end-time="2025-03-24 03:55:35Z" duration="5.257215" total="10" passed="10" failed="0" inconclusive="0" skipped="0" asserts="0">
                    <properties />
                    <test-case id="1291" name="DateTime_Conversion_Performance" fullname="TByd.Core.Utils.Tests.Editor.Performance.TimeUtilsPerformanceTests.DateTime_Conversion_Performance" methodname="DateTime_Conversion_Performance" classname="TByd.Core.Utils.Tests.Editor.Performance.TimeUtilsPerformanceTests" runstate="Runnable" seed="1069005881" result="Passed" start-time="2025-03-24 03:55:29Z" end-time="2025-03-24 03:55:30Z" duration="0.362520" asserts="0">
                      <properties>
                        <property name="Category" value="Performance" />
                        <property name="retryIteration" value="0" />
                        <property name="repeatIteration" value="0" />
                      </properties>
                      <output><![CDATA[DateTime_Conversion_性能_Baseline in Milliseconds
Min:		2.10 ms
Median:		2.11 ms
Max:		2.12 ms
Avg:		2.11 ms
StdDev:		0.01 ms
SampleCount:	10
Sum:		21.07 ms
First samples:	▅▃▁▁█▂▆▅▁▆
(not enough samples for histogram)

DateTime_Conversion_性能_Baseline_GC in Bytes
Min:		0.00 b
Median:		0.00 b
Max:		0.00 b
Avg:		0.00 b
StdDev:		0.00 b
SampleCount:	10
Sum:		0.00 b
First samples:	▁▁▁▁▁▁▁▁▁▁
(not enough samples for histogram)

DateTime_Conversion_性能_TimeUtils in Milliseconds
Min:		3.73 ms
Median:		3.73 ms
Max:		3.75 ms
Avg:		3.73 ms
StdDev:		0.00 ms
SampleCount:	10
Sum:		37.33 ms
First samples:	▄▁▂▄▂▂▄▂▂█
(not enough samples for histogram)

DateTime_Conversion_性能_TimeUtils_GC in Bytes
Min:		0.00 b
Median:		0.00 b
Max:		0.00 b
Avg:		0.00 b
StdDev:		0.00 b
SampleCount:	10
Sum:		0.00 b
First samples:	▁▁▁▁▁▁▁▁▁▁
(not enough samples for histogram)


##performancetestresult2:{"Name":"TByd.Core.Utils.Tests.Editor.Performance.TimeUtilsPerformanceTests.DateTime_Conversion_Performance","ClassName":"TByd.Core.Utils.Tests.Editor.Performance.TimeUtilsPerformanceTests","MethodName":"DateTime_Conversion_Performance","Version":"1","Categories":["Performance"],"SampleGroups":[{"Name":"DateTime_Conversion_性能_Baseline","Unit":2,"IncreaseIsBetter":false,"Samples":[2.109527587890625,2.105712890625,2.09808349609375,2.09808349609375,2.1209716796875,2.101898193359375,2.11334228515625,2.109527587890625,2.09808349609375,2.11334228515625],"Min":2.09808349609375,"Max":2.1209716796875,"Median":2.1076202392578127,"Average":2.1068572998046877,"StandardDeviation":0.007445992010476354,"Sum":21.068572998046876},{"Name":"DateTime_Conversion_性能_Baseline_GC","Unit":4,"IncreaseIsBetter":false,"Samples":[0.0,0.0,0.0,0.0,0.0,0.0,0.0,0.0,0.0,0.0],"Min":0.0,"Max":0.0,"Median":0.0,"Average":0.0,"StandardDeviation":0.0,"Sum":0.0},{"Name":"DateTime_Conversion_性能_TimeUtils","Unit":2,"IncreaseIsBetter":false,"Samples":[3.734588623046875,3.726959228515625,3.73077392578125,3.734588623046875,3.73077392578125,3.73077392578125,3.734588623046875,3.73077392578125,3.73077392578125,3.74603271484375],"Min":3.726959228515625,"Max":3.74603271484375,"Median":3.73077392578125,"Average":3.733062744140625,"StandardDeviation":0.00488519610399845,"Sum":37.33062744140625},{"Name":"DateTime_Conversion_性能_TimeUtils_GC","Unit":4,"IncreaseIsBetter":false,"Samples":[0.0,0.0,0.0,0.0,0.0,0.0,0.0,0.0,0.0,0.0],"Min":0.0,"Max":0.0,"Median":0.0,"Average":0.0,"StandardDeviation":0.0,"Sum":0.0}]}
]]></output>
                    </test-case>
                    <test-case id="1289" name="FormatCompactTimeSpan_Performance" fullname="TByd.Core.Utils.Tests.Editor.Performance.TimeUtilsPerformanceTests.FormatCompactTimeSpan_Performance" methodname="FormatCompactTimeSpan_Performance" classname="TByd.Core.Utils.Tests.Editor.Performance.TimeUtilsPerformanceTests" runstate="Runnable" seed="1931615842" result="Passed" start-time="2025-03-24 03:55:30Z" end-time="2025-03-24 03:55:30Z" duration="0.729803" asserts="0">
                      <properties>
                        <property name="Category" value="Performance" />
                        <property name="retryIteration" value="0" />
                        <property name="repeatIteration" value="0" />
                      </properties>
                      <output><![CDATA[FormatCompactTimeSpan_性能_Baseline in Milliseconds
Min:		16.13 ms
Median:		16.38 ms
Max:		16.83 ms
Avg:		16.39 ms
StdDev:		0.19 ms
SampleCount:	10
Sum:		163.88 ms
First samples:	▄▅▁█▅▄▂▁▃▃
(not enough samples for histogram)

FormatCompactTimeSpan_性能_Baseline_GC in Bytes
Min:		274432.00 b
Median:		278528.00 b
Max:		278528.00 b
Avg:		278118.40 b
StdDev:		1228.80 b
SampleCount:	10
Sum:		2781184.00 b
First samples:	▁█████████
(not enough samples for histogram)

FormatCompactTimeSpan_性能_TimeUtils in Milliseconds
Min:		16.63 ms
Median:		16.93 ms
Max:		17.04 ms
Avg:		16.86 ms
StdDev:		0.14 ms
SampleCount:	10
Sum:		168.64 ms
First samples:	▇▅▃▂█▇█▂▁▇
(not enough samples for histogram)

FormatCompactTimeSpan_性能_TimeUtils_GC in Bytes
Min:		274432.00 b
Median:		274432.00 b
Max:		278528.00 b
Avg:		275251.20 b
StdDev:		1638.40 b
SampleCount:	10
Sum:		2752512.00 b
First samples:	██▁▁▁▁▁▁▁▁
(not enough samples for histogram)


##performancetestresult2:{"Name":"TByd.Core.Utils.Tests.Editor.Performance.TimeUtilsPerformanceTests.FormatCompactTimeSpan_Performance","ClassName":"TByd.Core.Utils.Tests.Editor.Performance.TimeUtilsPerformanceTests","MethodName":"FormatCompactTimeSpan_Performance","Version":"1","Categories":["Performance"],"SampleGroups":[{"Name":"FormatCompactTimeSpan_性能_Baseline","Unit":2,"IncreaseIsBetter":false,"Samples":[16.391754150390626,16.50238037109375,16.155242919921876,16.834259033203126,16.50238037109375,16.460418701171876,16.246795654296876,16.132354736328126,16.361236572265626,16.29638671875],"Min":16.132354736328126,"Max":16.834259033203126,"Median":16.376495361328126,"Average":16.388320922851564,"StandardDeviation":0.1947174096180348,"Sum":163.88320922851563},{"Name":"FormatCompactTimeSpan_性能_Baseline_GC","Unit":4,"IncreaseIsBetter":false,"Samples":[274432.0,278528.0,278528.0,278528.0,278528.0,278528.0,278528.0,278528.0,278528.0,278528.0],"Min":274432.0,"Max":278528.0,"Median":278528.0,"Average":278118.4,"StandardDeviation":1228.8000000000002,"Sum":2781184.0},{"Name":"FormatCompactTimeSpan_性能_TimeUtils","Unit":2,"IncreaseIsBetter":false,"Samples":[16.971588134765626,16.8914794921875,16.765594482421876,16.68548583984375,17.02117919921875,16.96014404296875,17.0440673828125,16.71600341796875,16.628265380859376,16.96014404296875],"Min":16.628265380859376,"Max":17.0440673828125,"Median":16.925811767578126,"Average":16.864395141601564,"StandardDeviation":0.14386467082002409,"Sum":168.64395141601563},{"Name":"FormatCompactTimeSpan_性能_TimeUtils_GC","Unit":4,"IncreaseIsBetter":false,"Samples":[278528.0,278528.0,274432.0,274432.0,274432.0,274432.0,274432.0,274432.0,274432.0,274432.0],"Min":274432.0,"Max":278528.0,"Median":274432.0,"Average":275251.2,"StandardDeviation":1638.4,"Sum":2752512.0}]}
]]></output>
                    </test-case>
                    <test-case id="1288" name="FormatTimeSpan_CustomFormat_Performance" fullname="TByd.Core.Utils.Tests.Editor.Performance.TimeUtilsPerformanceTests.FormatTimeSpan_CustomFormat_Performance" methodname="FormatTimeSpan_CustomFormat_Performance" classname="TByd.Core.Utils.Tests.Editor.Performance.TimeUtilsPerformanceTests" runstate="Runnable" seed="619073564" result="Passed" start-time="2025-03-24 03:55:30Z" end-time="2025-03-24 03:55:31Z" duration="0.583185" asserts="0">
                      <properties>
                        <property name="Category" value="Performance" />
                        <property name="retryIteration" value="0" />
                        <property name="repeatIteration" value="0" />
                      </properties>
                      <output><![CDATA[FormatTimeSpan_CustomFormat_性能_Baseline in Milliseconds
Min:		9.05 ms
Median:		9.08 ms
Max:		9.69 ms
Avg:		9.17 ms
StdDev:		0.20 ms
SampleCount:	10
Sum:		91.75 ms
First samples:	▂▁▁▅█▂▁▁▁▁
(not enough samples for histogram)

FormatTimeSpan_CustomFormat_性能_Baseline_GC in Bytes
Min:		0.00 b
Median:		0.00 b
Max:		0.00 b
Avg:		0.00 b
StdDev:		0.00 b
SampleCount:	10
Sum:		0.00 b
First samples:	▁▁▁▁▁▁▁▁▁▁
(not enough samples for histogram)

FormatTimeSpan_CustomFormat_性能_TimeUtils in Milliseconds
Min:		12.27 ms
Median:		12.53 ms
Max:		13.52 ms
Avg:		12.66 ms
StdDev:		0.38 ms
SampleCount:	10
Sum:		126.62 ms
First samples:	▁▄▆▂▁█▂▂▁▃
(not enough samples for histogram)

FormatTimeSpan_CustomFormat_性能_TimeUtils_GC in Bytes
Min:		274432.00 b
Median:		274432.00 b
Max:		274432.00 b
Avg:		274432.00 b
StdDev:		0.00 b
SampleCount:	10
Sum:		2744320.00 b
First samples:	▁▁▁▁▁▁▁▁▁▁
(not enough samples for histogram)


##performancetestresult2:{"Name":"TByd.Core.Utils.Tests.Editor.Performance.TimeUtilsPerformanceTests.FormatTimeSpan_CustomFormat_Performance","ClassName":"TByd.Core.Utils.Tests.Editor.Performance.TimeUtilsPerformanceTests","MethodName":"FormatTimeSpan_CustomFormat_Performance","Version":"1","Categories":["Performance"],"SampleGroups":[{"Name":"FormatTimeSpan_CustomFormat_性能_Baseline","Unit":2,"IncreaseIsBetter":false,"Samples":[9.1094970703125,9.090423583984375,9.05609130859375,9.441375732421875,9.685516357421875,9.14764404296875,9.059906005859375,9.0484619140625,9.059906005859375,9.0484619140625],"Min":9.0484619140625,"Max":9.685516357421875,"Median":9.075164794921875,"Average":9.174728393554688,"StandardDeviation":0.20406633796357777,"Sum":91.74728393554688},{"Name":"FormatTimeSpan_CustomFormat_性能_Baseline_GC","Unit":4,"IncreaseIsBetter":false,"Samples":[0.0,0.0,0.0,0.0,0.0,0.0,0.0,0.0,0.0,0.0],"Min":0.0,"Max":0.0,"Median":0.0,"Average":0.0,"StandardDeviation":0.0,"Sum":0.0},{"Name":"FormatTimeSpan_CustomFormat_性能_TimeUtils","Unit":2,"IncreaseIsBetter":false,"Samples":[12.271881103515625,12.775421142578125,13.153076171875,12.5274658203125,12.332916259765625,13.523101806640625,12.516021728515625,12.523651123046875,12.3138427734375,12.683868408203125],"Min":12.271881103515625,"Max":13.523101806640625,"Median":12.525558471679688,"Average":12.662124633789063,"StandardDeviation":0.3789784142139067,"Sum":126.62124633789063},{"Name":"FormatTimeSpan_CustomFormat_性能_TimeUtils_GC","Unit":4,"IncreaseIsBetter":false,"Samples":[274432.0,274432.0,274432.0,274432.0,274432.0,274432.0,274432.0,274432.0,274432.0,274432.0],"Min":274432.0,"Max":274432.0,"Median":274432.0,"Average":274432.0,"StandardDeviation":0.0,"Sum":2744320.0}]}
]]></output>
                    </test-case>
                    <test-case id="1287" name="FormatTimeSpan_Performance" fullname="TByd.Core.Utils.Tests.Editor.Performance.TimeUtilsPerformanceTests.FormatTimeSpan_Performance" methodname="FormatTimeSpan_Performance" classname="TByd.Core.Utils.Tests.Editor.Performance.TimeUtilsPerformanceTests" runstate="Runnable" seed="1977980888" result="Passed" start-time="2025-03-24 03:55:31Z" end-time="2025-03-24 03:55:32Z" duration="0.737204" asserts="0">
                      <properties>
                        <property name="Category" value="Performance" />
                        <property name="retryIteration" value="0" />
                        <property name="repeatIteration" value="0" />
                      </properties>
                      <output><![CDATA[Time.GC() in Undefineds
Min:		40002.00 
Median:		40003.00 
Max:		40010.00 
Avg:		40003.20 
StdDev:		1.92 
SampleCount:	25
Sum:		1000080.00 
First samples:	▇▁▁▁▁▁▁▁▁▂▂▂▂▂▂▂▂▂▂█▂▂▂▂▂
Histogram:	█▂▂▁▁▂▁▁▂▂

Time in Milliseconds
Min:		15.06 ms
Median:		15.21 ms
Max:		15.67 ms
Avg:		15.25 ms
StdDev:		0.16 ms
SampleCount:	20
Sum:		305.03 ms
First samples:	▁▂▃▃▁▃▂▅▄▂▄▃▁▇▆▄▂█▂▂
Histogram:	█▂▂▁▂▂▁▁▂▂


##performancetestresult2:{"Name":"TByd.Core.Utils.Tests.Editor.Performance.TimeUtilsPerformanceTests.FormatTimeSpan_Performance","ClassName":"TByd.Core.Utils.Tests.Editor.Performance.TimeUtilsPerformanceTests","MethodName":"FormatTimeSpan_Performance","Version":"1","Categories":["Performance"],"SampleGroups":[{"Name":"Time.GC()","Unit":8,"IncreaseIsBetter":false,"Samples":[40009.0,40002.0,40002.0,40002.0,40002.0,40002.0,40002.0,40002.0,40002.0,40003.0,40003.0,40003.0,40003.0,40003.0,40003.0,40003.0,40003.0,40003.0,40003.0,40010.0,40003.0,40003.0,40003.0,40003.0,40003.0],"Min":40002.0,"Max":40010.0,"Median":40003.0,"Average":40003.2,"StandardDeviation":1.9183326093250877,"Sum":1000080.0},{"Name":"Time","Unit":2,"IncreaseIsBetter":false,"Samples":[15.05879999999999,15.135599999999983,15.275200000000013,15.191900000000004,15.086400000000026,15.22829999999999,15.127099999999985,15.37869999999998,15.301500000000033,15.182999999999993,15.322600000000023,15.262200000000007,15.084000000000004,15.587599999999953,15.451599999999985,15.294399999999996,15.118600000000015,15.666999999999917,15.148800000000052,15.123499999999922],"Min":15.05879999999999,"Max":15.666999999999917,"Median":15.210099999999997,"Average":15.251339999999994,"StandardDeviation":0.16226932365667619,"Sum":305.02679999999989}]}
]]></output>
                    </test-case>
                    <test-case id="1295" name="GetDayOfWeek_Performance" fullname="TByd.Core.Utils.Tests.Editor.Performance.TimeUtilsPerformanceTests.GetDayOfWeek_Performance" methodname="GetDayOfWeek_Performance" classname="TByd.Core.Utils.Tests.Editor.Performance.TimeUtilsPerformanceTests" runstate="Runnable" seed="81000782" result="Passed" start-time="2025-03-24 03:55:32Z" end-time="2025-03-24 03:55:32Z" duration="0.371773" asserts="0">
                      <properties>
                        <property name="Category" value="Performance" />
                        <property name="retryIteration" value="0" />
                        <property name="repeatIteration" value="0" />
                      </properties>
                      <output><![CDATA[Time.GC() in Undefineds
Min:		3.00 
Median:		3.00 
Max:		10.00 
Avg:		3.28 
StdDev:		1.37 
SampleCount:	25
Sum:		82.00 
First samples:	▁▁▁▁▁▁▁▁▁▁▁▁▁▁▁▁▁▁▁▁▁▁█▁▁
Histogram:	█▂▂▁▁▂▁▁▂▂

Time in Milliseconds
Min:		0.31 ms
Median:		0.31 ms
Max:		0.32 ms
Avg:		0.31 ms
StdDev:		0.00 ms
SampleCount:	20
Sum:		6.23 ms
First samples:	▃▅▃▃▄▂▅▆▆▁▃▃▆▃▃▇█▅▆▃
Histogram:	█▂▂▁▁▂▁▁▂▂


##performancetestresult2:{"Name":"TByd.Core.Utils.Tests.Editor.Performance.TimeUtilsPerformanceTests.GetDayOfWeek_Performance","ClassName":"TByd.Core.Utils.Tests.Editor.Performance.TimeUtilsPerformanceTests","MethodName":"GetDayOfWeek_Performance","Version":"1","Categories":["Performance"],"SampleGroups":[{"Name":"Time.GC()","Unit":8,"IncreaseIsBetter":false,"Samples":[3.0,3.0,3.0,3.0,3.0,3.0,3.0,3.0,3.0,3.0,3.0,3.0,3.0,3.0,3.0,3.0,3.0,3.0,3.0,3.0,3.0,3.0,10.0,3.0,3.0],"Min":3.0,"Max":10.0,"Median":3.0,"Average":3.28,"StandardDeviation":1.3717142559585798,"Sum":82.0},{"Name":"Time","Unit":2,"IncreaseIsBetter":false,"Samples":[0.30859999999999845,0.313200000000009,0.30870000000000177,0.30930000000000748,0.3106999999999971,0.3083000000000027,0.3123999999999967,0.31399999999999297,0.3141999999999996,0.30580000000000498,0.30920000000000416,0.3096000000000174,0.31389999999998965,0.30939999999998238,0.30929999999997906,0.3158999999999992,0.31799999999998365,0.3131999999999948,0.31440000000003467,0.3091000000000008],"Min":0.30580000000000498,"Max":0.31799999999998365,"Median":0.31015000000000728,"Average":0.3113599999999998,"StandardDeviation":0.0030322269044373518,"Sum":6.227199999999996}]}
]]></output>
                    </test-case>
                    <test-case id="1294" name="GetDaysBetween_Performance" fullname="TByd.Core.Utils.Tests.Editor.Performance.TimeUtilsPerformanceTests.GetDaysBetween_Performance" methodname="GetDaysBetween_Performance" classname="TByd.Core.Utils.Tests.Editor.Performance.TimeUtilsPerformanceTests" runstate="Runnable" seed="1016102966" result="Passed" start-time="2025-03-24 03:55:32Z" end-time="2025-03-24 03:55:32Z" duration="0.362440" asserts="0">
                      <properties>
                        <property name="Category" value="Performance" />
                        <property name="retryIteration" value="0" />
                        <property name="repeatIteration" value="0" />
                      </properties>
                      <output><![CDATA[Time.GC() in Undefineds
Min:		2.00 
Median:		3.00 
Max:		3.00 
Avg:		2.76 
StdDev:		0.43 
SampleCount:	25
Sum:		69.00 
First samples:	███████████████████▁▁▁▁▁▁
Histogram:	█▂▂▁▁▂▁▁▂▂

Time in Milliseconds
Min:		0.76 ms
Median:		0.77 ms
Max:		0.82 ms
Avg:		0.77 ms
StdDev:		0.01 ms
SampleCount:	20
Sum:		15.48 ms
First samples:	▄▂▃▃▂▂▃▃▃▂█▂▃▃▁▃▁▄▄▄
Histogram:	█▃▂▁▁▂▁▁▂▂


##performancetestresult2:{"Name":"TByd.Core.Utils.Tests.Editor.Performance.TimeUtilsPerformanceTests.GetDaysBetween_Performance","ClassName":"TByd.Core.Utils.Tests.Editor.Performance.TimeUtilsPerformanceTests","MethodName":"GetDaysBetween_Performance","Version":"1","Categories":["Performance"],"SampleGroups":[{"Name":"Time.GC()","Unit":8,"IncreaseIsBetter":false,"Samples":[3.0,3.0,3.0,3.0,3.0,3.0,3.0,3.0,3.0,3.0,3.0,3.0,3.0,3.0,3.0,3.0,3.0,3.0,3.0,2.0,2.0,2.0,2.0,2.0,2.0],"Min":2.0,"Max":3.0,"Median":3.0,"Average":2.76,"StandardDeviation":0.4270831300812524,"Sum":69.0},{"Name":"Time","Unit":2,"IncreaseIsBetter":false,"Samples":[0.7836999999999961,0.7681999999999931,0.7760999999999996,0.7712999999999965,0.7604999999999933,0.7656000000000063,0.7750000000000057,0.7744000000000142,0.7751999999999839,0.7669999999999959,0.819800000000015,0.7674999999999841,0.7690999999999804,0.7709000000000117,0.7551000000000272,0.7719000000000165,0.7579000000000065,0.7826999999999771,0.7857999999999947,0.7817000000000007],"Min":0.7551000000000272,"Max":0.819800000000015,"Median":0.7716000000000065,"Average":0.7739699999999999,"StandardDeviation":0.013252135676939052,"Sum":15.479399999999999}]}
]]></output>
                    </test-case>
                    <test-case id="1290" name="GetUtcNow_Performance" fullname="TByd.Core.Utils.Tests.Editor.Performance.TimeUtilsPerformanceTests.GetUtcNow_Performance" methodname="GetUtcNow_Performance" classname="TByd.Core.Utils.Tests.Editor.Performance.TimeUtilsPerformanceTests" runstate="Runnable" seed="1037714777" result="Passed" start-time="2025-03-24 03:55:32Z" end-time="2025-03-24 03:55:33Z" duration="0.350036" asserts="0">
                      <properties>
                        <property name="Category" value="Performance" />
                        <property name="retryIteration" value="0" />
                        <property name="repeatIteration" value="0" />
                      </properties>
                      <output><![CDATA[Time.GC() in Undefineds
Min:		2.00 
Median:		3.00 
Max:		10.00 
Avg:		3.20 
StdDev:		1.41 
SampleCount:	25
Sum:		80.00 
First samples:	▁▁▂▂█▂▂▂▂▂▂▂▂▂▂▂▂▂▂▂▂▂▂▂▂
Histogram:	█▃▂▁▁▂▁▁▂▂

Time in Milliseconds
Min:		0.25 ms
Median:		0.25 ms
Max:		0.25 ms
Avg:		0.25 ms
StdDev:		0.00 ms
SampleCount:	20
Sum:		4.98 ms
First samples:	█▁▂▁▂▁▂▆▁▄▃▁▁▃▁▂▃▅▂▄
Histogram:	█▃▂▁▁▂▁▁▂▂


##performancetestresult2:{"Name":"TByd.Core.Utils.Tests.Editor.Performance.TimeUtilsPerformanceTests.GetUtcNow_Performance","ClassName":"TByd.Core.Utils.Tests.Editor.Performance.TimeUtilsPerformanceTests","MethodName":"GetUtcNow_Performance","Version":"1","Categories":["Performance"],"SampleGroups":[{"Name":"Time.GC()","Unit":8,"IncreaseIsBetter":false,"Samples":[2.0,2.0,3.0,3.0,10.0,3.0,3.0,3.0,3.0,3.0,3.0,3.0,3.0,3.0,3.0,3.0,3.0,3.0,3.0,3.0,3.0,3.0,3.0,3.0,3.0],"Min":2.0,"Max":10.0,"Median":3.0,"Average":3.2,"StandardDeviation":1.4142135623730948,"Sum":80.0},{"Name":"Time","Unit":2,"IncreaseIsBetter":false,"Samples":[0.25499999999999548,0.24750000000000228,0.24779999999999803,0.24759999999999139,0.24779999999999803,0.24750000000000228,0.24790000000001556,0.2522999999999911,0.247099999999989,0.25020000000000666,0.24989999999999669,0.24729999999999564,0.24739999999999896,0.24960000000001515,0.24750000000000228,0.24780000000001224,0.248800000000017,0.251700000000028,0.24769999999995208,0.2506000000000199],"Min":0.247099999999989,"Max":0.25499999999999548,"Median":0.24780000000000514,"Average":0.2489500000000014,"StandardDeviation":0.002053411795040877,"Sum":4.979000000000028}]}
]]></output>
                    </test-case>
                    <test-case id="1292" name="TimeConversion_Performance" fullname="TByd.Core.Utils.Tests.Editor.Performance.TimeUtilsPerformanceTests.TimeConversion_Performance" methodname="TimeConversion_Performance" classname="TByd.Core.Utils.Tests.Editor.Performance.TimeUtilsPerformanceTests" runstate="Runnable" seed="1509705576" result="Passed" start-time="2025-03-24 03:55:33Z" end-time="2025-03-24 03:55:33Z" duration="0.562406" asserts="0">
                      <properties>
                        <property name="Category" value="Performance" />
                        <property name="retryIteration" value="0" />
                        <property name="repeatIteration" value="0" />
                      </properties>
                      <output><![CDATA[Time.GC() in Undefineds
Min:		3.00 
Median:		3.00 
Max:		10.00 
Avg:		3.28 
StdDev:		1.37 
SampleCount:	25
Sum:		82.00 
First samples:	▁▁▁▁▁▁▁▁▁▁█▁▁▁▁▁▁▁▁▁▁▁▁▁▁
Histogram:	█▃▂▁▁▂▁▁▂▂

Time in Milliseconds
Min:		8.33 ms
Median:		8.48 ms
Max:		8.65 ms
Avg:		8.48 ms
StdDev:		0.07 ms
SampleCount:	20
Sum:		169.55 ms
First samples:	▁▄▆▄▄▅▄▅▆▄▄▆▃▄▃▄▄▁█▃
Histogram:	█▃▂▁▁▂▁▁▂▂


##performancetestresult2:{"Name":"TByd.Core.Utils.Tests.Editor.Performance.TimeUtilsPerformanceTests.TimeConversion_Performance","ClassName":"TByd.Core.Utils.Tests.Editor.Performance.TimeUtilsPerformanceTests","MethodName":"TimeConversion_Performance","Version":"1","Categories":["Performance"],"SampleGroups":[{"Name":"Time.GC()","Unit":8,"IncreaseIsBetter":false,"Samples":[3.0,3.0,3.0,3.0,3.0,3.0,3.0,3.0,3.0,3.0,10.0,3.0,3.0,3.0,3.0,3.0,3.0,3.0,3.0,3.0,3.0,3.0,3.0,3.0,3.0],"Min":3.0,"Max":10.0,"Median":3.0,"Average":3.28,"StandardDeviation":1.3717142559585803,"Sum":82.0},{"Name":"Time","Unit":2,"IncreaseIsBetter":false,"Samples":[8.346999999999995,8.484199999999987,8.5471,8.46980000000002,8.47890000000001,8.50369999999998,8.481099999999998,8.4957,8.536699999999997,8.472700000000032,8.477800000000002,8.543300000000045,8.44319999999999,8.469899999999996,8.436200000000042,8.483299999999986,8.477800000000002,8.332600000000014,8.648799999999995,8.41620000000006],"Min":8.332600000000014,"Max":8.648799999999995,"Median":8.478350000000006,"Average":8.477300000000009,"StandardDeviation":0.06630944879879075,"Sum":169.54600000000017}]}
]]></output>
                    </test-case>
                    <test-case id="1296" name="TimeUtils_GCAllocation" fullname="TByd.Core.Utils.Tests.Editor.Performance.TimeUtilsPerformanceTests.TimeUtils_GCAllocation" methodname="TimeUtils_GCAllocation" classname="TByd.Core.Utils.Tests.Editor.Performance.TimeUtilsPerformanceTests" runstate="Runnable" seed="892716577" result="Passed" start-time="2025-03-24 03:55:33Z" end-time="2025-03-24 03:55:34Z" duration="0.221431" asserts="0">
                      <properties>
                        <property name="Category" value="Performance" />
                        <property name="retryIteration" value="0" />
                        <property name="repeatIteration" value="0" />
                      </properties>
                      <output><![CDATA[
##performancetestresult2:{"Name":"TByd.Core.Utils.Tests.Editor.Performance.TimeUtilsPerformanceTests.TimeUtils_GCAllocation","ClassName":"TByd.Core.Utils.Tests.Editor.Performance.TimeUtilsPerformanceTests","MethodName":"TimeUtils_GCAllocation","Version":"1","Categories":["Performance"],"SampleGroups":[]}
]]></output>
                    </test-case>
                    <test-case id="1293" name="TimeZoneConversion_Performance" fullname="TByd.Core.Utils.Tests.Editor.Performance.TimeUtilsPerformanceTests.TimeZoneConversion_Performance" methodname="TimeZoneConversion_Performance" classname="TByd.Core.Utils.Tests.Editor.Performance.TimeUtilsPerformanceTests" runstate="Runnable" seed="943042405" result="Passed" start-time="2025-03-24 03:55:34Z" end-time="2025-03-24 03:55:35Z" duration="0.966172" asserts="0">
                      <properties>
                        <property name="Category" value="Performance" />
                        <property name="retryIteration" value="0" />
                        <property name="repeatIteration" value="0" />
                      </properties>
                      <output><![CDATA[Time.GC() in Undefineds
Min:		10003.00 
Median:		10003.00 
Max:		10010.00 
Avg:		10003.36 
StdDev:		1.38 
SampleCount:	25
Sum:		250084.00 
First samples:	▂▁▁▁▂▁▁▁▁▁▁▁█▁▁▁▁▁▁▁▁▁▁▁▁
Histogram:	█▃▂▁▁▂▁▁▂▂

Time in Milliseconds
Min:		23.91 ms
Median:		24.23 ms
Max:		24.76 ms
Avg:		24.26 ms
StdDev:		0.23 ms
SampleCount:	20
Sum:		485.14 ms
First samples:	▂▂▄▄▃▃▇▃▂▁▃▄▄█▂▆▄▆▇▂
Histogram:	█▃▂▁▁▂▁▁▂▂


##performancetestresult2:{"Name":"TByd.Core.Utils.Tests.Editor.Performance.TimeUtilsPerformanceTests.TimeZoneConversion_Performance","ClassName":"TByd.Core.Utils.Tests.Editor.Performance.TimeUtilsPerformanceTests","MethodName":"TimeZoneConversion_Performance","Version":"1","Categories":["Performance"],"SampleGroups":[{"Name":"Time.GC()","Unit":8,"IncreaseIsBetter":false,"Samples":[10004.0,10003.0,10003.0,10003.0,10004.0,10003.0,10003.0,10003.0,10003.0,10003.0,10003.0,10003.0,10010.0,10003.0,10003.0,10003.0,10003.0,10003.0,10003.0,10003.0,10003.0,10003.0,10003.0,10003.0,10003.0],"Min":10003.0,"Max":10010.0,"Median":10003.0,"Average":10003.36,"StandardDeviation":1.382172203453679,"Sum":250084.0},{"Name":"Time","Unit":2,"IncreaseIsBetter":false,"Samples":[24.020200000000018,24.031200000000014,24.32370000000003,24.272500000000038,24.18119999999999,24.20229999999998,24.585499999999969,24.160000000000026,24.024699999999997,23.912300000000074,24.167500000000019,24.28920000000005,24.264800000000038,24.764099999999986,23.979000000000043,24.489599999999997,24.27909999999997,24.46270000000004,24.680099999999926,24.051599999999895],"Min":23.912300000000074,"Max":24.764099999999986,"Median":24.233550000000009,"Average":24.257065000000006,"StandardDeviation":0.2315424437872975,"Sum":485.1413000000001}]}
Saving results to: C:/Users/admin/AppData/LocalLow/tbyd/core_utils\TestResults.xml
]]></output>
                    </test-case>
                  </test-suite>
                </test-suite>
              </test-suite>
            </test-suite>
          </test-suite>
        </test-suite>
      </test-suite>
    </test-suite>
  </test-suite>
</test-run>